#
# A fatal error has been detected by the Java Runtime Environment:
#
#  EXCEPTION_ACCESS_VIOLATION (0xc0000005) at pc=0x00007ffe5eedca86, pid=7524, tid=7760
#
# JRE version: OpenJDK Runtime Environment (17.0.6) (build 17.0.6+0-b2043.56-9586694)
# Java VM: OpenJDK 64-Bit Server VM (17.0.6+0-b2043.56-9586694, mixed mode, tiered, compressed oops, compressed class ptrs, g1 gc, windows-amd64)
# Problematic frame:
# V  [jvm.dll+0xca86]
#
# No core dump will be written. Minidumps are not enabled by default on client versions of Windows
#
# If you would like to submit a bug report, please visit:
#   https://bugreport.java.com/bugreport/crash.jsp
#

---------------  S U M M A R Y ------------

Command Line: --add-opens=java.base/java.util=ALL-UNNAMED --add-opens=java.base/java.lang=ALL-UNNAMED --add-opens=java.base/java.lang.invoke=ALL-UNNAMED --add-opens=java.prefs/java.util.prefs=ALL-UNNAMED --add-opens=java.base/java.nio.charset=ALL-UNNAMED --add-opens=java.base/java.net=ALL-UNNAMED --add-opens=java.base/java.util.concurrent.atomic=ALL-UNNAMED -Xmx2048m -Dfile.encoding=UTF-8 -Duser.country=ID -Duser.language=en -Duser.variant org.gradle.launcher.daemon.bootstrap.GradleDaemon 8.0

Host: AMD A4-9125 RADEON R3, 4 COMPUTE CORES 2C+2G   , 2 cores, 11G,  Windows 10 , 64 bit Build 19041 (10.0.19041.3393)
Time: Mon Oct 30 13:58:12 2023 SE Asia Standard Time elapsed time: 105.308791 seconds (0d 0h 1m 45s)

---------------  T H R E A D  ---------------

Current thread (0x00000193029b8660):  ConcurrentGCThread "G1 Conc#0" [stack: 0x00000013c7d00000,0x00000013c7e00000] [id=7760]

Stack: [0x00000013c7d00000,0x00000013c7e00000],  sp=0x00000013c7dff938,  free space=1022k
Native frames: (J=compiled Java code, j=interpreted, Vv=VM code, C=native code)
V  [jvm.dll+0xca86]


siginfo: EXCEPTION_ACCESS_VIOLATION (0xc0000005), reading address 0x0000000000000050


Register to memory mapping:

RIP=0x00007ffe5eedca86 jvm.dll
RAX=0x8020080200802008 is an unknown value
RBX=0x00000193029a7401 points into unknown readable memory: 7d 9b 02 93 01 00 00
RCX=0x00000000ffd8d8b0 is pointing into object: org.gradle.internal.hash.HashCode$HashCode128 
{0x00000000ffd8d898} - klass: 'org/gradle/internal/hash/HashCode$HashCode128'
 - ---- fields (total size 4 words):
 - private final 'bits1' 'J' @16  -2875790308811278360 (62caf7e8 d81723f3)
 - private final 'bits2' 'J' @24  -8500150244806894982 (58d5da7a 8a096663)
RDX=0x00000000ffd8d8b0 is pointing into object: org.gradle.internal.hash.HashCode$HashCode128 
{0x00000000ffd8d898} - klass: 'org/gradle/internal/hash/HashCode$HashCode128'
 - ---- fields (total size 4 words):
 - private final 'bits1' 'J' @16  -2875790308811278360 (62caf7e8 d81723f3)
 - private final 'bits2' 'J' @24  -8500150244806894982 (58d5da7a 8a096663)
RSP=0x00000013c7dff938 points into unknown readable memory: 0x00007ffe5f1aa308 | 08 a3 1a 5f fe 7f 00 00
RBP=0x0 is NULL
RSI=0x00000193029a7400 points into unknown readable memory: 0x00000193029b7d40 | 40 7d 9b 02 93 01 00 00
RDI=0x00000000ffd8d8b0 is pointing into object: org.gradle.internal.hash.HashCode$HashCode128 
{0x00000000ffd8d898} - klass: 'org/gradle/internal/hash/HashCode$HashCode128'
 - ---- fields (total size 4 words):
 - private final 'bits1' 'J' @16  -2875790308811278360 (62caf7e8 d81723f3)
 - private final 'bits2' 'J' @24  -8500150244806894982 (58d5da7a 8a096663)
R8 =0x0000019319a16360 points into unknown readable memory: 0x8020080200c02008 | 08 20 c0 00 02 08 20 80
R9 =0x0000000000000048 is an unknown value
R10=0x0000000000000052 is an unknown value
R11=0x0000000000000003 is an unknown value
R12=0x0 is NULL
R13=0xaaaaaaaaaaaaaaab is an unknown value
R14=0x000000010021d978 is a pointer to class: 
com.google.common.collect.RegularImmutableMap {0x000000010021d980}
 - instance size:     5
 - klass size:        119
 - access:            final synchronized 
 - state:             fully_initialized
 - name:              'com/google/common/collect/RegularImmutableMap'
 - super:             'com/google/common/collect/ImmutableMap'
 - sub:               
 - arrays:            NULL
 - methods:           Array<T>(0x000001932000f648)
 - method ordering:   Array<T>(0x000001931c000018)
 - default_methods:   Array<T>(0x0000000000000000)
 - local interfaces:  Array<T>(0x000001931c000058)
 - trans. interfaces: Array<T>(0x000001931ea7e110)
 - constants:         constant pool [330] {0x000001932000e9c0} for 'com/google/common/collect/RegularImmutableMap' cache=0x0000019320014268
 - class loader data:  loader data: 0x000001931c8c1040 for instance a 'org/gradle/internal/classloader/VisitableURLClassLoader'{0x00000000807c0350}
 - source file:       'RegularImmutableMap.java'
 - class annotations:       Array<T>(0x0000019320010a70)
 - class type annotations:  Array<T>(0x0000000000000000)
 - field annotations:       Array<T>(0x000001932000f548)
 - field type annotations:  Array<T>(0x000001932000f590)
 - generic signature: '<K:Ljava/lang/Object;V:Ljava/lang/Object;>Lcom/google/common/collect/ImmutableMap<TK;TV;>;'
 - inner classes:     Array<T>(0x0000019320010a80)
 - nest members:     Array<T>(0x000001931c000028)
 - permitted subclasses:     Array<T>(0x000001931c000028)
 - java mirror:       a 'java/lang/Class'{0x0000000081183658} = 'com/google/common/collect/RegularImmutableMap'
 - vtable length      26  (start addr: 0x000000010021db68)
 - itable length      29 (start addr: 0x000000010021dc38)
 - ---- static fields (5 words):
 - static final 'EMPTY' 'Lcom/google/common/collect/ImmutableMap;' @112 
 - static final 'MAX_LOAD_FACTOR' 'D' @120 
 - static final 'HASH_FLOODING_FPP' 'D' @128 
 - static final 'MAX_HASH_BUCKET_LENGTH' 'I' @144 
 - private static final 'serialVersionUID' 'J' @136 
 - ---- non-static fields (7 words):
 - private transient 'entrySet' 'Lcom/google/common/collect/ImmutableSet;' @12 
 - private transient 'keySet' 'Lcom/google/common/collect/ImmutableSet;' @16 
 - private transient 'values' 'Lcom/google/common/collect/ImmutableCollection;' @20 
 - private transient 'multimapView' 'Lcom/google/common/collect/ImmutableSetMultimap;' @24 
 - private final transient 'mask' 'I' @28 
 - final transient 'entries' '[Ljava/util/Map$Entry;' @32 
 - private final transient 'table' '[Lcom/google/common/collect/ImmutableMapEntry;' @36 
 - non-static oop maps: 12-24 32-36 
R15=0x00000000ffd8d098 is an oop: com.google.common.collect.ImmutableMapEntry 
{0x00000000ffd8d098} - klass: 'com/google/common/collect/ImmutableMapEntry'
 - ---- fields (total size 3 words):
 - final 'key' 'Ljava/lang/Object;' @12  "C:\Users\ASUS\.gradle\caches\transforms-3\09b5b990793e4e84992dd5b078e94dd9\transformed\material-1.5.0\res\values-v21\values-v21.xml"{0x00000000839df1b8} (839df1b8)
 - final 'value' 'Ljava/lang/Object;' @16  
[error occurred during error reporting (printing register info), id 0xc0000005, EXCEPTION_ACCESS_VIOLATION (0xc0000005) at pc=0x00007ffe5f53fd53]

Registers:
RAX=0x8020080200802008, RBX=0x00000193029a7401, RCX=0x00000000ffd8d8b0, RDX=0x00000000ffd8d8b0
RSP=0x00000013c7dff938, RBP=0x0000000000000000, RSI=0x00000193029a7400, RDI=0x00000000ffd8d8b0
R8 =0x0000019319a16360, R9 =0x0000000000000048, R10=0x0000000000000052, R11=0x0000000000000003
R12=0x0000000000000000, R13=0xaaaaaaaaaaaaaaab, R14=0x000000010021d978, R15=0x00000000ffd8d098
RIP=0x00007ffe5eedca86, EFLAGS=0x0000000000010206

Top of Stack: (sp=0x00000013c7dff938)
0x00000013c7dff938:   00007ffe5f1aa308 000000000007270e
0x00000013c7dff948:   0000000000d1cef0 000012df69b55ad3
0x00000013c7dff958:   00000013c7dffb10 00000000ffd8d8b0
0x00000013c7dff968:   00007ffe5f1a9f8f 00000193029ba200
0x00000013c7dff978:   00000013c7dffb10 000000010021d970
0x00000013c7dff988:   00007ffe5f54d11c 00000000ffd8d0ac
0x00000013c7dff998:   00007ffe5f1a81bd 00000000ffd8d0a8
0x00000013c7dff9a8:   00007ffe5f1a87dd 00000013c7dff9e0
0x00000013c7dff9b8:   00007ffe5f1a7e01 00000013c7dffad0
0x00000013c7dff9c8:   0000000000000001 00000000ffd8d098
0x00000013c7dff9d8:   00007ffe5f1a7e01 000000010021d6e0
0x00000013c7dff9e8:   0000000000000003 00000013c7dffb10
0x00000013c7dff9f8:   0000000000000000 00000193029ba200
0x00000013c7dffa08:   00007ffe5f1bd9be 00000000ffd8d098
0x00000013c7dffa18:   00000193029a7450 00000013c7dffad0
0x00000013c7dffa28:   00000193029a7450 00000000ffd8d098 

Instructions: (pc=0x00007ffe5eedca86)
0x00007ffe5eedc986:   cc cc cc cc cc cc cc cc cc cc 4c 8b 01 4c 8b c9
0x00007ffe5eedc996:   48 8b 0d b3 35 b7 00 ba 64 60 08 00 e9 c9 f1 ff
0x00007ffe5eedc9a6:   ff cc cc cc cc cc cc cc cc cc 8b 05 42 79 b1 00
0x00007ffe5eedc9b6:   c3 cc cc cc cc cc cc cc cc cc 0f b6 05 48 3e b8
0x00007ffe5eedc9c6:   00 48 8b d1 84 c0 74 16 44 8b 41 08 8b 0d 20 79
0x00007ffe5eedc9d6:   b1 00 49 d3 e0 4c 03 05 0e 79 b1 00 eb 04 4c 8b
0x00007ffe5eedc9e6:   41 08 45 8b 50 08 45 85 d2 7e 0e 41 f6 c2 01 75
0x00007ffe5eedc9f6:   53 41 c1 fa 03 41 8b c2 c3 79 49 84 c0 b9 10 00
0x00007ffe5eedca06:   00 00 8b 05 26 88 b1 00 41 b8 0c 00 00 00 41 0f
0x00007ffe5eedca16:   45 c8 ff c8 4c 63 c8 48 63 14 11 41 8b ca 83 e1
0x00007ffe5eedca26:   3f 48 d3 e2 41 8b ca 48 c1 f9 10 0f b6 c1 49 8d
0x00007ffe5eedca36:   0c 11 49 f7 d1 48 03 c1 49 c1 e9 03 48 c1 e8 03
0x00007ffe5eedca46:   41 23 c1 c3 49 8b 00 49 8b c8 48 ff a0 00 01 00
0x00007ffe5eedca56:   00 cc cc cc cc cc cc cc cc cc 8b 44 24 30 45 03
0x00007ffe5eedca66:   c9 44 2b 4c 24 28 83 c0 0b 44 03 ca 45 03 c8 41
0x00007ffe5eedca76:   03 c1 c3 cc cc cc cc cc cc cc 4c 8b ca 48 8b d1
0x00007ffe5eedca86:   45 8b 41 08 45 85 c0 7e 0e 41 f6 c0 01 75 56 41
0x00007ffe5eedca96:   c1 f8 03 41 8b c0 c3 79 4c 80 3d 69 3d b8 00 00
0x00007ffe5eedcaa6:   b8 0c 00 00 00 b9 10 00 00 00 0f 45 c8 8b 05 7b
0x00007ffe5eedcab6:   87 b1 00 ff c8 4c 63 c8 48 63 14 11 41 8b c8 83
0x00007ffe5eedcac6:   e1 3f 48 d3 e2 41 8b c8 48 c1 f9 10 0f b6 c1 49
0x00007ffe5eedcad6:   8d 0c 11 49 f7 d1 48 03 c1 49 c1 e9 03 48 c1 e8
0x00007ffe5eedcae6:   03 41 23 c1 c3 49 8b 01 49 8b c9 48 ff a0 00 01
0x00007ffe5eedcaf6:   00 00 cc cc cc cc cc cc cc cc 48 8b 41 08 0f b7
0x00007ffe5eedcb06:   48 2a 0f b7 40 28 83 c0 48 03 c1 c3 cc cc cc cc
0x00007ffe5eedcb16:   cc cc cc cc cc cc cc cc cc cc 48 89 5c 24 08 57
0x00007ffe5eedcb26:   48 83 ec 20 0f b6 05 7f 1b bc 00 48 8b fa 48 8b
0x00007ffe5eedcb36:   d9 84 c0 74 4f 48 85 15 76 13 bc 00 74 38 48 8b
0x00007ffe5eedcb46:   ca e8 94 6f 86 00 48 8b d0 48 85 db 74 25 48 85
0x00007ffe5eedcb56:   c0 74 20 48 8b c7 f0 48 0f b1 13 74 16 48 85 05
0x00007ffe5eedcb66:   4e 13 bc 00 74 0d 48 8b c8 f0 48 0f b1 13 48 3b
0x00007ffe5eedcb76:   c1 75 ea 48 8b fa 48 8b c7 48 8b 5c 24 30 48 83 


Stack slot to memory mapping:
stack at sp + 0 slots: 0x00007ffe5f1aa308 jvm.dll
stack at sp + 1 slots: 0x000000000007270e is an unknown value
stack at sp + 2 slots: 0x0000000000d1cef0 is an unknown value
stack at sp + 3 slots: 0x000012df69b55ad3 is an unknown value
stack at sp + 4 slots: 0x00000013c7dffb10 points into unknown readable memory: 0x00007ffe5f8329e8 | e8 29 83 5f fe 7f 00 00
stack at sp + 5 slots: 0x00000000ffd8d8b0 is pointing into object: org.gradle.internal.hash.HashCode$HashCode128 
{0x00000000ffd8d898} - klass: 'org/gradle/internal/hash/HashCode$HashCode128'
 - ---- fields (total size 4 words):
 - private final 'bits1' 'J' @16  -2875790308811278360 (62caf7e8 d81723f3)
 - private final 'bits2' 'J' @24  -8500150244806894982 (58d5da7a 8a096663)
stack at sp + 6 slots: 0x00007ffe5f1a9f8f jvm.dll
stack at sp + 7 slots: 0x00000193029ba200 points into unknown readable memory: 0x00007ffe5f8329c8 | c8 29 83 5f fe 7f 00 00


---------------  P R O C E S S  ---------------

Threads class SMR info:
_java_thread_list=0x0000019321665030, length=69, elements={
0x000001930294a860, 0x000001931c812130, 0x000001931c812eb0, 0x000001931c831b10,
0x000001931c8340f0, 0x000001931c8349b0, 0x000001931c835270, 0x000001931c835f10,
0x000001931bc1e410, 0x000001931bc1e920, 0x000001931c9ad960, 0x000001931c99a9b0,
0x000001931e0a57e0, 0x000001931dd13090, 0x000001931deb4b00, 0x000001931e0fa060,
0x000001931dcc4410, 0x000001931df720c0, 0x000001931df73400, 0x000001931df74740,
0x000001931df738d0, 0x000001931df74270, 0x000001931df72590, 0x000001931df74c10,
0x000001931df750e0, 0x000001931df72f30, 0x000001931df755b0, 0x000001931df71bf0,
0x000001931df72a60, 0x000001931f8d4060, 0x000001931f8db8b0, 0x000001931f8daa40,
0x000001931f8d9700, 0x000001931f8da570, 0x000001931f8daf10, 0x000001931f8d4ed0,
0x000001931f8d5870, 0x000001931f8d5d40, 0x000001931f8d6210, 0x000001931f8d66e0,
0x000001931f8d6bb0, 0x000001931f8db3e0, 0x000001931f8d7080, 0x000001931f8d7550,
0x000001931f8d7ef0, 0x000001931f8d83c0, 0x000001931f8d8890, 0x000001931f8d8d60,
0x000001931f8d9230, 0x000001931f8d9bd0, 0x000001931f8da0a0, 0x0000019320cc1920,
0x0000019320cc2c60, 0x0000019320cc2790, 0x0000019320cbd5c0, 0x0000019320cc0f80,
0x0000019320cbf2a0, 0x0000019320cc1df0, 0x0000019320cc1450, 0x0000019320cbedd0,
0x0000019320cbe430, 0x0000019320cbe900, 0x000001931f744f00, 0x000001931f7423b0,
0x000001931f73f860, 0x000001931f7436f0, 0x000001931f741540, 0x000001931f744090,
0x000001931f7453d0
}

Java Threads: ( => current thread )
  0x000001930294a860 JavaThread "main" [_thread_blocked, id=15480, stack(0x00000013c7a00000,0x00000013c7b00000)]
  0x000001931c812130 JavaThread "Reference Handler" daemon [_thread_blocked, id=9468, stack(0x00000013c8100000,0x00000013c8200000)]
  0x000001931c812eb0 JavaThread "Finalizer" daemon [_thread_blocked, id=16216, stack(0x00000013c8200000,0x00000013c8300000)]
  0x000001931c831b10 JavaThread "Signal Dispatcher" daemon [_thread_blocked, id=11444, stack(0x00000013c8300000,0x00000013c8400000)]
  0x000001931c8340f0 JavaThread "Attach Listener" daemon [_thread_blocked, id=13188, stack(0x00000013c8400000,0x00000013c8500000)]
  0x000001931c8349b0 JavaThread "Service Thread" daemon [_thread_blocked, id=8544, stack(0x00000013c8500000,0x00000013c8600000)]
  0x000001931c835270 JavaThread "Monitor Deflation Thread" daemon [_thread_blocked, id=14156, stack(0x00000013c8600000,0x00000013c8700000)]
  0x000001931c835f10 JavaThread "C2 CompilerThread0" daemon [_thread_in_native, id=1196, stack(0x00000013c8700000,0x00000013c8800000)]
  0x000001931bc1e410 JavaThread "C1 CompilerThread0" daemon [_thread_blocked, id=11680, stack(0x00000013c8800000,0x00000013c8900000)]
  0x000001931bc1e920 JavaThread "Sweeper thread" daemon [_thread_blocked, id=1716, stack(0x00000013c8900000,0x00000013c8a00000)]
  0x000001931c9ad960 JavaThread "Common-Cleaner" daemon [_thread_blocked, id=7368, stack(0x00000013c8a00000,0x00000013c8b00000)]
  0x000001931c99a9b0 JavaThread "Notification Thread" daemon [_thread_blocked, id=6640, stack(0x00000013c8b00000,0x00000013c8c00000)]
  0x000001931e0a57e0 JavaThread "Daemon health stats" [_thread_blocked, id=6556, stack(0x00000013c8e00000,0x00000013c8f00000)]
  0x000001931dd13090 JavaThread "Incoming local TCP Connector on port 53392" [_thread_in_native, id=4556, stack(0x00000013c8f00000,0x00000013c9000000)]
  0x000001931deb4b00 JavaThread "Daemon periodic checks" [_thread_blocked, id=8364, stack(0x00000013c9000000,0x00000013c9100000)]
  0x000001931e0fa060 JavaThread "Daemon" [_thread_blocked, id=11852, stack(0x00000013c9100000,0x00000013c9200000)]
  0x000001931dcc4410 JavaThread "Handler for socket connection from /127.0.0.1:53392 to /127.0.0.1:53394" [_thread_in_native, id=492, stack(0x00000013c9200000,0x00000013c9300000)]
  0x000001931df720c0 JavaThread "Cancel handler" [_thread_blocked, id=9368, stack(0x00000013c9300000,0x00000013c9400000)]
  0x000001931df73400 JavaThread "Daemon worker" [_thread_blocked, id=10376, stack(0x00000013c9400000,0x00000013c9500000)]
  0x000001931df74740 JavaThread "Asynchronous log dispatcher for DefaultDaemonConnection: socket connection from /127.0.0.1:53392 to /127.0.0.1:53394" [_thread_blocked, id=15128, stack(0x00000013c9500000,0x00000013c9600000)]
  0x000001931df738d0 JavaThread "Daemon client event forwarder" [_thread_blocked, id=16236, stack(0x00000013c9700000,0x00000013c9800000)]
  0x000001931df74270 JavaThread "Cache worker for journal cache (C:\Users\ASUS\.gradle\caches\journal-1)" [_thread_blocked, id=10292, stack(0x00000013c9800000,0x00000013c9900000)]
  0x000001931df72590 JavaThread "File lock request listener" [_thread_in_native, id=12936, stack(0x00000013c9900000,0x00000013c9a00000)]
  0x000001931df74c10 JavaThread "Cache worker for file hash cache (C:\Users\ASUS\.gradle\caches\8.0\fileHashes)" [_thread_blocked, id=12720, stack(0x00000013c9a00000,0x00000013c9b00000)]
  0x000001931df750e0 JavaThread "File watcher server" daemon [_thread_in_native, id=14404, stack(0x00000013c9b00000,0x00000013c9c00000)]
  0x000001931df72f30 JavaThread "File watcher consumer" daemon [_thread_blocked, id=1988, stack(0x00000013c9c00000,0x00000013c9d00000)]
  0x000001931df755b0 JavaThread "Cache worker for checksums cache (D:\DivanandaSavedInstance\.gradle\8.0\checksums)" [_thread_blocked, id=15160, stack(0x00000013c9d00000,0x00000013c9e00000)]
  0x000001931df71bf0 JavaThread "Cache worker for cache directory md-rule (C:\Users\ASUS\.gradle\caches\8.0\md-rule)" [_thread_blocked, id=2960, stack(0x00000013c9e00000,0x00000013c9f00000)]
  0x000001931df72a60 JavaThread "Cache worker for file content cache (C:\Users\ASUS\.gradle\caches\8.0\fileContent)" [_thread_blocked, id=15784, stack(0x00000013c9f00000,0x00000013ca000000)]
  0x000001931f8d4060 JavaThread "Cache worker for file hash cache (D:\DivanandaSavedInstance\.gradle\8.0\fileHashes)" [_thread_blocked, id=3232, stack(0x00000013ca000000,0x00000013ca100000)]
  0x000001931f8db8b0 JavaThread "Cache worker for cache directory md-supplier (C:\Users\ASUS\.gradle\caches\8.0\md-supplier)" [_thread_blocked, id=16712, stack(0x00000013ca100000,0x00000013ca200000)]
  0x000001931f8daa40 JavaThread "Cache worker for execution history cache (C:\Users\ASUS\.gradle\caches\8.0\executionHistory)" [_thread_blocked, id=16892, stack(0x00000013ca200000,0x00000013ca300000)]
  0x000001931f8d9700 JavaThread "jar transforms" [_thread_blocked, id=10220, stack(0x00000013ca300000,0x00000013ca400000)]
  0x000001931f8da570 JavaThread "jar transforms Thread 2" [_thread_blocked, id=2948, stack(0x00000013ca500000,0x00000013ca600000)]
  0x000001931f8daf10 JavaThread "Cache worker for dependencies-accessors (D:\DivanandaSavedInstance\.gradle\8.0\dependencies-accessors)" [_thread_blocked, id=3776, stack(0x00000013ca600000,0x00000013ca700000)]
  0x000001931f8d4ed0 JavaThread "Cache worker for Build Output Cleanup Cache (D:\DivanandaSavedInstance\.gradle\buildOutputCleanup)" [_thread_blocked, id=9140, stack(0x00000013ca700000,0x00000013ca800000)]
  0x000001931f8d5870 JavaThread "Unconstrained build operations" [_thread_blocked, id=15776, stack(0x00000013ca800000,0x00000013ca900000)]
  0x000001931f8d5d40 JavaThread "Unconstrained build operations Thread 2" [_thread_blocked, id=9000, stack(0x00000013ca900000,0x00000013caa00000)]
  0x000001931f8d6210 JavaThread "Unconstrained build operations Thread 3" [_thread_blocked, id=10976, stack(0x00000013caa00000,0x00000013cab00000)]
  0x000001931f8d66e0 JavaThread "Unconstrained build operations Thread 4" [_thread_blocked, id=8920, stack(0x00000013cab00000,0x00000013cac00000)]
  0x000001931f8d6bb0 JavaThread "Unconstrained build operations Thread 5" [_thread_blocked, id=16300, stack(0x00000013cac00000,0x00000013cad00000)]
  0x000001931f8db3e0 JavaThread "Unconstrained build operations Thread 6" [_thread_blocked, id=16788, stack(0x00000013cad00000,0x00000013cae00000)]
  0x000001931f8d7080 JavaThread "Unconstrained build operations Thread 7" [_thread_blocked, id=2076, stack(0x00000013cae00000,0x00000013caf00000)]
  0x000001931f8d7550 JavaThread "Unconstrained build operations Thread 8" [_thread_blocked, id=15992, stack(0x00000013caf00000,0x00000013cb000000)]
  0x000001931f8d7ef0 JavaThread "Unconstrained build operations Thread 9" [_thread_blocked, id=12972, stack(0x00000013cb000000,0x00000013cb100000)]
  0x000001931f8d83c0 JavaThread "Unconstrained build operations Thread 10" [_thread_blocked, id=2660, stack(0x00000013cb100000,0x00000013cb200000)]
  0x000001931f8d8890 JavaThread "Unconstrained build operations Thread 11" [_thread_blocked, id=11784, stack(0x00000013cb200000,0x00000013cb300000)]
  0x000001931f8d8d60 JavaThread "Unconstrained build operations Thread 12" [_thread_blocked, id=2848, stack(0x00000013cb300000,0x00000013cb400000)]
  0x000001931f8d9230 JavaThread "Unconstrained build operations Thread 13" [_thread_blocked, id=15744, stack(0x00000013cb400000,0x00000013cb500000)]
  0x000001931f8d9bd0 JavaThread "Unconstrained build operations Thread 14" [_thread_blocked, id=10344, stack(0x00000013cb500000,0x00000013cb600000)]
  0x000001931f8da0a0 JavaThread "Unconstrained build operations Thread 15" [_thread_blocked, id=15084, stack(0x00000013cb600000,0x00000013cb700000)]
  0x0000019320cc1920 JavaThread "Unconstrained build operations Thread 16" [_thread_blocked, id=17024, stack(0x00000013cb700000,0x00000013cb800000)]
  0x0000019320cc2c60 JavaThread "Unconstrained build operations Thread 17" [_thread_blocked, id=14952, stack(0x00000013cb800000,0x00000013cb900000)]
  0x0000019320cc2790 JavaThread "Unconstrained build operations Thread 18" [_thread_blocked, id=13768, stack(0x00000013cb900000,0x00000013cba00000)]
  0x0000019320cbd5c0 JavaThread "Unconstrained build operations Thread 19" [_thread_blocked, id=8044, stack(0x00000013cba00000,0x00000013cbb00000)]
  0x0000019320cc0f80 JavaThread "Unconstrained build operations Thread 20" [_thread_blocked, id=11016, stack(0x00000013cbb00000,0x00000013cbc00000)]
  0x0000019320cbf2a0 JavaThread "build event listener" [_thread_blocked, id=15104, stack(0x00000013cbc00000,0x00000013cbd00000)]
  0x0000019320cc1df0 JavaThread "Memory manager" [_thread_blocked, id=12200, stack(0x00000013cbd00000,0x00000013cbe00000)]
  0x0000019320cc1450 JavaThread "included builds" [_thread_blocked, id=12432, stack(0x00000013cc000000,0x00000013cc100000)]
  0x0000019320cbedd0 JavaThread "Execution worker" [_thread_blocked, id=10412, stack(0x00000013cc100000,0x00000013cc200000)]
  0x0000019320cbe430 JavaThread "Cache worker for execution history cache (D:\DivanandaSavedInstance\.gradle\8.0\executionHistory)" [_thread_blocked, id=4248, stack(0x00000013cc200000,0x00000013cc300000)]
  0x0000019320cbe900 JavaThread "WorkerExecutor Queue Thread 2" [_thread_blocked, id=4488, stack(0x00000013cc400000,0x00000013cc500000)]
  0x000001931f744f00 JavaThread "WorkerExecutor Queue Thread 3" [_thread_blocked, id=10460, stack(0x00000013c7900000,0x00000013c7a00000)]
  0x000001931f7423b0 JavaThread "pool-3-thread-1" [_thread_blocked, id=17256, stack(0x00000013c9600000,0x00000013c9700000)]
  0x000001931f73f860 JavaThread "stderr" [_thread_in_native, id=7640, stack(0x00000013cc300000,0x00000013cc400000)]
  0x000001931f7436f0 JavaThread "stdout" [_thread_in_native, id=12092, stack(0x00000013cc500000,0x00000013cc600000)]
  0x000001931f741540 JavaThread "WorkerExecutor Queue Thread 4" [_thread_in_native, id=15588, stack(0x00000013cc600000,0x00000013cc700000)]
  0x000001931f744090 JavaThread "ForkJoinPool-1-worker-1" daemon [_thread_blocked, id=1016, stack(0x00000013cc700000,0x00000013cc800000)]
  0x000001931f7453d0 JavaThread "ForkJoinPool-1-worker-2" daemon [_thread_blocked, id=6188, stack(0x00000013cc800000,0x00000013cc900000)]

Other Threads:
  0x000001931bbe5f10 VMThread "VM Thread" [stack: 0x00000013c8000000,0x00000013c8100000] [id=17276]
  0x000001931c9ade30 WatcherThread [stack: 0x00000013c8c00000,0x00000013c8d00000] [id=11088]
  0x00000193029a5ee0 GCTaskThread "GC Thread#0" [stack: 0x00000013c7b00000,0x00000013c7c00000] [id=9768]
  0x000001931ca99570 GCTaskThread "GC Thread#1" [stack: 0x00000013c8d00000,0x00000013c8e00000] [id=2176]
  0x00000193029b7d40 ConcurrentGCThread "G1 Main Marker" [stack: 0x00000013c7c00000,0x00000013c7d00000] [id=15524]
=>0x00000193029b8660 ConcurrentGCThread "G1 Conc#0" [stack: 0x00000013c7d00000,0x00000013c7e00000] [id=7760]
  0x000001931ba420b0 ConcurrentGCThread "G1 Refine#0" [stack: 0x00000013c7e00000,0x00000013c7f00000] [id=4476]
  0x000001931dfd2820 ConcurrentGCThread "G1 Refine#1" [stack: 0x00000013ca400000,0x00000013ca500000] [id=12684]
  0x000001931ba429e0 ConcurrentGCThread "G1 Service" [stack: 0x00000013c7f00000,0x00000013c8000000] [id=7612]

Threads with active compile tasks:
C2 CompilerThread0   105403 15911       4       com.android.tools.r8.dex.B::h (833 bytes)

VM state: not at safepoint (normal execution)

VM Mutex/Monitor currently owned by a thread: None

Heap address: 0x0000000080000000, size: 2048 MB, Compressed Oops mode: 32-bit

CDS archive(s) not mapped
Compressed class space mapped at: 0x0000000100000000-0x0000000140000000, reserved size: 1073741824
Narrow klass base: 0x0000000000000000, Narrow klass shift: 3, Narrow klass range: 0x140000000

GC Precious Log:
 CPUs: 2 total, 2 available
 Memory: 11723M
 Large Page Support: Disabled
 NUMA Support: Disabled
 Compressed Oops: Enabled (32-bit)
 Heap Region Size: 1M
 Heap Min Capacity: 8M
 Heap Initial Capacity: 184M
 Heap Max Capacity: 2G
 Pre-touch: Disabled
 Parallel Workers: 2
 Concurrent Workers: 1
 Concurrent Refinement Workers: 2
 Periodic GC: Disabled

Heap:
 garbage-first heap   total 322560K, used 218624K [0x0000000080000000, 0x0000000100000000)
  region size 1024K, 4 young (4096K), 3 survivors (3072K)
 Metaspace       used 111176K, committed 112000K, reserved 1146880K
  class space    used 14782K, committed 15168K, reserved 1048576K

Heap Regions: E=young(eden), S=young(survivor), O=old, HS=humongous(starts), HC=humongous(continues), CS=collection set, F=free, OA=open archive, CA=closed archive, TAMS=top-at-mark-start (previous, next)
|   0|0x0000000080000000, 0x0000000080100000, 0x0000000080100000|100%|HS|  |TAMS 0x0000000080100000, 0x0000000080100000| Complete 
|   1|0x0000000080100000, 0x0000000080200000, 0x0000000080200000|100%|HC|  |TAMS 0x0000000080200000, 0x0000000080200000| Complete 
|   2|0x0000000080200000, 0x0000000080300000, 0x0000000080300000|100%|HC|  |TAMS 0x0000000080300000, 0x0000000080300000| Complete 
|   3|0x0000000080300000, 0x0000000080400000, 0x0000000080400000|100%|HC|  |TAMS 0x0000000080400000, 0x0000000080400000| Complete 
|   4|0x0000000080400000, 0x0000000080500000, 0x0000000080500000|100%| O|  |TAMS 0x0000000080500000, 0x0000000080500000| Untracked 
|   5|0x0000000080500000, 0x0000000080600000, 0x0000000080600000|100%| O|  |TAMS 0x0000000080600000, 0x0000000080600000| Untracked 
|   6|0x0000000080600000, 0x0000000080700000, 0x0000000080700000|100%| O|  |TAMS 0x0000000080700000, 0x0000000080700000| Untracked 
|   7|0x0000000080700000, 0x0000000080800000, 0x0000000080800000|100%| O|  |TAMS 0x0000000080800000, 0x0000000080800000| Untracked 
|   8|0x0000000080800000, 0x0000000080900000, 0x0000000080900000|100%| O|  |TAMS 0x0000000080900000, 0x0000000080900000| Untracked 
|   9|0x0000000080900000, 0x0000000080a00000, 0x0000000080a00000|100%| O|  |TAMS 0x0000000080a00000, 0x0000000080a00000| Untracked 
|  10|0x0000000080a00000, 0x0000000080b00000, 0x0000000080b00000|100%| O|  |TAMS 0x0000000080b00000, 0x0000000080b00000| Untracked 
|  11|0x0000000080b00000, 0x0000000080c00000, 0x0000000080c00000|100%| O|  |TAMS 0x0000000080c00000, 0x0000000080c00000| Untracked 
|  12|0x0000000080c00000, 0x0000000080d00000, 0x0000000080d00000|100%| O|  |TAMS 0x0000000080c00000, 0x0000000080d00000| Untracked 
|  13|0x0000000080d00000, 0x0000000080e00000, 0x0000000080e00000|100%| O|  |TAMS 0x0000000080e00000, 0x0000000080e00000| Untracked 
|  14|0x0000000080e00000, 0x0000000080f00000, 0x0000000080f00000|100%| O|  |TAMS 0x0000000080f00000, 0x0000000080f00000| Untracked 
|  15|0x0000000080f00000, 0x0000000081000000, 0x0000000081000000|100%| O|  |TAMS 0x0000000081000000, 0x0000000081000000| Untracked 
|  16|0x0000000081000000, 0x0000000081100000, 0x0000000081100000|100%| O|  |TAMS 0x0000000081100000, 0x0000000081100000| Untracked 
|  17|0x0000000081100000, 0x0000000081200000, 0x0000000081200000|100%| O|  |TAMS 0x0000000081200000, 0x0000000081200000| Untracked 
|  18|0x0000000081200000, 0x0000000081300000, 0x0000000081300000|100%| O|  |TAMS 0x0000000081300000, 0x0000000081300000| Untracked 
|  19|0x0000000081300000, 0x0000000081400000, 0x0000000081400000|100%| O|  |TAMS 0x0000000081400000, 0x0000000081400000| Untracked 
|  20|0x0000000081400000, 0x0000000081500000, 0x0000000081500000|100%| O|  |TAMS 0x0000000081500000, 0x0000000081500000| Untracked 
|  21|0x0000000081500000, 0x0000000081600000, 0x0000000081600000|100%| O|  |TAMS 0x0000000081600000, 0x0000000081600000| Untracked 
|  22|0x0000000081600000, 0x0000000081700000, 0x0000000081700000|100%| O|  |TAMS 0x0000000081700000, 0x0000000081700000| Untracked 
|  23|0x0000000081700000, 0x0000000081800000, 0x0000000081800000|100%| O|  |TAMS 0x0000000081800000, 0x0000000081800000| Untracked 
|  24|0x0000000081800000, 0x0000000081900000, 0x0000000081900000|100%| O|  |TAMS 0x0000000081900000, 0x0000000081900000| Untracked 
|  25|0x0000000081900000, 0x0000000081a00000, 0x0000000081a00000|100%| O|  |TAMS 0x0000000081a00000, 0x0000000081a00000| Untracked 
|  26|0x0000000081a00000, 0x0000000081b00000, 0x0000000081b00000|100%| O|  |TAMS 0x0000000081b00000, 0x0000000081b00000| Untracked 
|  27|0x0000000081b00000, 0x0000000081c00000, 0x0000000081c00000|100%| O|  |TAMS 0x0000000081c00000, 0x0000000081c00000| Untracked 
|  28|0x0000000081c00000, 0x0000000081d00000, 0x0000000081d00000|100%| O|  |TAMS 0x0000000081d00000, 0x0000000081d00000| Untracked 
|  29|0x0000000081d00000, 0x0000000081e00000, 0x0000000081e00000|100%| O|  |TAMS 0x0000000081e00000, 0x0000000081e00000| Untracked 
|  30|0x0000000081e00000, 0x0000000081f00000, 0x0000000081f00000|100%| O|  |TAMS 0x0000000081f00000, 0x0000000081f00000| Untracked 
|  31|0x0000000081f00000, 0x0000000082000000, 0x0000000082000000|100%| O|  |TAMS 0x0000000082000000, 0x0000000082000000| Untracked 
|  32|0x0000000082000000, 0x0000000082100000, 0x0000000082100000|100%| O|  |TAMS 0x0000000082100000, 0x0000000082100000| Untracked 
|  33|0x0000000082100000, 0x0000000082200000, 0x0000000082200000|100%| O|  |TAMS 0x0000000082200000, 0x0000000082200000| Untracked 
|  34|0x0000000082200000, 0x0000000082300000, 0x0000000082300000|100%| O|  |TAMS 0x0000000082300000, 0x0000000082300000| Untracked 
|  35|0x0000000082300000, 0x0000000082400000, 0x0000000082400000|100%|HS|  |TAMS 0x0000000082400000, 0x0000000082400000| Complete 
|  36|0x0000000082400000, 0x0000000082500000, 0x0000000082500000|100%|HS|  |TAMS 0x0000000082500000, 0x0000000082500000| Complete 
|  37|0x0000000082500000, 0x0000000082600000, 0x0000000082600000|100%| O|  |TAMS 0x0000000082600000, 0x0000000082600000| Untracked 
|  38|0x0000000082600000, 0x0000000082700000, 0x0000000082700000|100%| O|  |TAMS 0x0000000082700000, 0x0000000082700000| Untracked 
|  39|0x0000000082700000, 0x0000000082800000, 0x0000000082800000|100%| O|  |TAMS 0x0000000082800000, 0x0000000082800000| Untracked 
|  40|0x0000000082800000, 0x0000000082900000, 0x0000000082900000|100%| O|  |TAMS 0x0000000082900000, 0x0000000082900000| Untracked 
|  41|0x0000000082900000, 0x0000000082a00000, 0x0000000082a00000|100%| O|  |TAMS 0x0000000082a00000, 0x0000000082a00000| Untracked 
|  42|0x0000000082a00000, 0x0000000082b00000, 0x0000000082b00000|100%| O|  |TAMS 0x0000000082b00000, 0x0000000082b00000| Untracked 
|  43|0x0000000082b00000, 0x0000000082c00000, 0x0000000082c00000|100%| O|  |TAMS 0x0000000082c00000, 0x0000000082c00000| Untracked 
|  44|0x0000000082c00000, 0x0000000082d00000, 0x0000000082d00000|100%| O|  |TAMS 0x0000000082c00000, 0x0000000082d00000| Untracked 
|  45|0x0000000082d00000, 0x0000000082e00000, 0x0000000082e00000|100%| O|  |TAMS 0x0000000082e00000, 0x0000000082e00000| Untracked 
|  46|0x0000000082e00000, 0x0000000082f00000, 0x0000000082f00000|100%| O|  |TAMS 0x0000000082f00000, 0x0000000082f00000| Untracked 
|  47|0x0000000082f00000, 0x0000000083000000, 0x0000000083000000|100%| O|  |TAMS 0x0000000082f00000, 0x0000000083000000| Untracked 
|  48|0x0000000083000000, 0x0000000083100000, 0x0000000083100000|100%| O|  |TAMS 0x0000000083000000, 0x0000000083100000| Untracked 
|  49|0x0000000083100000, 0x0000000083200000, 0x0000000083200000|100%| O|  |TAMS 0x0000000083100000, 0x0000000083200000| Untracked 
|  50|0x0000000083200000, 0x0000000083300000, 0x0000000083300000|100%| O|  |TAMS 0x0000000083300000, 0x0000000083300000| Untracked 
|  51|0x0000000083300000, 0x0000000083400000, 0x0000000083400000|100%| O|  |TAMS 0x0000000083400000, 0x0000000083400000| Untracked 
|  52|0x0000000083400000, 0x0000000083500000, 0x0000000083500000|100%| O|  |TAMS 0x0000000083500000, 0x0000000083500000| Untracked 
|  53|0x0000000083500000, 0x0000000083600000, 0x0000000083600000|100%| O|  |TAMS 0x0000000083500000, 0x0000000083600000| Untracked 
|  54|0x0000000083600000, 0x0000000083700000, 0x0000000083700000|100%| O|  |TAMS 0x0000000083700000, 0x0000000083700000| Untracked 
|  55|0x0000000083700000, 0x0000000083800000, 0x0000000083800000|100%| O|  |TAMS 0x00000000837abc00, 0x0000000083800000| Untracked 
|  56|0x0000000083800000, 0x0000000083900000, 0x0000000083900000|100%| O|  |TAMS 0x0000000083800000, 0x0000000083900000| Untracked 
|  57|0x0000000083900000, 0x0000000083a00000, 0x0000000083a00000|100%| O|  |TAMS 0x0000000083900000, 0x0000000083a00000| Untracked 
|  58|0x0000000083a00000, 0x0000000083b00000, 0x0000000083b00000|100%| O|  |TAMS 0x0000000083a00000, 0x0000000083b00000| Untracked 
|  59|0x0000000083b00000, 0x0000000083c00000, 0x0000000083c00000|100%| O|  |TAMS 0x0000000083b00000, 0x0000000083c00000| Untracked 
|  60|0x0000000083c00000, 0x0000000083d00000, 0x0000000083d00000|100%|HS|  |TAMS 0x0000000083c00000, 0x0000000083d00000| Complete 
|  61|0x0000000083d00000, 0x0000000083e00000, 0x0000000083e00000|100%| O|  |TAMS 0x0000000083d00000, 0x0000000083e00000| Untracked 
|  62|0x0000000083e00000, 0x0000000083f00000, 0x0000000083f00000|100%| O|  |TAMS 0x0000000083e00000, 0x0000000083f00000| Untracked 
|  63|0x0000000083f00000, 0x0000000084000000, 0x0000000084000000|100%| O|  |TAMS 0x0000000083f00000, 0x0000000084000000| Untracked 
|  64|0x0000000084000000, 0x0000000084100000, 0x0000000084100000|100%| O|  |TAMS 0x0000000084000000, 0x0000000084100000| Untracked 
|  65|0x0000000084100000, 0x0000000084200000, 0x0000000084200000|100%| O|  |TAMS 0x0000000084100000, 0x0000000084200000| Untracked 
|  66|0x0000000084200000, 0x0000000084300000, 0x0000000084300000|100%| O|  |TAMS 0x0000000084200000, 0x0000000084300000| Untracked 
|  67|0x0000000084300000, 0x0000000084400000, 0x0000000084400000|100%| O|  |TAMS 0x0000000084300000, 0x0000000084400000| Untracked 
|  68|0x0000000084400000, 0x0000000084500000, 0x0000000084500000|100%| O|  |TAMS 0x0000000084400000, 0x0000000084500000| Untracked 
|  69|0x0000000084500000, 0x0000000084600000, 0x0000000084600000|100%| O|  |TAMS 0x0000000084500000, 0x0000000084600000| Untracked 
|  70|0x0000000084600000, 0x0000000084700000, 0x0000000084700000|100%| O|  |TAMS 0x0000000084600000, 0x0000000084700000| Untracked 
|  71|0x0000000084700000, 0x0000000084800000, 0x0000000084800000|100%| O|  |TAMS 0x0000000084700000, 0x0000000084800000| Untracked 
|  72|0x0000000084800000, 0x0000000084900000, 0x0000000084900000|100%| O|  |TAMS 0x0000000084800000, 0x0000000084900000| Untracked 
|  73|0x0000000084900000, 0x0000000084a00000, 0x0000000084a00000|100%| O|  |TAMS 0x0000000084900000, 0x0000000084a00000| Untracked 
|  74|0x0000000084a00000, 0x0000000084b00000, 0x0000000084b00000|100%| O|  |TAMS 0x0000000084a00000, 0x0000000084b00000| Untracked 
|  75|0x0000000084b00000, 0x0000000084c00000, 0x0000000084c00000|100%| O|  |TAMS 0x0000000084b00000, 0x0000000084c00000| Untracked 
|  76|0x0000000084c00000, 0x0000000084d00000, 0x0000000084d00000|100%| O|  |TAMS 0x0000000084c00000, 0x0000000084d00000| Untracked 
|  77|0x0000000084d00000, 0x0000000084e00000, 0x0000000084e00000|100%| O|  |TAMS 0x0000000084d00000, 0x0000000084e00000| Untracked 
|  78|0x0000000084e00000, 0x0000000084f00000, 0x0000000084f00000|100%| O|  |TAMS 0x0000000084e00000, 0x0000000084f00000| Untracked 
|  79|0x0000000084f00000, 0x0000000085000000, 0x0000000085000000|100%|HS|  |TAMS 0x0000000084f00000, 0x0000000085000000| Complete 
|  80|0x0000000085000000, 0x0000000085100000, 0x0000000085100000|100%|HS|  |TAMS 0x0000000085000000, 0x0000000085100000| Complete 
|  81|0x0000000085100000, 0x0000000085200000, 0x0000000085200000|100%|HS|  |TAMS 0x0000000085100000, 0x0000000085200000| Complete 
|  82|0x0000000085200000, 0x0000000085300000, 0x0000000085300000|100%|HC|  |TAMS 0x0000000085200000, 0x0000000085300000| Complete 
|  83|0x0000000085300000, 0x0000000085400000, 0x0000000085400000|100%|HS|  |TAMS 0x0000000085300000, 0x0000000085400000| Complete 
|  84|0x0000000085400000, 0x0000000085500000, 0x0000000085500000|100%| O|  |TAMS 0x0000000085400000, 0x0000000085500000| Untracked 
|  85|0x0000000085500000, 0x0000000085600000, 0x0000000085600000|100%| O|  |TAMS 0x0000000085500000, 0x0000000085600000| Untracked 
|  86|0x0000000085600000, 0x0000000085700000, 0x0000000085700000|100%| O|  |TAMS 0x0000000085600000, 0x0000000085700000| Untracked 
|  87|0x0000000085700000, 0x0000000085800000, 0x0000000085800000|100%| O|  |TAMS 0x0000000085700000, 0x0000000085800000| Untracked 
|  88|0x0000000085800000, 0x0000000085900000, 0x0000000085900000|100%| O|  |TAMS 0x0000000085800000, 0x0000000085900000| Untracked 
|  89|0x0000000085900000, 0x0000000085a00000, 0x0000000085a00000|100%| O|  |TAMS 0x0000000085900000, 0x0000000085a00000| Untracked 
|  90|0x0000000085a00000, 0x0000000085b00000, 0x0000000085b00000|100%| O|  |TAMS 0x0000000085a00000, 0x0000000085b00000| Untracked 
|  91|0x0000000085b00000, 0x0000000085c00000, 0x0000000085c00000|100%| O|  |TAMS 0x0000000085b00000, 0x0000000085c00000| Untracked 
|  92|0x0000000085c00000, 0x0000000085d00000, 0x0000000085d00000|100%| O|  |TAMS 0x0000000085c00000, 0x0000000085d00000| Untracked 
|  93|0x0000000085d00000, 0x0000000085e00000, 0x0000000085e00000|100%| O|  |TAMS 0x0000000085d00000, 0x0000000085e00000| Untracked 
|  94|0x0000000085e00000, 0x0000000085f00000, 0x0000000085f00000|100%| O|  |TAMS 0x0000000085e00000, 0x0000000085f00000| Untracked 
|  95|0x0000000085f00000, 0x0000000086000000, 0x0000000086000000|100%| O|  |TAMS 0x0000000085f00000, 0x0000000086000000| Untracked 
|  96|0x0000000086000000, 0x0000000086100000, 0x0000000086100000|100%| O|  |TAMS 0x0000000086000000, 0x0000000086100000| Untracked 
|  97|0x0000000086100000, 0x0000000086200000, 0x0000000086200000|100%| O|  |TAMS 0x0000000086100000, 0x0000000086200000| Untracked 
|  98|0x0000000086200000, 0x0000000086300000, 0x0000000086300000|100%| O|  |TAMS 0x0000000086200000, 0x0000000086300000| Untracked 
|  99|0x0000000086300000, 0x0000000086400000, 0x0000000086400000|100%| O|  |TAMS 0x0000000086300000, 0x0000000086400000| Untracked 
| 100|0x0000000086400000, 0x0000000086500000, 0x0000000086500000|100%| O|  |TAMS 0x0000000086400000, 0x0000000086500000| Untracked 
| 101|0x0000000086500000, 0x0000000086600000, 0x0000000086600000|100%|HS|  |TAMS 0x0000000086500000, 0x0000000086600000| Complete 
| 102|0x0000000086600000, 0x0000000086700000, 0x0000000086700000|100%|HS|  |TAMS 0x0000000086600000, 0x0000000086700000| Complete 
| 103|0x0000000086700000, 0x0000000086800000, 0x0000000086800000|100%|HC|  |TAMS 0x0000000086700000, 0x0000000086800000| Complete 
| 104|0x0000000086800000, 0x0000000086900000, 0x0000000086900000|100%|HS|  |TAMS 0x0000000086800000, 0x0000000086900000| Complete 
| 105|0x0000000086900000, 0x0000000086a00000, 0x0000000086a00000|100%|HC|  |TAMS 0x0000000086900000, 0x0000000086a00000| Complete 
| 106|0x0000000086a00000, 0x0000000086b00000, 0x0000000086b00000|100%|HS|  |TAMS 0x0000000086a00000, 0x0000000086b00000| Complete 
| 107|0x0000000086b00000, 0x0000000086c00000, 0x0000000086c00000|100%|HC|  |TAMS 0x0000000086b00000, 0x0000000086c00000| Complete 
| 108|0x0000000086c00000, 0x0000000086d00000, 0x0000000086d00000|100%|HC|  |TAMS 0x0000000086c00000, 0x0000000086d00000| Complete 
| 109|0x0000000086d00000, 0x0000000086e00000, 0x0000000086e00000|100%|HS|  |TAMS 0x0000000086d00000, 0x0000000086e00000| Complete 
| 110|0x0000000086e00000, 0x0000000086f00000, 0x0000000086f00000|100%|HC|  |TAMS 0x0000000086e00000, 0x0000000086f00000| Complete 
| 111|0x0000000086f00000, 0x0000000087000000, 0x0000000087000000|100%|HC|  |TAMS 0x0000000086f00000, 0x0000000087000000| Complete 
| 112|0x0000000087000000, 0x0000000087100000, 0x0000000087100000|100%|HS|  |TAMS 0x0000000087000000, 0x0000000087100000| Complete 
| 113|0x0000000087100000, 0x0000000087200000, 0x0000000087200000|100%|HC|  |TAMS 0x0000000087100000, 0x0000000087200000| Complete 
| 114|0x0000000087200000, 0x0000000087300000, 0x0000000087300000|100%| O|  |TAMS 0x0000000087200000, 0x0000000087300000| Untracked 
| 115|0x0000000087300000, 0x0000000087400000, 0x0000000087400000|100%|HS|  |TAMS 0x0000000087300000, 0x0000000087400000| Complete 
| 116|0x0000000087400000, 0x0000000087500000, 0x0000000087500000|100%| O|  |TAMS 0x0000000087400000, 0x0000000087500000| Untracked 
| 117|0x0000000087500000, 0x0000000087600000, 0x0000000087600000|100%|HS|  |TAMS 0x0000000087500000, 0x0000000087600000| Complete 
| 118|0x0000000087600000, 0x0000000087700000, 0x0000000087700000|100%| O|  |TAMS 0x0000000087600000, 0x0000000087700000| Untracked 
| 119|0x0000000087700000, 0x0000000087800000, 0x0000000087800000|100%| O|  |TAMS 0x0000000087700000, 0x0000000087800000| Untracked 
| 120|0x0000000087800000, 0x0000000087900000, 0x0000000087900000|100%| O|  |TAMS 0x0000000087800000, 0x0000000087900000| Untracked 
| 121|0x0000000087900000, 0x0000000087a00000, 0x0000000087a00000|100%| O|  |TAMS 0x0000000087900000, 0x0000000087a00000| Untracked 
| 122|0x0000000087a00000, 0x0000000087b00000, 0x0000000087b00000|100%| O|  |TAMS 0x0000000087a00000, 0x0000000087b00000| Untracked 
| 123|0x0000000087b00000, 0x0000000087c00000, 0x0000000087c00000|100%| O|  |TAMS 0x0000000087b00000, 0x0000000087c00000| Untracked 
| 124|0x0000000087c00000, 0x0000000087d00000, 0x0000000087d00000|100%|HS|  |TAMS 0x0000000087c00000, 0x0000000087d00000| Complete 
| 125|0x0000000087d00000, 0x0000000087e00000, 0x0000000087e00000|100%|HC|  |TAMS 0x0000000087d00000, 0x0000000087e00000| Complete 
| 126|0x0000000087e00000, 0x0000000087f00000, 0x0000000087f00000|100%| O|  |TAMS 0x0000000087e00000, 0x0000000087f00000| Untracked 
| 127|0x0000000087f00000, 0x0000000088000000, 0x0000000088000000|100%| O|  |TAMS 0x0000000087f00000, 0x0000000088000000| Untracked 
| 128|0x0000000088000000, 0x0000000088100000, 0x0000000088100000|100%| O|  |TAMS 0x0000000088000000, 0x0000000088100000| Untracked 
| 129|0x0000000088100000, 0x0000000088200000, 0x0000000088200000|100%|HS|  |TAMS 0x0000000088100000, 0x0000000088200000| Complete 
| 130|0x0000000088200000, 0x0000000088300000, 0x0000000088300000|100%|HC|  |TAMS 0x0000000088200000, 0x0000000088300000| Complete 
| 131|0x0000000088300000, 0x0000000088400000, 0x0000000088400000|100%| O|  |TAMS 0x0000000088300000, 0x0000000088400000| Untracked 
| 132|0x0000000088400000, 0x0000000088500000, 0x0000000088500000|100%| O|  |TAMS 0x0000000088400000, 0x0000000088500000| Untracked 
| 133|0x0000000088500000, 0x0000000088600000, 0x0000000088600000|100%| O|  |TAMS 0x0000000088500000, 0x0000000088600000| Untracked 
| 134|0x0000000088600000, 0x0000000088700000, 0x0000000088700000|100%| O|  |TAMS 0x0000000088600000, 0x0000000088700000| Untracked 
| 135|0x0000000088700000, 0x0000000088800000, 0x0000000088800000|100%| O|  |TAMS 0x0000000088700000, 0x0000000088800000| Untracked 
| 136|0x0000000088800000, 0x0000000088900000, 0x0000000088900000|100%| O|  |TAMS 0x0000000088800000, 0x0000000088900000| Untracked 
| 137|0x0000000088900000, 0x0000000088a00000, 0x0000000088a00000|100%| O|  |TAMS 0x0000000088900000, 0x0000000088a00000| Untracked 
| 138|0x0000000088a00000, 0x0000000088b00000, 0x0000000088b00000|100%| O|  |TAMS 0x0000000088a00000, 0x0000000088b00000| Untracked 
| 139|0x0000000088b00000, 0x0000000088c00000, 0x0000000088c00000|100%| O|  |TAMS 0x0000000088b00000, 0x0000000088c00000| Untracked 
| 140|0x0000000088c00000, 0x0000000088d00000, 0x0000000088d00000|100%| O|  |TAMS 0x0000000088c00000, 0x0000000088d00000| Untracked 
| 141|0x0000000088d00000, 0x0000000088e00000, 0x0000000088e00000|100%| O|  |TAMS 0x0000000088d00000, 0x0000000088e00000| Untracked 
| 142|0x0000000088e00000, 0x0000000088f00000, 0x0000000088f00000|100%| O|  |TAMS 0x0000000088e00000, 0x0000000088f00000| Untracked 
| 143|0x0000000088f00000, 0x0000000089000000, 0x0000000089000000|100%| O|  |TAMS 0x0000000088f00000, 0x0000000089000000| Untracked 
| 144|0x0000000089000000, 0x0000000089100000, 0x0000000089100000|100%| O|  |TAMS 0x0000000089000000, 0x0000000089100000| Untracked 
| 145|0x0000000089100000, 0x0000000089200000, 0x0000000089200000|100%| O|  |TAMS 0x0000000089100000, 0x0000000089200000| Untracked 
| 146|0x0000000089200000, 0x0000000089300000, 0x0000000089300000|100%| O|  |TAMS 0x0000000089200000, 0x0000000089300000| Untracked 
| 147|0x0000000089300000, 0x0000000089400000, 0x0000000089400000|100%| O|  |TAMS 0x0000000089300000, 0x0000000089400000| Untracked 
| 148|0x0000000089400000, 0x0000000089500000, 0x0000000089500000|100%| O|  |TAMS 0x0000000089400000, 0x0000000089500000| Untracked 
| 149|0x0000000089500000, 0x0000000089600000, 0x0000000089600000|100%| O|  |TAMS 0x0000000089500000, 0x0000000089600000| Untracked 
| 150|0x0000000089600000, 0x0000000089700000, 0x0000000089700000|100%| O|  |TAMS 0x0000000089600000, 0x0000000089700000| Untracked 
| 151|0x0000000089700000, 0x0000000089800000, 0x0000000089800000|100%| O|  |TAMS 0x0000000089700000, 0x0000000089800000| Untracked 
| 152|0x0000000089800000, 0x0000000089900000, 0x0000000089900000|100%| O|  |TAMS 0x0000000089800000, 0x0000000089900000| Untracked 
| 153|0x0000000089900000, 0x0000000089a00000, 0x0000000089a00000|100%| O|  |TAMS 0x0000000089900000, 0x0000000089a00000| Untracked 
| 154|0x0000000089a00000, 0x0000000089b00000, 0x0000000089b00000|100%| O|  |TAMS 0x0000000089a00000, 0x0000000089b00000| Untracked 
| 155|0x0000000089b00000, 0x0000000089c00000, 0x0000000089c00000|100%| O|  |TAMS 0x0000000089b00000, 0x0000000089c00000| Untracked 
| 156|0x0000000089c00000, 0x0000000089d00000, 0x0000000089d00000|100%| O|  |TAMS 0x0000000089c00000, 0x0000000089d00000| Untracked 
| 157|0x0000000089d00000, 0x0000000089e00000, 0x0000000089e00000|100%| O|  |TAMS 0x0000000089d00000, 0x0000000089e00000| Untracked 
| 158|0x0000000089e00000, 0x0000000089f00000, 0x0000000089f00000|100%| O|  |TAMS 0x0000000089e00000, 0x0000000089f00000| Untracked 
| 159|0x0000000089f00000, 0x000000008a000000, 0x000000008a000000|100%| O|  |TAMS 0x0000000089f00000, 0x000000008a000000| Untracked 
| 160|0x000000008a000000, 0x000000008a100000, 0x000000008a100000|100%| O|  |TAMS 0x000000008a000000, 0x000000008a100000| Untracked 
| 161|0x000000008a100000, 0x000000008a200000, 0x000000008a200000|100%| O|  |TAMS 0x000000008a100000, 0x000000008a200000| Untracked 
| 162|0x000000008a200000, 0x000000008a300000, 0x000000008a300000|100%| O|  |TAMS 0x000000008a200000, 0x000000008a300000| Untracked 
| 163|0x000000008a300000, 0x000000008a400000, 0x000000008a400000|100%| O|  |TAMS 0x000000008a300000, 0x000000008a400000| Untracked 
| 164|0x000000008a400000, 0x000000008a500000, 0x000000008a500000|100%| O|  |TAMS 0x000000008a400000, 0x000000008a500000| Untracked 
| 165|0x000000008a500000, 0x000000008a600000, 0x000000008a600000|100%| O|  |TAMS 0x000000008a500000, 0x000000008a600000| Untracked 
| 166|0x000000008a600000, 0x000000008a700000, 0x000000008a700000|100%| O|  |TAMS 0x000000008a600000, 0x000000008a700000| Untracked 
| 167|0x000000008a700000, 0x000000008a800000, 0x000000008a800000|100%| O|  |TAMS 0x000000008a700000, 0x000000008a800000| Untracked 
| 168|0x000000008a800000, 0x000000008a900000, 0x000000008a900000|100%| O|  |TAMS 0x000000008a800000, 0x000000008a900000| Untracked 
| 169|0x000000008a900000, 0x000000008aa00000, 0x000000008aa00000|100%| O|  |TAMS 0x000000008a900000, 0x000000008aa00000| Untracked 
| 170|0x000000008aa00000, 0x000000008ab00000, 0x000000008ab00000|100%| O|  |TAMS 0x000000008aa00000, 0x000000008ab00000| Untracked 
| 171|0x000000008ab00000, 0x000000008ac00000, 0x000000008ac00000|100%| O|  |TAMS 0x000000008ab00000, 0x000000008ac00000| Untracked 
| 172|0x000000008ac00000, 0x000000008ad00000, 0x000000008ad00000|100%| O|  |TAMS 0x000000008ac00000, 0x000000008ad00000| Untracked 
| 173|0x000000008ad00000, 0x000000008ae00000, 0x000000008ae00000|100%| O|  |TAMS 0x000000008ad00000, 0x000000008ae00000| Untracked 
| 174|0x000000008ae00000, 0x000000008af00000, 0x000000008af00000|100%| O|  |TAMS 0x000000008ae00000, 0x000000008af00000| Untracked 
| 175|0x000000008af00000, 0x000000008b000000, 0x000000008b000000|100%| O|  |TAMS 0x000000008af00000, 0x000000008b000000| Untracked 
| 176|0x000000008b000000, 0x000000008b100000, 0x000000008b100000|100%| O|  |TAMS 0x000000008b000000, 0x000000008b100000| Untracked 
| 177|0x000000008b100000, 0x000000008b200000, 0x000000008b200000|100%| O|  |TAMS 0x000000008b100000, 0x000000008b200000| Untracked 
| 178|0x000000008b200000, 0x000000008b300000, 0x000000008b300000|100%| O|  |TAMS 0x000000008b200000, 0x000000008b300000| Untracked 
| 179|0x000000008b300000, 0x000000008b400000, 0x000000008b400000|100%| O|  |TAMS 0x000000008b300000, 0x000000008b400000| Untracked 
| 180|0x000000008b400000, 0x000000008b500000, 0x000000008b500000|100%| O|  |TAMS 0x000000008b400000, 0x000000008b500000| Untracked 
| 181|0x000000008b500000, 0x000000008b600000, 0x000000008b600000|100%| O|  |TAMS 0x000000008b500000, 0x000000008b600000| Untracked 
| 182|0x000000008b600000, 0x000000008b700000, 0x000000008b700000|100%| O|  |TAMS 0x000000008b600000, 0x000000008b700000| Untracked 
| 183|0x000000008b700000, 0x000000008b800000, 0x000000008b800000|100%| O|  |TAMS 0x000000008b700000, 0x000000008b800000| Untracked 
| 184|0x000000008b800000, 0x000000008b900000, 0x000000008b900000|100%| O|  |TAMS 0x000000008b800000, 0x000000008b900000| Untracked 
| 185|0x000000008b900000, 0x000000008ba00000, 0x000000008ba00000|100%| O|  |TAMS 0x000000008b900000, 0x000000008ba00000| Untracked 
| 186|0x000000008ba00000, 0x000000008bb00000, 0x000000008bb00000|100%| O|  |TAMS 0x000000008ba00000, 0x000000008bb00000| Untracked 
| 187|0x000000008bb00000, 0x000000008bc00000, 0x000000008bc00000|100%| O|  |TAMS 0x000000008bb00000, 0x000000008bc00000| Untracked 
| 188|0x000000008bc00000, 0x000000008bd00000, 0x000000008bd00000|100%| O|  |TAMS 0x000000008bc00000, 0x000000008bd00000| Untracked 
| 189|0x000000008bd00000, 0x000000008be00000, 0x000000008be00000|100%| O|  |TAMS 0x000000008bd00000, 0x000000008be00000| Untracked 
| 190|0x000000008be00000, 0x000000008bf00000, 0x000000008bf00000|100%| O|  |TAMS 0x000000008be00000, 0x000000008bf00000| Untracked 
| 191|0x000000008bf00000, 0x000000008c000000, 0x000000008c000000|100%| O|  |TAMS 0x000000008bf00000, 0x000000008c000000| Untracked 
| 192|0x000000008c000000, 0x000000008c100000, 0x000000008c100000|100%| O|  |TAMS 0x000000008c000000, 0x000000008c100000| Untracked 
| 193|0x000000008c100000, 0x000000008c200000, 0x000000008c200000|100%| O|  |TAMS 0x000000008c100000, 0x000000008c200000| Untracked 
| 194|0x000000008c200000, 0x000000008c300000, 0x000000008c300000|100%| O|  |TAMS 0x000000008c200000, 0x000000008c300000| Untracked 
| 195|0x000000008c300000, 0x000000008c400000, 0x000000008c400000|100%| O|  |TAMS 0x000000008c300000, 0x000000008c400000| Untracked 
| 196|0x000000008c400000, 0x000000008c500000, 0x000000008c500000|100%| O|  |TAMS 0x000000008c400000, 0x000000008c500000| Untracked 
| 197|0x000000008c500000, 0x000000008c600000, 0x000000008c600000|100%| O|  |TAMS 0x000000008c500000, 0x000000008c600000| Untracked 
| 198|0x000000008c600000, 0x000000008c700000, 0x000000008c700000|100%| O|  |TAMS 0x000000008c600000, 0x000000008c680000| Untracked 
| 199|0x000000008c700000, 0x000000008c800000, 0x000000008c800000|100%| O|  |TAMS 0x000000008c700000, 0x000000008c700000| Untracked 
| 200|0x000000008c800000, 0x000000008c900000, 0x000000008c900000|100%| O|  |TAMS 0x000000008c800000, 0x000000008c800000| Untracked 
| 201|0x000000008c900000, 0x000000008ca00000, 0x000000008ca00000|100%| O|  |TAMS 0x000000008c900000, 0x000000008c900000| Untracked 
| 202|0x000000008ca00000, 0x000000008cb00000, 0x000000008cb00000|100%| O|  |TAMS 0x000000008ca00000, 0x000000008ca00000| Untracked 
| 203|0x000000008cb00000, 0x000000008cc00000, 0x000000008cc00000|100%| O|  |TAMS 0x000000008cb00000, 0x000000008cb00000| Untracked 
| 204|0x000000008cc00000, 0x000000008cc80000, 0x000000008cd00000| 50%| O|  |TAMS 0x000000008cc00000, 0x000000008cc00000| Untracked 
| 205|0x000000008cd00000, 0x000000008cd00000, 0x000000008ce00000|  0%| F|  |TAMS 0x000000008cd00000, 0x000000008cd00000| Untracked 
| 206|0x000000008ce00000, 0x000000008ce00000, 0x000000008cf00000|  0%| F|  |TAMS 0x000000008ce00000, 0x000000008ce00000| Untracked 
| 207|0x000000008cf00000, 0x000000008cf00000, 0x000000008d000000|  0%| F|  |TAMS 0x000000008cf00000, 0x000000008cf00000| Untracked 
| 208|0x000000008d000000, 0x000000008d000000, 0x000000008d100000|  0%| F|  |TAMS 0x000000008d000000, 0x000000008d000000| Untracked 
| 209|0x000000008d100000, 0x000000008d100000, 0x000000008d200000|  0%| F|  |TAMS 0x000000008d100000, 0x000000008d100000| Untracked 
| 210|0x000000008d200000, 0x000000008d200000, 0x000000008d300000|  0%| F|  |TAMS 0x000000008d200000, 0x000000008d200000| Untracked 
| 211|0x000000008d300000, 0x000000008d300000, 0x000000008d400000|  0%| F|  |TAMS 0x000000008d300000, 0x000000008d300000| Untracked 
| 212|0x000000008d400000, 0x000000008d400000, 0x000000008d500000|  0%| F|  |TAMS 0x000000008d400000, 0x000000008d400000| Untracked 
| 213|0x000000008d500000, 0x000000008d500000, 0x000000008d600000|  0%| F|  |TAMS 0x000000008d500000, 0x000000008d500000| Untracked 
| 214|0x000000008d600000, 0x000000008d600000, 0x000000008d700000|  0%| F|  |TAMS 0x000000008d600000, 0x000000008d600000| Untracked 
| 215|0x000000008d700000, 0x000000008d700000, 0x000000008d800000|  0%| F|  |TAMS 0x000000008d700000, 0x000000008d700000| Untracked 
| 216|0x000000008d800000, 0x000000008d800000, 0x000000008d900000|  0%| F|  |TAMS 0x000000008d800000, 0x000000008d800000| Untracked 
| 217|0x000000008d900000, 0x000000008d900000, 0x000000008da00000|  0%| F|  |TAMS 0x000000008d900000, 0x000000008d900000| Untracked 
| 218|0x000000008da00000, 0x000000008da00000, 0x000000008db00000|  0%| F|  |TAMS 0x000000008da00000, 0x000000008da00000| Untracked 
| 219|0x000000008db00000, 0x000000008db00000, 0x000000008dc00000|  0%| F|  |TAMS 0x000000008db00000, 0x000000008db00000| Untracked 
| 220|0x000000008dc00000, 0x000000008dc00000, 0x000000008dd00000|  0%| F|  |TAMS 0x000000008dc00000, 0x000000008dc00000| Untracked 
| 221|0x000000008dd00000, 0x000000008dd00000, 0x000000008de00000|  0%| F|  |TAMS 0x000000008dd00000, 0x000000008dd00000| Untracked 
| 222|0x000000008de00000, 0x000000008de00000, 0x000000008df00000|  0%| F|  |TAMS 0x000000008de00000, 0x000000008de00000| Untracked 
| 223|0x000000008df00000, 0x000000008df00000, 0x000000008e000000|  0%| F|  |TAMS 0x000000008df00000, 0x000000008df00000| Untracked 
| 224|0x000000008e000000, 0x000000008e000000, 0x000000008e100000|  0%| F|  |TAMS 0x000000008e000000, 0x000000008e000000| Untracked 
| 225|0x000000008e100000, 0x000000008e100000, 0x000000008e200000|  0%| F|  |TAMS 0x000000008e100000, 0x000000008e100000| Untracked 
| 226|0x000000008e200000, 0x000000008e200000, 0x000000008e300000|  0%| F|  |TAMS 0x000000008e200000, 0x000000008e200000| Untracked 
| 227|0x000000008e300000, 0x000000008e300000, 0x000000008e400000|  0%| F|  |TAMS 0x000000008e300000, 0x000000008e300000| Untracked 
| 228|0x000000008e400000, 0x000000008e400000, 0x000000008e500000|  0%| F|  |TAMS 0x000000008e400000, 0x000000008e400000| Untracked 
| 229|0x000000008e500000, 0x000000008e500000, 0x000000008e600000|  0%| F|  |TAMS 0x000000008e500000, 0x000000008e500000| Untracked 
| 230|0x000000008e600000, 0x000000008e600000, 0x000000008e700000|  0%| F|  |TAMS 0x000000008e600000, 0x000000008e600000| Untracked 
| 231|0x000000008e700000, 0x000000008e700000, 0x000000008e800000|  0%| F|  |TAMS 0x000000008e700000, 0x000000008e700000| Untracked 
| 232|0x000000008e800000, 0x000000008e800000, 0x000000008e900000|  0%| F|  |TAMS 0x000000008e800000, 0x000000008e800000| Untracked 
| 233|0x000000008e900000, 0x000000008e900000, 0x000000008ea00000|  0%| F|  |TAMS 0x000000008e900000, 0x000000008e900000| Untracked 
| 234|0x000000008ea00000, 0x000000008ea00000, 0x000000008eb00000|  0%| F|  |TAMS 0x000000008ea00000, 0x000000008ea00000| Untracked 
| 235|0x000000008eb00000, 0x000000008eb00000, 0x000000008ec00000|  0%| F|  |TAMS 0x000000008eb00000, 0x000000008eb00000| Untracked 
| 236|0x000000008ec00000, 0x000000008ec00000, 0x000000008ed00000|  0%| F|  |TAMS 0x000000008ec00000, 0x000000008ec00000| Untracked 
| 237|0x000000008ed00000, 0x000000008ed00000, 0x000000008ee00000|  0%| F|  |TAMS 0x000000008ed00000, 0x000000008ed00000| Untracked 
| 238|0x000000008ee00000, 0x000000008ee00000, 0x000000008ef00000|  0%| F|  |TAMS 0x000000008ee00000, 0x000000008ee00000| Untracked 
| 239|0x000000008ef00000, 0x000000008ef00000, 0x000000008f000000|  0%| F|  |TAMS 0x000000008ef00000, 0x000000008ef00000| Untracked 
| 240|0x000000008f000000, 0x000000008f000000, 0x000000008f100000|  0%| F|  |TAMS 0x000000008f000000, 0x000000008f000000| Untracked 
| 241|0x000000008f100000, 0x000000008f100000, 0x000000008f200000|  0%| F|  |TAMS 0x000000008f100000, 0x000000008f100000| Untracked 
| 242|0x000000008f200000, 0x000000008f200000, 0x000000008f300000|  0%| F|  |TAMS 0x000000008f200000, 0x000000008f200000| Untracked 
| 243|0x000000008f300000, 0x000000008f300000, 0x000000008f400000|  0%| F|  |TAMS 0x000000008f300000, 0x000000008f300000| Untracked 
| 244|0x000000008f400000, 0x000000008f400000, 0x000000008f500000|  0%| F|  |TAMS 0x000000008f400000, 0x000000008f400000| Untracked 
| 245|0x000000008f500000, 0x000000008f500000, 0x000000008f600000|  0%| F|  |TAMS 0x000000008f500000, 0x000000008f500000| Untracked 
| 246|0x000000008f600000, 0x000000008f600000, 0x000000008f700000|  0%| F|  |TAMS 0x000000008f600000, 0x000000008f600000| Untracked 
| 247|0x000000008f700000, 0x000000008f700000, 0x000000008f800000|  0%| F|  |TAMS 0x000000008f700000, 0x000000008f700000| Untracked 
| 248|0x000000008f800000, 0x000000008f800000, 0x000000008f900000|  0%| F|  |TAMS 0x000000008f800000, 0x000000008f800000| Untracked 
| 249|0x000000008f900000, 0x000000008f900000, 0x000000008fa00000|  0%| F|  |TAMS 0x000000008f900000, 0x000000008f900000| Untracked 
| 250|0x000000008fa00000, 0x000000008fa00000, 0x000000008fb00000|  0%| F|  |TAMS 0x000000008fa00000, 0x000000008fa00000| Untracked 
| 251|0x000000008fb00000, 0x000000008fb00000, 0x000000008fc00000|  0%| F|  |TAMS 0x000000008fb00000, 0x000000008fb00000| Untracked 
| 252|0x000000008fc00000, 0x000000008fc00000, 0x000000008fd00000|  0%| F|  |TAMS 0x000000008fc00000, 0x000000008fc00000| Untracked 
| 253|0x000000008fd00000, 0x000000008fd00000, 0x000000008fe00000|  0%| F|  |TAMS 0x000000008fd00000, 0x000000008fd00000| Untracked 
| 254|0x000000008fe00000, 0x000000008fe00000, 0x000000008ff00000|  0%| F|  |TAMS 0x000000008fe00000, 0x000000008fe00000| Untracked 
| 255|0x000000008ff00000, 0x000000008ff00000, 0x0000000090000000|  0%| F|  |TAMS 0x000000008ff00000, 0x000000008ff00000| Untracked 
| 256|0x0000000090000000, 0x0000000090000000, 0x0000000090100000|  0%| F|  |TAMS 0x0000000090000000, 0x0000000090000000| Untracked 
| 257|0x0000000090100000, 0x0000000090100000, 0x0000000090200000|  0%| F|  |TAMS 0x0000000090100000, 0x0000000090100000| Untracked 
| 258|0x0000000090200000, 0x0000000090200000, 0x0000000090300000|  0%| F|  |TAMS 0x0000000090200000, 0x0000000090200000| Untracked 
| 259|0x0000000090300000, 0x0000000090300000, 0x0000000090400000|  0%| F|  |TAMS 0x0000000090300000, 0x0000000090300000| Untracked 
| 260|0x0000000090400000, 0x0000000090400000, 0x0000000090500000|  0%| F|  |TAMS 0x0000000090400000, 0x0000000090400000| Untracked 
| 261|0x0000000090500000, 0x0000000090500000, 0x0000000090600000|  0%| F|  |TAMS 0x0000000090500000, 0x0000000090500000| Untracked 
| 262|0x0000000090600000, 0x0000000090600000, 0x0000000090700000|  0%| F|  |TAMS 0x0000000090600000, 0x0000000090600000| Untracked 
| 263|0x0000000090700000, 0x0000000090700000, 0x0000000090800000|  0%| F|  |TAMS 0x0000000090700000, 0x0000000090700000| Untracked 
| 264|0x0000000090800000, 0x0000000090800000, 0x0000000090900000|  0%| F|  |TAMS 0x0000000090800000, 0x0000000090800000| Untracked 
| 265|0x0000000090900000, 0x0000000090900000, 0x0000000090a00000|  0%| F|  |TAMS 0x0000000090900000, 0x0000000090900000| Untracked 
| 266|0x0000000090a00000, 0x0000000090a00000, 0x0000000090b00000|  0%| F|  |TAMS 0x0000000090a00000, 0x0000000090a00000| Untracked 
| 267|0x0000000090b00000, 0x0000000090b00000, 0x0000000090c00000|  0%| F|  |TAMS 0x0000000090b00000, 0x0000000090b00000| Untracked 
| 268|0x0000000090c00000, 0x0000000090c00000, 0x0000000090d00000|  0%| F|  |TAMS 0x0000000090c00000, 0x0000000090c00000| Untracked 
| 269|0x0000000090d00000, 0x0000000090d00000, 0x0000000090e00000|  0%| F|  |TAMS 0x0000000090d00000, 0x0000000090d00000| Untracked 
| 270|0x0000000090e00000, 0x0000000090e00000, 0x0000000090f00000|  0%| F|  |TAMS 0x0000000090e00000, 0x0000000090e00000| Untracked 
| 271|0x0000000090f00000, 0x0000000090f00000, 0x0000000091000000|  0%| F|  |TAMS 0x0000000090f00000, 0x0000000090f00000| Untracked 
| 272|0x0000000091000000, 0x0000000091000000, 0x0000000091100000|  0%| F|  |TAMS 0x0000000091000000, 0x0000000091000000| Untracked 
| 273|0x0000000091100000, 0x0000000091100000, 0x0000000091200000|  0%| F|  |TAMS 0x0000000091100000, 0x0000000091100000| Untracked 
| 274|0x0000000091200000, 0x0000000091200000, 0x0000000091300000|  0%| F|  |TAMS 0x0000000091200000, 0x0000000091200000| Untracked 
| 275|0x0000000091300000, 0x0000000091300000, 0x0000000091400000|  0%| F|  |TAMS 0x0000000091300000, 0x0000000091300000| Untracked 
| 276|0x0000000091400000, 0x0000000091400000, 0x0000000091500000|  0%| F|  |TAMS 0x0000000091400000, 0x0000000091400000| Untracked 
| 277|0x0000000091500000, 0x0000000091500000, 0x0000000091600000|  0%| F|  |TAMS 0x0000000091500000, 0x0000000091500000| Untracked 
| 278|0x0000000091600000, 0x0000000091600000, 0x0000000091700000|  0%| F|  |TAMS 0x0000000091600000, 0x0000000091600000| Untracked 
| 279|0x0000000091700000, 0x0000000091700000, 0x0000000091800000|  0%| F|  |TAMS 0x0000000091700000, 0x0000000091700000| Untracked 
| 280|0x0000000091800000, 0x0000000091800000, 0x0000000091900000|  0%| F|  |TAMS 0x0000000091800000, 0x0000000091800000| Untracked 
| 281|0x0000000091900000, 0x0000000091900000, 0x0000000091a00000|  0%| F|  |TAMS 0x0000000091900000, 0x0000000091900000| Untracked 
| 282|0x0000000091a00000, 0x0000000091a00000, 0x0000000091b00000|  0%| F|  |TAMS 0x0000000091a00000, 0x0000000091a00000| Untracked 
| 283|0x0000000091b00000, 0x0000000091b00000, 0x0000000091c00000|  0%| F|  |TAMS 0x0000000091b00000, 0x0000000091b00000| Untracked 
| 284|0x0000000091c00000, 0x0000000091c00000, 0x0000000091d00000|  0%| F|  |TAMS 0x0000000091c00000, 0x0000000091c00000| Untracked 
| 285|0x0000000091d00000, 0x0000000091d00000, 0x0000000091e00000|  0%| F|  |TAMS 0x0000000091d00000, 0x0000000091d00000| Untracked 
| 286|0x0000000091e00000, 0x0000000091e00000, 0x0000000091f00000|  0%| F|  |TAMS 0x0000000091e00000, 0x0000000091e00000| Untracked 
| 287|0x0000000091f00000, 0x0000000091f00000, 0x0000000092000000|  0%| F|  |TAMS 0x0000000091f00000, 0x0000000091f00000| Untracked 
| 288|0x0000000092000000, 0x0000000092100000, 0x0000000092100000|100%| S|CS|TAMS 0x0000000092000000, 0x0000000092000000| Complete 
| 289|0x0000000092100000, 0x0000000092200000, 0x0000000092200000|100%| S|CS|TAMS 0x0000000092100000, 0x0000000092100000| Complete 
| 290|0x0000000092200000, 0x0000000092300000, 0x0000000092300000|100%| S|CS|TAMS 0x0000000092200000, 0x0000000092200000| Complete 
| 291|0x0000000092300000, 0x0000000092300000, 0x0000000092400000|  0%| F|  |TAMS 0x0000000092300000, 0x0000000092300000| Untracked 
| 292|0x0000000092400000, 0x0000000092400000, 0x0000000092500000|  0%| F|  |TAMS 0x0000000092400000, 0x0000000092400000| Untracked 
| 293|0x0000000092500000, 0x0000000092500000, 0x0000000092600000|  0%| F|  |TAMS 0x0000000092500000, 0x0000000092500000| Untracked 
| 294|0x0000000092600000, 0x0000000092600000, 0x0000000092700000|  0%| F|  |TAMS 0x0000000092600000, 0x0000000092600000| Untracked 
| 295|0x0000000092700000, 0x0000000092700000, 0x0000000092800000|  0%| F|  |TAMS 0x0000000092700000, 0x0000000092700000| Untracked 
| 296|0x0000000092800000, 0x0000000092800000, 0x0000000092900000|  0%| F|  |TAMS 0x0000000092800000, 0x0000000092800000| Untracked 
| 297|0x0000000092900000, 0x0000000092900000, 0x0000000092a00000|  0%| F|  |TAMS 0x0000000092900000, 0x0000000092900000| Untracked 
| 298|0x0000000092a00000, 0x0000000092a00000, 0x0000000092b00000|  0%| F|  |TAMS 0x0000000092a00000, 0x0000000092a00000| Untracked 
| 299|0x0000000092b00000, 0x0000000092b00000, 0x0000000092c00000|  0%| F|  |TAMS 0x0000000092b00000, 0x0000000092b00000| Untracked 
| 300|0x0000000092c00000, 0x0000000092c00000, 0x0000000092d00000|  0%| F|  |TAMS 0x0000000092c00000, 0x0000000092c00000| Untracked 
| 301|0x0000000092d00000, 0x0000000092d00000, 0x0000000092e00000|  0%| F|  |TAMS 0x0000000092d00000, 0x0000000092d00000| Untracked 
| 302|0x0000000092e00000, 0x0000000092e00000, 0x0000000092f00000|  0%| F|  |TAMS 0x0000000092e00000, 0x0000000092e00000| Untracked 
| 303|0x0000000092f00000, 0x0000000092f00000, 0x0000000093000000|  0%| F|  |TAMS 0x0000000092f00000, 0x0000000092f00000| Untracked 
| 304|0x0000000093000000, 0x0000000093000000, 0x0000000093100000|  0%| F|  |TAMS 0x0000000093000000, 0x0000000093000000| Untracked 
| 305|0x0000000093100000, 0x0000000093100000, 0x0000000093200000|  0%| F|  |TAMS 0x0000000093100000, 0x0000000093100000| Untracked 
| 306|0x0000000093200000, 0x0000000093200000, 0x0000000093300000|  0%| F|  |TAMS 0x0000000093200000, 0x0000000093200000| Untracked 
| 307|0x0000000093300000, 0x0000000093300000, 0x0000000093400000|  0%| F|  |TAMS 0x0000000093300000, 0x0000000093300000| Untracked 
| 308|0x0000000093400000, 0x0000000093411f68, 0x0000000093500000|  7%| E|  |TAMS 0x0000000093400000, 0x0000000093400000| Complete 
|2042|0x00000000ffa00000, 0x00000000ffb00000, 0x00000000ffb00000|100%| O|  |TAMS 0x00000000ffa00000, 0x00000000ffb00000| Untracked 
|2043|0x00000000ffb00000, 0x00000000ffc00000, 0x00000000ffc00000|100%| O|  |TAMS 0x00000000ffb00000, 0x00000000ffc00000| Untracked 
|2044|0x00000000ffc00000, 0x00000000ffd00000, 0x00000000ffd00000|100%| O|  |TAMS 0x00000000ffc00000, 0x00000000ffd00000| Untracked 
|2045|0x00000000ffd00000, 0x00000000ffe00000, 0x00000000ffe00000|100%| O|  |TAMS 0x00000000ffd00000, 0x00000000ffe00000| Untracked 
|2046|0x00000000ffe00000, 0x00000000fff00000, 0x00000000fff00000|100%| O|  |TAMS 0x00000000ffe00000, 0x00000000fff00000| Untracked 
|2047|0x00000000fff00000, 0x0000000100000000, 0x0000000100000000|100%| O|  |TAMS 0x00000000fff00000, 0x0000000100000000| Untracked 

Card table byte_map: [0x0000019315220000,0x0000019315620000] _byte_map_base: 0x0000019314e20000

Marking Bits (Prev, Next): (CMBitMap*) 0x00000193029a7410, (CMBitMap*) 0x00000193029a7450
 Prev Bits: [0x0000019315a20000, 0x0000019317a20000)
 Next Bits: [0x0000019317a20000, 0x0000019319a20000)

Polling page: 0x00000193007e0000

Metaspace:

Usage:
  Non-class:     94.14 MB used.
      Class:     14.44 MB used.
       Both:    108.57 MB used.

Virtual space:
  Non-class space:       96.00 MB reserved,      94.56 MB ( 99%) committed,  12 nodes.
      Class space:        1.00 GB reserved,      14.81 MB (  1%) committed,  1 nodes.
             Both:        1.09 GB reserved,     109.38 MB ( 10%) committed. 

Chunk freelists:
   Non-Class:  1.30 MB
       Class:  1.03 MB
        Both:  2.33 MB

MaxMetaspaceSize: unlimited
CompressedClassSpaceSize: 1.00 GB
Initial GC threshold: 21.00 MB
Current GC threshold: 109.62 MB
CDS: off
MetaspaceReclaimPolicy: balanced
 - commit_granule_bytes: 65536.
 - commit_granule_words: 8192.
 - virtual_space_node_default_size: 1048576.
 - enlarge_chunks_in_place: 1.
 - new_chunks_are_fully_committed: 0.
 - uncommit_free_chunks: 1.
 - use_allocation_guard: 0.
 - handle_deallocations: 1.


Internal statistics:

num_allocs_failed_limit: 9.
num_arena_births: 1132.
num_arena_deaths: 0.
num_vsnodes_births: 13.
num_vsnodes_deaths: 0.
num_space_committed: 1749.
num_space_uncommitted: 0.
num_chunks_returned_to_freelist: 9.
num_chunks_taken_from_freelist: 5252.
num_chunk_merges: 9.
num_chunk_splits: 3530.
num_chunks_enlarged: 2417.
num_purges: 0.
num_inconsistent_stats: 0.

CodeHeap 'non-profiled nmethods': size=120064Kb used=7720Kb max_used=7720Kb free=112343Kb
 bounds [0x000001930d8e0000, 0x000001930e070000, 0x0000019314e20000]
CodeHeap 'profiled nmethods': size=120000Kb used=26479Kb max_used=26479Kb free=93520Kb
 bounds [0x0000019305e20000, 0x0000019307800000, 0x000001930d350000]
CodeHeap 'non-nmethods': size=5696Kb used=2422Kb max_used=2465Kb free=3273Kb
 bounds [0x000001930d350000, 0x000001930d5d0000, 0x000001930d8e0000]
 total_blobs=14385 nmethods=13421 adapters=877
 compilation: enabled
              stopped_count=0, restarted_count=0
 full_count=0

Compilation events (20 events):
Event: 104.188 Thread 0x000001931bc1e410 15996       2       com.google.common.base.CharMatcher::replaceFrom (82 bytes)
Event: 104.189 Thread 0x000001931bc1e410 nmethod 15996 0x00000193077f8d10 code [0x00000193077f8f00, 0x00000193077f9298]
Event: 104.196 Thread 0x000001931bc1e410 15997       2       org.objectweb.asm.commons.GeneratorAdapter::dup (10 bytes)
Event: 104.196 Thread 0x000001931bc1e410 nmethod 15997 0x00000193077f9510 code [0x00000193077f96a0, 0x00000193077f97c8]
Event: 104.197 Thread 0x000001931bc1e410 15998       2       org.objectweb.asm.MethodWriter::visitLdcInsn (215 bytes)
Event: 104.198 Thread 0x000001931bc1e410 nmethod 15998 0x00000193077f9890 code [0x00000193077f9aa0, 0x00000193077f9f68]
Event: 104.198 Thread 0x000001931bc1e410 15999       2       org.objectweb.asm.commons.GeneratorAdapter::push (87 bytes)
Event: 104.199 Thread 0x000001931bc1e410 nmethod 15999 0x00000193077fa310 code [0x00000193077fa500, 0x00000193077fa818]
Event: 104.199 Thread 0x000001931bc1e410 16000       2       org.objectweb.asm.commons.GeneratorAdapter::arrayStore (14 bytes)
Event: 104.200 Thread 0x000001931bc1e410 nmethod 16000 0x00000193077fa990 code [0x00000193077fab40, 0x00000193077fac98]
Event: 104.200 Thread 0x000001931bc1e410 16001       2       com.android.builder.symbols.BytecodeRClassWriterKt::isUnstableAndroidAttr (49 bytes)
Event: 104.200 Thread 0x000001931bc1e410 nmethod 16001 0x00000193077fad90 code [0x00000193077faf40, 0x00000193077fb108]
Event: 104.201 Thread 0x000001931bc1e410 16002       2       org.objectweb.asm.MethodWriter::visitIntInsn (113 bytes)
Event: 104.201 Thread 0x000001931bc1e410 nmethod 16002 0x00000193077fb210 code [0x00000193077fb3e0, 0x00000193077fb648]
Event: 104.202 Thread 0x000001931bc1e410 16003       2       org.objectweb.asm.Type::getSort (19 bytes)
Event: 104.203 Thread 0x000001931bc1e410 nmethod 16003 0x00000193077fb790 code [0x00000193077fb920, 0x00000193077fba38]
Event: 104.263 Thread 0x000001931bc1e410 16004       2       java.util.Collections$SetFromMap::remove (19 bytes)
Event: 104.264 Thread 0x000001931bc1e410 nmethod 16004 0x00000193077fbb10 code [0x00000193077fbca0, 0x00000193077fbde8]
Event: 105.142 Thread 0x000001931c835f10 nmethod 15951 0x000001930e05d610 code [0x000001930e05db20, 0x000001930e064f70]
Event: 105.142 Thread 0x000001931c835f10 15911       4       com.android.tools.r8.dex.B::h (833 bytes)

GC Heap History (20 events):
Event: 60.119 GC heap before
{Heap before GC invocations=34 (full 0):
 garbage-first heap   total 262144K, used 222706K [0x0000000080000000, 0x0000000100000000)
  region size 1024K, 135 young (138240K), 18 survivors (18432K)
 Metaspace       used 90994K, committed 91712K, reserved 1130496K
  class space    used 12196K, committed 12544K, reserved 1048576K
}
Event: 60.270 GC heap after
{Heap after GC invocations=35 (full 0):
 garbage-first heap   total 268288K, used 103709K [0x0000000080000000, 0x0000000100000000)
  region size 1024K, 17 young (17408K), 17 survivors (17408K)
 Metaspace       used 90994K, committed 91712K, reserved 1130496K
  class space    used 12196K, committed 12544K, reserved 1048576K
}
Event: 65.150 GC heap before
{Heap before GC invocations=35 (full 0):
 garbage-first heap   total 268288K, used 196893K [0x0000000080000000, 0x0000000100000000)
  region size 1024K, 109 young (111616K), 17 survivors (17408K)
 Metaspace       used 94717K, committed 95424K, reserved 1138688K
  class space    used 12498K, committed 12800K, reserved 1048576K
}
Event: 65.221 GC heap after
{Heap after GC invocations=36 (full 0):
 garbage-first heap   total 268288K, used 108032K [0x0000000080000000, 0x0000000100000000)
  region size 1024K, 4 young (4096K), 4 survivors (4096K)
 Metaspace       used 94717K, committed 95424K, reserved 1138688K
  class space    used 12498K, committed 12800K, reserved 1048576K
}
Event: 77.921 GC heap before
{Heap before GC invocations=36 (full 0):
 garbage-first heap   total 268288K, used 204288K [0x0000000080000000, 0x0000000100000000)
  region size 1024K, 99 young (101376K), 4 survivors (4096K)
 Metaspace       used 101894K, committed 102528K, reserved 1138688K
  class space    used 13407K, committed 13696K, reserved 1048576K
}
Event: 77.956 GC heap after
{Heap after GC invocations=37 (full 0):
 garbage-first heap   total 268288K, used 111616K [0x0000000080000000, 0x0000000100000000)
  region size 1024K, 8 young (8192K), 8 survivors (8192K)
 Metaspace       used 101894K, committed 102528K, reserved 1138688K
  class space    used 13407K, committed 13696K, reserved 1048576K
}
Event: 84.792 GC heap before
{Heap before GC invocations=37 (full 0):
 garbage-first heap   total 268288K, used 207872K [0x0000000080000000, 0x0000000100000000)
  region size 1024K, 103 young (105472K), 8 survivors (8192K)
 Metaspace       used 104122K, committed 104896K, reserved 1146880K
  class space    used 13681K, committed 14080K, reserved 1048576K
}
Event: 84.880 GC heap after
{Heap after GC invocations=38 (full 0):
 garbage-first heap   total 268288K, used 120689K [0x0000000080000000, 0x0000000100000000)
  region size 1024K, 13 young (13312K), 13 survivors (13312K)
 Metaspace       used 104122K, committed 104896K, reserved 1146880K
  class space    used 13681K, committed 14080K, reserved 1048576K
}
Event: 93.780 GC heap before
{Heap before GC invocations=38 (full 0):
 garbage-first heap   total 268288K, used 235377K [0x0000000080000000, 0x0000000100000000)
  region size 1024K, 89 young (91136K), 13 survivors (13312K)
 Metaspace       used 107714K, committed 108544K, reserved 1146880K
  class space    used 14187K, committed 14592K, reserved 1048576K
}
Event: 93.822 GC heap after
{Heap after GC invocations=39 (full 0):
 garbage-first heap   total 268288K, used 149843K [0x0000000080000000, 0x0000000100000000)
  region size 1024K, 9 young (9216K), 9 survivors (9216K)
 Metaspace       used 107714K, committed 108544K, reserved 1146880K
  class space    used 14187K, committed 14592K, reserved 1048576K
}
Event: 99.140 GC heap before
{Heap before GC invocations=39 (full 0):
 garbage-first heap   total 268288K, used 221523K [0x0000000080000000, 0x0000000100000000)
  region size 1024K, 75 young (76800K), 9 survivors (9216K)
 Metaspace       used 110558K, committed 111296K, reserved 1146880K
  class space    used 14720K, committed 15104K, reserved 1048576K
}
Event: 99.305 GC heap after
{Heap after GC invocations=40 (full 0):
 garbage-first heap   total 268288K, used 172544K [0x0000000080000000, 0x0000000100000000)
  region size 1024K, 10 young (10240K), 10 survivors (10240K)
 Metaspace       used 110558K, committed 111296K, reserved 1146880K
  class space    used 14720K, committed 15104K, reserved 1048576K
}
Event: 101.279 GC heap before
{Heap before GC invocations=40 (full 0):
 garbage-first heap   total 268288K, used 213504K [0x0000000080000000, 0x0000000100000000)
  region size 1024K, 50 young (51200K), 10 survivors (10240K)
 Metaspace       used 110682K, committed 111424K, reserved 1146880K
  class space    used 14728K, committed 15104K, reserved 1048576K
}
Event: 101.520 GC heap after
{Heap after GC invocations=41 (full 0):
 garbage-first heap   total 268288K, used 191488K [0x0000000080000000, 0x0000000100000000)
  region size 1024K, 7 young (7168K), 7 survivors (7168K)
 Metaspace       used 110682K, committed 111424K, reserved 1146880K
  class space    used 14728K, committed 15104K, reserved 1048576K
}
Event: 102.571 GC heap before
{Heap before GC invocations=41 (full 0):
 garbage-first heap   total 268288K, used 216064K [0x0000000080000000, 0x0000000100000000)
  region size 1024K, 32 young (32768K), 7 survivors (7168K)
 Metaspace       used 110699K, committed 111424K, reserved 1146880K
  class space    used 14729K, committed 15104K, reserved 1048576K
}
Event: 102.721 GC heap after
{Heap after GC invocations=42 (full 0):
 garbage-first heap   total 268288K, used 203264K [0x0000000080000000, 0x0000000100000000)
  region size 1024K, 4 young (4096K), 4 survivors (4096K)
 Metaspace       used 110699K, committed 111424K, reserved 1146880K
  class space    used 14729K, committed 15104K, reserved 1048576K
}
Event: 103.433 GC heap before
{Heap before GC invocations=42 (full 0):
 garbage-first heap   total 268288K, used 221696K [0x0000000080000000, 0x0000000100000000)
  region size 1024K, 22 young (22528K), 4 survivors (4096K)
 Metaspace       used 110706K, committed 111424K, reserved 1146880K
  class space    used 14729K, committed 15104K, reserved 1048576K
}
Event: 103.555 GC heap after
{Heap after GC invocations=43 (full 0):
 garbage-first heap   total 322560K, used 212480K [0x0000000080000000, 0x0000000100000000)
  region size 1024K, 3 young (3072K), 3 survivors (3072K)
 Metaspace       used 110706K, committed 111424K, reserved 1146880K
  class space    used 14729K, committed 15104K, reserved 1048576K
}
Event: 104.286 GC heap before
{Heap before GC invocations=43 (full 0):
 garbage-first heap   total 322560K, used 228864K [0x0000000080000000, 0x0000000100000000)
  region size 1024K, 21 young (21504K), 3 survivors (3072K)
 Metaspace       used 111164K, committed 111936K, reserved 1146880K
  class space    used 14781K, committed 15168K, reserved 1048576K
}
Event: 104.391 GC heap after
{Heap after GC invocations=44 (full 0):
 garbage-first heap   total 322560K, used 218624K [0x0000000080000000, 0x0000000100000000)
  region size 1024K, 3 young (3072K), 3 survivors (3072K)
 Metaspace       used 111164K, committed 111936K, reserved 1146880K
  class space    used 14781K, committed 15168K, reserved 1048576K
}

Dll operation events (2 events):
Event: 0.072 Loaded shared library C:\Program Files\Android\Android Studio\jbr\bin\java.dll
Event: 4.375 Loaded shared library C:\Program Files\Android\Android Studio\jbr\bin\verify.dll

Deoptimization events (20 events):
Event: 103.150 Thread 0x0000019320cbe900 DEOPT PACKING pc=0x0000019306c128b2 sp=0x00000013cc4fd500
Event: 103.150 Thread 0x0000019320cbe900 DEOPT UNPACKING pc=0x000001930d3a7143 sp=0x00000013cc4fc8b0 mode 0
Event: 103.166 Thread 0x0000019320cbe900 DEOPT PACKING pc=0x00000193077c78e8 sp=0x00000013cc4fd290
Event: 103.166 Thread 0x0000019320cbe900 DEOPT UNPACKING pc=0x000001930d3a7143 sp=0x00000013cc4fc768 mode 0
Event: 103.180 Thread 0x0000019320cbe900 DEOPT PACKING pc=0x00000193077b2eb9 sp=0x00000013cc4fd480
Event: 103.180 Thread 0x0000019320cbe900 DEOPT UNPACKING pc=0x000001930d3a7143 sp=0x00000013cc4fc9a8 mode 0
Event: 103.792 Thread 0x0000019320cbe900 DEOPT PACKING pc=0x00000193077c78e8 sp=0x00000013cc4fd1d0
Event: 103.792 Thread 0x0000019320cbe900 DEOPT UNPACKING pc=0x000001930d3a7143 sp=0x00000013cc4fc6a8 mode 0
Event: 103.855 Thread 0x000001931f7453d0 DEOPT PACKING pc=0x0000019307701a4a sp=0x00000013cc8fefe0
Event: 103.855 Thread 0x000001931f7453d0 DEOPT UNPACKING pc=0x000001930d3a7143 sp=0x00000013cc8fe570 mode 0
Event: 103.886 Thread 0x000001931f7453d0 DEOPT PACKING pc=0x0000019307701a4a sp=0x00000013cc8feff0
Event: 103.886 Thread 0x000001931f7453d0 DEOPT UNPACKING pc=0x000001930d3a7143 sp=0x00000013cc8fe580 mode 0
Event: 103.979 Thread 0x000001931f7453d0 DEOPT PACKING pc=0x0000019307701a4a sp=0x00000013cc8fefe0
Event: 103.979 Thread 0x000001931f7453d0 DEOPT UNPACKING pc=0x000001930d3a7143 sp=0x00000013cc8fe570 mode 0
Event: 103.989 Thread 0x000001931f7453d0 DEOPT PACKING pc=0x0000019307701a4a sp=0x00000013cc8fefe0
Event: 103.989 Thread 0x000001931f7453d0 DEOPT UNPACKING pc=0x000001930d3a7143 sp=0x00000013cc8fe570 mode 0
Event: 103.997 Thread 0x000001931f7453d0 DEOPT PACKING pc=0x0000019307701a4a sp=0x00000013cc8fefe0
Event: 103.997 Thread 0x000001931f7453d0 DEOPT UNPACKING pc=0x000001930d3a7143 sp=0x00000013cc8fe570 mode 0
Event: 104.069 Thread 0x000001931f7453d0 DEOPT PACKING pc=0x0000019307701a4a sp=0x00000013cc8fefe0
Event: 104.069 Thread 0x000001931f7453d0 DEOPT UNPACKING pc=0x000001930d3a7143 sp=0x00000013cc8fe570 mode 0

Classes unloaded (0 events):
No events

Classes redefined (0 events):
No events

Internal exceptions (20 events):
Event: 81.576 Thread 0x0000019320cbedd0 Exception <a 'sun/nio/fs/WindowsException'{0x000000008d422718}> (0x000000008d422718) 
thrown [s\src\hotspot\share\prims\jni.cpp, line 517]
Event: 81.576 Thread 0x0000019320cbedd0 Exception <a 'sun/nio/fs/WindowsException'{0x000000008d422a30}> (0x000000008d422a30) 
thrown [s\src\hotspot\share\prims\jni.cpp, line 517]
Event: 81.608 Thread 0x000001931f744f00 Exception <a 'sun/nio/fs/WindowsException'{0x000000008d3169c0}> (0x000000008d3169c0) 
thrown [s\src\hotspot\share\prims\jni.cpp, line 517]
Event: 81.608 Thread 0x000001931f744f00 Exception <a 'sun/nio/fs/WindowsException'{0x000000008d316c68}> (0x000000008d316c68) 
thrown [s\src\hotspot\share\prims\jni.cpp, line 517]
Event: 82.239 Thread 0x0000019320cbe900 Exception <a 'java/lang/NoSuchMethodError'{0x000000008cf7df78}: 'int java.lang.invoke.DirectMethodHandle$Holder.invokeSpecialIFC(java.lang.Object, java.lang.Object, java.lang.Object)'> (0x000000008cf7df78) 
thrown [s\src\hotspot\share\interpreter\linkResolver.cpp, line 771]
Event: 84.299 Thread 0x000001931f744f00 Exception <a 'java/lang/NoSuchMethodError'{0x000000008ab5b7f0}: 'java.lang.Object java.lang.invoke.DirectMethodHandle$Holder.invokeVirtual(java.lang.Object, java.lang.Object, int)'> (0x000000008ab5b7f0) 
thrown [s\src\hotspot\share\interpreter\linkResolver.cpp, line 771]
Event: 84.356 Thread 0x000001931f744f00 Exception <a 'java/lang/NoSuchMethodError'{0x000000008ab68390}: 'void java.lang.invoke.DirectMethodHandle$Holder.invokeStatic(java.lang.Object, java.lang.Object, java.lang.Object, int)'> (0x000000008ab68390) 
thrown [s\src\hotspot\share\interpreter\linkResolver.cpp, line 771]
Event: 84.654 Thread 0x000001931f744f00 Implicit null exception at 0x000001930dafb630 to 0x000001930dafb647
Event: 87.321 Thread 0x0000019320cbedd0 Exception <a 'sun/nio/fs/WindowsException'{0x000000008ea9de40}> (0x000000008ea9de40) 
thrown [s\src\hotspot\share\prims\jni.cpp, line 517]
Event: 89.428 Thread 0x0000019320cbedd0 Exception <a 'sun/nio/fs/WindowsException'{0x000000008da09828}> (0x000000008da09828) 
thrown [s\src\hotspot\share\prims\jni.cpp, line 517]
Event: 89.531 Thread 0x0000019320cbedd0 Exception <a 'sun/nio/fs/WindowsException'{0x000000008da23f28}> (0x000000008da23f28) 
thrown [s\src\hotspot\share\prims\jni.cpp, line 517]
Event: 92.307 Thread 0x000001931f741540 Exception <a 'sun/nio/fs/WindowsException'{0x000000008c6d6c48}> (0x000000008c6d6c48) 
thrown [s\src\hotspot\share\prims\jni.cpp, line 517]
Event: 93.736 Thread 0x000001931f741540 Exception <a 'java/lang/NoSuchMethodError'{0x000000008bd733a8}: 'java.lang.Object java.lang.invoke.DirectMethodHandle$Holder.invokeStaticInit(java.lang.Object, java.lang.Object, java.lang.Object, java.lang.Object, java.lang.Object, java.lang.Object, java.lang.Object, java.lang.Object, java.lang.Object, java.lang.Object, java.lang.Object, java.lang.Object, java.lang.Object, java.lang.Object, java.lang.Object, java.lang.Object, java.lang.Object, java.lang.Object, java.lang.Object, int, java.lang.Object, java
Event: 97.041 Thread 0x000001931f744090 Exception <a 'java/lang/IncompatibleClassChangeError'{0x000000008cfaa8b8}: Found class java.lang.Object, but interface was expected> (0x000000008cfaa8b8) 
thrown [s\src\hotspot\share\interpreter\linkResolver.cpp, line 838]
Event: 97.042 Thread 0x000001931f7453d0 Exception <a 'java/lang/NoSuchMethodError'{0x000000008cfcad60}: 'long java.lang.invoke.DirectMethodHandle$Holder.invokeStatic(java.lang.Object, java.lang.Object, java.lang.Object)'> (0x000000008cfcad60) 
thrown [s\src\hotspot\share\interpreter\linkResolver.cpp, line 771]
Event: 97.053 Thread 0x000001931f744090 Exception <a 'java/lang/IncompatibleClassChangeError'{0x000000008ce0aa48}: Found class java.lang.Object, but interface was expected> (0x000000008ce0aa48) 
thrown [s\src\hotspot\share\interpreter\linkResolver.cpp, line 838]
Event: 97.054 Thread 0x000001931f744090 Exception <a 'java/lang/IncompatibleClassChangeError'{0x000000008ce1e7b0}: Found class java.lang.Object, but interface was expected> (0x000000008ce1e7b0) 
thrown [s\src\hotspot\share\interpreter\linkResolver.cpp, line 838]
Event: 103.805 Thread 0x0000019320cbe900 Exception <a 'sun/nio/fs/WindowsException'{0x0000000092fef1a8}> (0x0000000092fef1a8) 
thrown [s\src\hotspot\share\prims\jni.cpp, line 517]
Event: 103.893 Thread 0x0000019320cbe900 Exception <a 'sun/nio/fs/WindowsException'{0x0000000092c9f7b8}> (0x0000000092c9f7b8) 
thrown [s\src\hotspot\share\prims\jni.cpp, line 517]
Event: 103.893 Thread 0x0000019320cbe900 Exception <a 'sun/nio/fs/WindowsException'{0x0000000092c9fb78}> (0x0000000092c9fb78) 
thrown [s\src\hotspot\share\prims\jni.cpp, line 517]

VM Operations (20 events):
Event: 96.859 Executing VM operation: Cleanup
Event: 96.874 Executing VM operation: Cleanup done
Event: 98.885 Executing VM operation: Cleanup
Event: 99.026 Executing VM operation: Cleanup done
Event: 99.041 Executing VM operation: G1CollectForAllocation
Event: 99.373 Executing VM operation: G1CollectForAllocation done
Event: 100.375 Executing VM operation: HandshakeAllThreads
Event: 100.529 Executing VM operation: HandshakeAllThreads done
Event: 100.529 Executing VM operation: Cleanup
Event: 100.561 Executing VM operation: Cleanup done
Event: 101.256 Executing VM operation: G1CollectForAllocation
Event: 101.545 Executing VM operation: G1CollectForAllocation done
Event: 102.441 Executing VM operation: G1CollectForAllocation
Event: 102.799 Executing VM operation: G1CollectForAllocation done
Event: 103.064 Executing VM operation: HandshakeAllThreads
Event: 103.127 Executing VM operation: HandshakeAllThreads done
Event: 103.269 Executing VM operation: G1CollectForAllocation
Event: 103.574 Executing VM operation: G1CollectForAllocation done
Event: 104.285 Executing VM operation: CollectForMetadataAllocation
Event: 104.420 Executing VM operation: CollectForMetadataAllocation done

Events (20 events):
Event: 96.392 loading class java/util/concurrent/ForkJoinTask$Aux
Event: 96.392 loading class java/util/concurrent/ForkJoinTask$Aux done
Event: 96.393 loading class java/util/concurrent/ForkJoinPool$DefaultForkJoinWorkerThreadFactory$1
Event: 96.395 loading class java/util/concurrent/ForkJoinPool$DefaultForkJoinWorkerThreadFactory$1 done
Event: 96.397 Thread 0x000001931f744090 Thread added: 0x000001931f744090
Event: 96.431 Thread 0x000001931f7453d0 Thread added: 0x000001931f7453d0
Event: 96.473 loading class java/lang/reflect/GenericSignatureFormatError
Event: 96.473 loading class java/lang/reflect/GenericSignatureFormatError done
Event: 96.985 loading class java/nio/ShortBuffer
Event: 96.986 loading class java/nio/ShortBuffer done
Event: 96.986 loading class java/nio/HeapShortBuffer
Event: 96.987 loading class java/nio/HeapShortBuffer done
Event: 97.068 loading class java/util/AbstractList$RandomAccessSubList
Event: 97.069 loading class java/util/AbstractList$SubList
Event: 97.069 loading class java/util/AbstractList$SubList done
Event: 97.069 loading class java/util/AbstractList$RandomAccessSubList done
Event: 97.069 loading class java/util/AbstractList$SubList$1
Event: 97.070 loading class java/util/AbstractList$SubList$1 done
Event: 104.074 loading class java/util/concurrent/ConcurrentLinkedQueue$Itr
Event: 104.075 loading class java/util/concurrent/ConcurrentLinkedQueue$Itr done


Dynamic libraries:
0x00007ff797350000 - 0x00007ff79735a000 	C:\Program Files\Android\Android Studio\jbr\bin\java.exe
0x00007ffe8d1b0000 - 0x00007ffe8d3a8000 	C:\Windows\SYSTEM32\ntdll.dll
0x00007ffe8cb20000 - 0x00007ffe8cbdd000 	C:\Windows\System32\KERNEL32.DLL
0x00007ffe8a8e0000 - 0x00007ffe8abd6000 	C:\Windows\System32\KERNELBASE.dll
0x00007ffe8ad30000 - 0x00007ffe8ae30000 	C:\Windows\System32\ucrtbase.dll
0x00007ffe7e6e0000 - 0x00007ffe7e6fb000 	C:\Program Files\Android\Android Studio\jbr\bin\VCRUNTIME140.dll
0x00007ffe7e610000 - 0x00007ffe7e627000 	C:\Program Files\Android\Android Studio\jbr\bin\jli.dll
0x00007ffe8c980000 - 0x00007ffe8cb1e000 	C:\Windows\System32\USER32.dll
0x00007ffe8ad00000 - 0x00007ffe8ad22000 	C:\Windows\System32\win32u.dll
0x00007ffe8bff0000 - 0x00007ffe8c01c000 	C:\Windows\System32\GDI32.dll
0x00007ffe8abe0000 - 0x00007ffe8acfa000 	C:\Windows\System32\gdi32full.dll
0x00007ffe8b170000 - 0x00007ffe8b20d000 	C:\Windows\System32\msvcp_win.dll
0x00007ffe7c340000 - 0x00007ffe7c5da000 	C:\Windows\WinSxS\amd64_microsoft.windows.common-controls_6595b64144ccf1df_6.0.19041.1110_none_60b5254171f9507e\COMCTL32.dll
0x00007ffe8c610000 - 0x00007ffe8c6ae000 	C:\Windows\System32\msvcrt.dll
0x00007ffe8b960000 - 0x00007ffe8b990000 	C:\Windows\System32\IMM32.DLL
0x00007ffe80a70000 - 0x00007ffe80a7c000 	C:\Program Files\Android\Android Studio\jbr\bin\vcruntime140_1.dll
0x00007ffe5ccc0000 - 0x00007ffe5cd4d000 	C:\Program Files\Android\Android Studio\jbr\bin\msvcp140.dll
0x00007ffe5eed0000 - 0x00007ffe5fb3d000 	C:\Program Files\Android\Android Studio\jbr\bin\server\jvm.dll
0x00007ffe8d040000 - 0x00007ffe8d0ee000 	C:\Windows\System32\ADVAPI32.dll
0x00007ffe8c8e0000 - 0x00007ffe8c97c000 	C:\Windows\System32\sechost.dll
0x00007ffe8cbe0000 - 0x00007ffe8cd06000 	C:\Windows\System32\RPCRT4.dll
0x00007ffe82ff0000 - 0x00007ffe82ff9000 	C:\Windows\SYSTEM32\WSOCK32.dll
0x00007ffe8c870000 - 0x00007ffe8c8db000 	C:\Windows\System32\WS2_32.dll
0x00007ffe82150000 - 0x00007ffe82177000 	C:\Windows\SYSTEM32\WINMM.dll
0x00007ffe82140000 - 0x00007ffe8214a000 	C:\Windows\SYSTEM32\VERSION.dll
0x00007ffe890b0000 - 0x00007ffe890c2000 	C:\Windows\SYSTEM32\kernel.appcore.dll
0x00007ffe81db0000 - 0x00007ffe81dba000 	C:\Program Files\Android\Android Studio\jbr\bin\jimage.dll
0x00007ffe88c90000 - 0x00007ffe88e74000 	C:\Windows\SYSTEM32\DBGHELP.DLL
0x00007ffe7a150000 - 0x00007ffe7a184000 	C:\Windows\SYSTEM32\dbgcore.DLL
0x00007ffe8b040000 - 0x00007ffe8b0c2000 	C:\Windows\System32\bcryptPrimitives.dll
0x00007ffe77b20000 - 0x00007ffe77b45000 	C:\Program Files\Android\Android Studio\jbr\bin\java.dll
0x00007ffe7c100000 - 0x00007ffe7c118000 	C:\Program Files\Android\Android Studio\jbr\bin\zip.dll
0x00007ffe8b210000 - 0x00007ffe8b955000 	C:\Windows\System32\SHELL32.dll
0x00007ffe88430000 - 0x00007ffe88bcb000 	C:\Windows\SYSTEM32\windows.storage.dll
0x00007ffe8b990000 - 0x00007ffe8bce4000 	C:\Windows\System32\combase.dll
0x00007ffe8a260000 - 0x00007ffe8a28e000 	C:\Windows\SYSTEM32\Wldp.dll
0x00007ffe8cd40000 - 0x00007ffe8cded000 	C:\Windows\System32\SHCORE.dll
0x00007ffe8bcf0000 - 0x00007ffe8bd45000 	C:\Windows\System32\shlwapi.dll
0x00007ffe8a7c0000 - 0x00007ffe8a7e5000 	C:\Windows\SYSTEM32\profapi.dll
0x00007ffe7b1e0000 - 0x00007ffe7b1f9000 	C:\Program Files\Android\Android Studio\jbr\bin\net.dll
0x00007ffe7d3b0000 - 0x00007ffe7d4ba000 	C:\Windows\SYSTEM32\WINHTTP.dll
0x00007ffe89f60000 - 0x00007ffe89fca000 	C:\Windows\system32\mswsock.dll
0x00007ffe7a210000 - 0x00007ffe7a226000 	C:\Program Files\Android\Android Studio\jbr\bin\nio.dll
0x00007ffe87b00000 - 0x00007ffe87b10000 	C:\Program Files\Android\Android Studio\jbr\bin\verify.dll
0x00007ffe7e690000 - 0x00007ffe7e6b7000 	C:\Users\ASUS\.gradle\native\68d5fa5c4cc2d200863cafc0d521ce42e7d3e7ee720ec0a83991735586a16f82\windows-amd64\native-platform.dll
0x00007ffe33db0000 - 0x00007ffe33ef4000 	C:\Users\ASUS\.gradle\native\e376f236ea51e6404a007f0833ffe2c6e607c4080706a723a18a27aeea778392\windows-amd64\native-platform-file-events.dll
0x00007ffe81bf0000 - 0x00007ffe81bf9000 	C:\Program Files\Android\Android Studio\jbr\bin\management.dll
0x00007ffe813b0000 - 0x00007ffe813bb000 	C:\Program Files\Android\Android Studio\jbr\bin\management_ext.dll
0x00007ffe8c780000 - 0x00007ffe8c788000 	C:\Windows\System32\PSAPI.DLL
0x00007ffe8a1b0000 - 0x00007ffe8a1c8000 	C:\Windows\SYSTEM32\CRYPTSP.dll
0x00007ffe89870000 - 0x00007ffe898a4000 	C:\Windows\system32\rsaenh.dll
0x00007ffe8b0d0000 - 0x00007ffe8b0f7000 	C:\Windows\System32\bcrypt.dll
0x00007ffe8a740000 - 0x00007ffe8a76e000 	C:\Windows\SYSTEM32\USERENV.dll
0x00007ffe8a1d0000 - 0x00007ffe8a1dc000 	C:\Windows\SYSTEM32\CRYPTBASE.dll
0x00007ffe89c50000 - 0x00007ffe89c8b000 	C:\Windows\SYSTEM32\IPHLPAPI.DLL
0x00007ffe8cd30000 - 0x00007ffe8cd38000 	C:\Windows\System32\NSI.dll
0x00007ffe80830000 - 0x00007ffe80847000 	C:\Windows\SYSTEM32\dhcpcsvc6.DLL
0x00007ffe80920000 - 0x00007ffe8093d000 	C:\Windows\SYSTEM32\dhcpcsvc.DLL
0x00007ffe89ca0000 - 0x00007ffe89d6a000 	C:\Windows\SYSTEM32\DNSAPI.dll
0x00007ffe87af0000 - 0x00007ffe87af7000 	C:\Windows\system32\wshunix.dll
0x00007ffe89990000 - 0x00007ffe899c3000 	C:\Windows\SYSTEM32\ntmarta.dll

dbghelp: loaded successfully - version: 4.0.5 - missing functions: none
symbol engine: initialized successfully - sym options: 0x614 - pdb path: .;C:\Program Files\Android\Android Studio\jbr\bin;C:\Windows\SYSTEM32;C:\Windows\WinSxS\amd64_microsoft.windows.common-controls_6595b64144ccf1df_6.0.19041.1110_none_60b5254171f9507e;C:\Program Files\Android\Android Studio\jbr\bin\server;C:\Users\ASUS\.gradle\native\68d5fa5c4cc2d200863cafc0d521ce42e7d3e7ee720ec0a83991735586a16f82\windows-amd64;C:\Users\ASUS\.gradle\native\e376f236ea51e6404a007f0833ffe2c6e607c4080706a723a18a27aeea778392\windows-amd64

VM Arguments:
jvm_args: --add-opens=java.base/java.util=ALL-UNNAMED --add-opens=java.base/java.lang=ALL-UNNAMED --add-opens=java.base/java.lang.invoke=ALL-UNNAMED --add-opens=java.prefs/java.util.prefs=ALL-UNNAMED --add-opens=java.base/java.nio.charset=ALL-UNNAMED --add-opens=java.base/java.net=ALL-UNNAMED --add-opens=java.base/java.util.concurrent.atomic=ALL-UNNAMED -Xmx2048m -Dfile.encoding=UTF-8 -Duser.country=ID -Duser.language=en -Duser.variant 
java_command: org.gradle.launcher.daemon.bootstrap.GradleDaemon 8.0
java_class_path (initial): C:\Users\ASUS\.gradle\wrapper\dists\gradle-8.0-bin\ca5e32bp14vu59qr306oxotwh\gradle-8.0\lib\gradle-launcher-8.0.jar
Launcher Type: SUN_STANDARD

[Global flags]
     intx CICompilerCount                          = 2                                         {product} {ergonomic}
     uint ConcGCThreads                            = 1                                         {product} {ergonomic}
     uint G1ConcRefinementThreads                  = 2                                         {product} {ergonomic}
   size_t G1HeapRegionSize                         = 1048576                                   {product} {ergonomic}
    uintx GCDrainStackTargetSize                   = 64                                        {product} {ergonomic}
   size_t InitialHeapSize                          = 192937984                                 {product} {ergonomic}
   size_t MarkStackSize                            = 4194304                                   {product} {ergonomic}
   size_t MaxHeapSize                              = 2147483648                                {product} {command line}
   size_t MaxNewSize                               = 1287651328                                {product} {ergonomic}
   size_t MinHeapDeltaBytes                        = 1048576                                   {product} {ergonomic}
   size_t MinHeapSize                              = 8388608                                   {product} {ergonomic}
    uintx NonNMethodCodeHeapSize                   = 5826188                                {pd product} {ergonomic}
    uintx NonProfiledCodeHeapSize                  = 122916026                              {pd product} {ergonomic}
    uintx ProfiledCodeHeapSize                     = 122916026                              {pd product} {ergonomic}
    uintx ReservedCodeCacheSize                    = 251658240                              {pd product} {ergonomic}
     bool SegmentedCodeCache                       = true                                      {product} {ergonomic}
   size_t SoftMaxHeapSize                          = 2147483648                             {manageable} {ergonomic}
     bool UseCompressedClassPointers               = true                           {product lp64_product} {ergonomic}
     bool UseCompressedOops                        = true                           {product lp64_product} {ergonomic}
     bool UseG1GC                                  = true                                      {product} {ergonomic}
     bool UseLargePagesIndividualAllocation        = false                                  {pd product} {ergonomic}

Logging:
Log output configuration:
 #0: stdout all=warning uptime,level,tags
 #1: stderr all=off uptime,level,tags

Environment Variables:
JAVA_HOME=C:\Program Files\Java\jdk-11
PATH=C:\Program Files\Common Files\Oracle\Java\javapath;C:\Windows\system32;C:\Windows;C:\Windows\System32\Wbem;C:\Windows\System32\WindowsPowerShell\v1.0\;C:\Windows\System32\OpenSSH\;C:\ProgramData\ComposerSetup\bin;C:\Program Files\Git\cmd;C:\Program Files\nodejs\;C:\ProgramData\chocolatey\bin;C:\Users\ASUS\AppData\Local\Programs\Python\Python311\Scripts\;C:\Users\ASUS\AppData\Local\Programs\Python\Python311\;C:\Users\ASUS\AppData\Local\Microsoft\WindowsApps;C:\Users\ASUS\AppData\Local\Programs\Microsoft VS Code\bin;D:\xampp\php;C:\Users\ASUS\AppData\Roaming\Composer\vendor\bin;C:\Users\ASUS\AppData\Roaming\npm;C:\Users\ASUS\AppData\Local\Android\Sdk\platform-tools;C:\Program Files\Java\jdk-11;C:\Users\ASUS\AppData\Local\GitHubDesktop\bin
USERNAME=Udangoreng
OS=Windows_NT
PROCESSOR_IDENTIFIER=AMD64 Family 21 Model 112 Stepping 0, AuthenticAMD
TMP=C:\Users\ASUS\AppData\Local\Temp
TEMP=C:\Users\ASUS\AppData\Local\Temp



---------------  S Y S T E M  ---------------

OS:
 Windows 10 , 64 bit Build 19041 (10.0.19041.3393)
OS uptime: 2 days 1:41 hours

CPU: total 2 (initial active 2) (2 cores per cpu, 1 threads per core) family 21 model 112 stepping 0 microcode 0x0, cx8, cmov, fxsr, mmx, 3dnowpref, sse, sse2, sse3, ssse3, sse4a, sse4.1, sse4.2, popcnt, lzcnt, tsc, tscinvbit, avx, avx2, aes, clmul, bmi1, bmi2, fma, vzeroupper, clflush

Memory: 4k page, system-wide physical 11723M (3635M free)
TotalPageFile size 13515M (AvailPageFile size 3620M)
current process WorkingSet (physical memory assigned to process): 561M, peak: 562M
current process commit charge ("private bytes"): 621M, peak: 623M

vm_info: OpenJDK 64-Bit Server VM (17.0.6+0-b2043.56-9586694) for windows-amd64 JRE (17.0.6+0-b2043.56-9586694), built on Feb  9 2023 20:06:20 by "androidbuild" with MS VC++ 16.10 / 16.11 (VS2019)

END.
