#
# A fatal error has been detected by the Java Runtime Environment:
#
#  EXCEPTION_ACCESS_VIOLATION (0xc0000005) at pc=0x0000000000000014, pid=17136, tid=9612
#
# JRE version: OpenJDK Runtime Environment (17.0.6) (build 17.0.6+0-b2043.56-9586694)
# Java VM: OpenJDK 64-Bit Server VM (17.0.6+0-b2043.56-9586694, mixed mode, tiered, compressed oops, compressed class ptrs, g1 gc, windows-amd64)
# Problematic frame:
# C  0x0000000000000014
#
# No core dump will be written. Minidumps are not enabled by default on client versions of Windows
#
# If you would like to submit a bug report, please visit:
#   https://bugreport.java.com/bugreport/crash.jsp
#

---------------  S U M M A R Y ------------

Command Line: --add-opens=java.base/java.util=ALL-UNNAMED --add-opens=java.base/java.lang=ALL-UNNAMED --add-opens=java.base/java.lang.invoke=ALL-UNNAMED --add-opens=java.prefs/java.util.prefs=ALL-UNNAMED --add-opens=java.base/java.nio.charset=ALL-UNNAMED --add-opens=java.base/java.net=ALL-UNNAMED --add-opens=java.base/java.util.concurrent.atomic=ALL-UNNAMED -Xmx2048m -Dfile.encoding=UTF-8 -Duser.country=ID -Duser.language=en -Duser.variant org.gradle.launcher.daemon.bootstrap.GradleDaemon 8.0

Host: AMD A4-9125 RADEON R3, 4 COMPUTE CORES 2C+2G   , 2 cores, 11G,  Windows 10 , 64 bit Build 19041 (10.0.19041.3393)
Time: Mon Oct 30 13:59:41 2023 SE Asia Standard Time elapsed time: 59.093955 seconds (0d 0h 0m 59s)

---------------  T H R E A D  ---------------

Current thread (0x000001a329d88780):  ConcurrentGCThread "G1 Conc#0" [stack: 0x0000006978b00000,0x0000006978c00000] [id=9612]

Stack: [0x0000006978b00000,0x0000006978c00000],  sp=0x0000006978bff438,  free space=1021k
Native frames: (J=compiled Java code, j=interpreted, Vv=VM code, C=native code)
C  0x0000000000000014


siginfo: EXCEPTION_ACCESS_VIOLATION (0xc0000005), data execution prevention violation at address 0x0000000000000014


Register to memory mapping:

RIP=0x0000000000000014 is an unknown value
RAX=0x00000000000001a3 is an unknown value
RBX=0x0000000087af30a0 points into unknown readable memory: 0x0000000000000009 | 09 00 00 00 00 00 00 00
RCX=0x0000006978bff698 points into unknown readable memory: 0x00007ffe5f838660 | 60 86 83 5f fe 7f 00 00
RDX=0x0000000087af30a0 points into unknown readable memory: 0x0000000000000009 | 09 00 00 00 00 00 00 00
RSP=0x0000006978bff438 points into unknown readable memory: 0x00007ffe5f1e9158 | 58 91 1e 5f fe 7f 00 00
RBP=0x0000000087a00000 is an oop: [B 
{0x0000000087a00000} - klass: {type array byte}
 - length: 163336
RSI=0x0000000009c39b28 is an unknown value
RDI=0x0 is NULL
R8 =0x0000000100bbf0f8 is pointing into metadata
R9 =0x0000000020177e1f is an unknown value
R10=0x0000000000000001 is an unknown value
R11=0x0 is NULL
R12=0x00007ffe5eed0000 jvm.dll
R13=0x0000006978bff680 points into unknown readable memory: 0x00007ffe5f838998 | 98 89 83 5f fe 7f 00 00
R14=0x0000000087b00000 is an oop: kotlin.reflect.jvm.internal.KClassImpl$Data$allStaticMembers$2 
{0x0000000087b00000} - klass: 'kotlin/reflect/jvm/internal/KClassImpl$Data$allStaticMembers$2'
 - ---- fields (total size 3 words):
 - private final 'arity' 'I' @12  0
 - final synthetic 'this$0' 'Lkotlin/reflect/jvm/internal/KClassImpl$Data;' @16  a 'kotlin/reflect/jvm/internal/KClassImpl$Data'{0x0000000087af3cc8} (87af3cc8)
R15=0x000001a329d77530 points into unknown readable memory: 0x00007ffe5f8329b8 | b8 29 83 5f fe 7f 00 00


Registers:
RAX=0x00000000000001a3, RBX=0x0000000087af30a0, RCX=0x0000006978bff698, RDX=0x0000000087af30a0
RSP=0x0000006978bff438, RBP=0x0000000087a00000, RSI=0x0000000009c39b28, RDI=0x0000000000000000
R8 =0x0000000100bbf0f8, R9 =0x0000000020177e1f, R10=0x0000000000000001, R11=0x0000000000000000
R12=0x00007ffe5eed0000, R13=0x0000006978bff680, R14=0x0000000087b00000, R15=0x000001a329d77530
RIP=0x0000000000000014, EFLAGS=0x0000000000010202

Top of Stack: (sp=0x0000006978bff438)
0x0000006978bff438:   00007ffe5f1e9158 0000000087af3088
0x0000006978bff448:   0000000000000003 0000000087a00000
0x0000006978bff458:   0000000087af2fa0 0000000085e3c790
0x0000006978bff468:   0000000000004002 0000000087ac0000
0x0000006978bff478:   0000000000008000 0000000087ac0000
0x0000006978bff488:   0000000000008000 0000000085e40000
0x0000006978bff498:   00000000000038f4 000001a329de3d20
0x0000006978bff4a8:   00007ffe5f54d1ef 0000000087ac0000
0x0000006978bff4b8:   0000000000008000 0000000000000000
0x0000006978bff4c8:   0000000000000000 0000000023375615
0x0000006978bff4d8:   0000000000000000 0000000000000000
0x0000006978bff4e8:   0000000000008000 000000000000007a
0x0000006978bff4f8:   0000000087a00000 000001a329de3d20
0x0000006978bff508:   00007ffe5f1e7ce2 0000000087ac0000
0x0000006978bff518:   0000006978bff680 0000000087b00000
0x0000006978bff528:   00007ffe5f54d11c 000001a329de3d20 

Instructions: (pc=0x0000000000000014)
0xffffffffffffff14:   


Stack slot to memory mapping:
stack at sp + 0 slots: 0x00007ffe5f1e9158 jvm.dll
stack at sp + 1 slots: 0x0000000087af3088 is an oop: kotlin.reflect.jvm.internal.ReflectProperties$LazySoftVal 
{0x0000000087af3088} - klass: 'kotlin/reflect/jvm/internal/ReflectProperties$LazySoftVal'
 - ---- fields (total size 3 words):
 - private final 'initializer' 'Lkotlin/jvm/functions/Function0;' @12  
[error occurred during error reporting (inspecting top of stack), id 0xc0000005, EXCEPTION_ACCESS_VIOLATION (0xc0000005) at pc=0x00007ffe5f53fd69]


---------------  P R O C E S S  ---------------

Threads class SMR info:
_java_thread_list=0x000001a348827550, length=68, elements={
0x000001a329d190f0, 0x000001a342e5c620, 0x000001a342e5dc80, 0x000001a3438242a0,
0x000001a343827c80, 0x000001a343828ce0, 0x000001a3438295a0, 0x000001a34382d0f0,
0x000001a343831690, 0x000001a3438456a0, 0x000001a3439d1b60, 0x000001a3439d6440,
0x000001a344e8a7c0, 0x000001a344ae8e70, 0x000001a344a09940, 0x000001a3447e74a0,
0x000001a3447e7970, 0x000001a3453ce170, 0x000001a3453cea40, 0x000001a344e40a20,
0x000001a344e413c0, 0x000001a344e40080, 0x000001a344e41890, 0x000001a344e40550,
0x000001a344e40ef0, 0x000001a345faaa80, 0x000001a345faaf50, 0x000001a345fad100,
0x000001a345faf780, 0x000001a345fad5d0, 0x000001a345faa5b0, 0x000001a345fa9740,
0x000001a345fa9c10, 0x000001a345faf2b0, 0x000001a345fae440, 0x000001a345fa9270,
0x000001a345faa0e0, 0x000001a345fab420, 0x000001a345fabdc0, 0x000001a345fab8f0,
0x000001a345faede0, 0x000001a345fac290, 0x000001a345fadaa0, 0x000001a345fac760,
0x000001a345fadf70, 0x000001a345fae910, 0x000001a343e87f30, 0x000001a343e82d60,
0x000001a343e88400, 0x000001a343e87590, 0x000001a343e870c0, 0x000001a343e888d0,
0x000001a343e85d80, 0x000001a343e858b0, 0x000001a343e86250, 0x000001a343e81080,
0x000001a343e83bd0, 0x000001a343e823c0, 0x000001a343e86720, 0x000001a343e86bf0,
0x000001a343e81a20, 0x000001a343e81ef0, 0x000001a34689b1c0, 0x000001a34689c9d0,
0x000001a34689cea0, 0x000001a346899e80, 0x000001a34689b690, 0x000001a34689d840
}

Java Threads: ( => current thread )
  0x000001a329d190f0 JavaThread "main" [_thread_blocked, id=7620, stack(0x0000006978800000,0x0000006978900000)]
  0x000001a342e5c620 JavaThread "Reference Handler" daemon [_thread_blocked, id=3956, stack(0x0000006978f00000,0x0000006979000000)]
  0x000001a342e5dc80 JavaThread "Finalizer" daemon [_thread_blocked, id=10164, stack(0x0000006979000000,0x0000006979100000)]
  0x000001a3438242a0 JavaThread "Signal Dispatcher" daemon [_thread_blocked, id=9456, stack(0x0000006979100000,0x0000006979200000)]
  0x000001a343827c80 JavaThread "Attach Listener" daemon [_thread_blocked, id=16948, stack(0x0000006979200000,0x0000006979300000)]
  0x000001a343828ce0 JavaThread "Service Thread" daemon [_thread_blocked, id=15268, stack(0x0000006979300000,0x0000006979400000)]
  0x000001a3438295a0 JavaThread "Monitor Deflation Thread" daemon [_thread_blocked, id=4016, stack(0x0000006979400000,0x0000006979500000)]
  0x000001a34382d0f0 JavaThread "C2 CompilerThread0" daemon [_thread_in_native, id=15832, stack(0x0000006979500000,0x0000006979600000)]
  0x000001a343831690 JavaThread "C1 CompilerThread0" daemon [_thread_blocked, id=1692, stack(0x0000006979600000,0x0000006979700000)]
  0x000001a3438456a0 JavaThread "Sweeper thread" daemon [_thread_blocked, id=14580, stack(0x0000006979700000,0x0000006979800000)]
  0x000001a3439d1b60 JavaThread "Common-Cleaner" daemon [_thread_blocked, id=4944, stack(0x0000006979800000,0x0000006979900000)]
  0x000001a3439d6440 JavaThread "Notification Thread" daemon [_thread_blocked, id=7832, stack(0x0000006979900000,0x0000006979a00000)]
  0x000001a344e8a7c0 JavaThread "Daemon health stats" [_thread_blocked, id=15232, stack(0x0000006979c00000,0x0000006979d00000)]
  0x000001a344ae8e70 JavaThread "Incoming local TCP Connector on port 53437" [_thread_in_native, id=1848, stack(0x0000006979d00000,0x0000006979e00000)]
  0x000001a344a09940 JavaThread "Daemon periodic checks" [_thread_blocked, id=7764, stack(0x0000006979e00000,0x0000006979f00000)]
  0x000001a3447e74a0 JavaThread "Daemon" [_thread_blocked, id=12416, stack(0x0000006979f00000,0x000000697a000000)]
  0x000001a3447e7970 JavaThread "Handler for socket connection from /127.0.0.1:53437 to /127.0.0.1:53438" [_thread_in_native, id=16568, stack(0x000000697a000000,0x000000697a100000)]
  0x000001a3453ce170 JavaThread "Cancel handler" [_thread_blocked, id=12048, stack(0x000000697a100000,0x000000697a200000)]
  0x000001a3453cea40 JavaThread "Daemon worker" [_thread_blocked, id=15460, stack(0x000000697a200000,0x000000697a300000)]
  0x000001a344e40a20 JavaThread "Asynchronous log dispatcher for DefaultDaemonConnection: socket connection from /127.0.0.1:53437 to /127.0.0.1:53438" [_thread_blocked, id=8720, stack(0x000000697a300000,0x000000697a400000)]
  0x000001a344e413c0 JavaThread "Stdin handler" [_thread_blocked, id=12012, stack(0x000000697a400000,0x000000697a500000)]
  0x000001a344e40080 JavaThread "Daemon client event forwarder" [_thread_blocked, id=11360, stack(0x000000697a500000,0x000000697a600000)]
  0x000001a344e41890 JavaThread "Cache worker for journal cache (C:\Users\ASUS\.gradle\caches\journal-1)" [_thread_blocked, id=10056, stack(0x000000697a600000,0x000000697a700000)]
  0x000001a344e40550 JavaThread "File lock request listener" [_thread_in_native, id=15420, stack(0x000000697a700000,0x000000697a800000)]
  0x000001a344e40ef0 JavaThread "Cache worker for file hash cache (C:\Users\ASUS\.gradle\caches\8.0\fileHashes)" [_thread_blocked, id=17164, stack(0x000000697a800000,0x000000697a900000)]
  0x000001a345faaa80 JavaThread "File watcher server" daemon [_thread_in_native, id=8764, stack(0x000000697a900000,0x000000697aa00000)]
  0x000001a345faaf50 JavaThread "File watcher consumer" daemon [_thread_blocked, id=16276, stack(0x000000697aa00000,0x000000697ab00000)]
  0x000001a345fad100 JavaThread "Cache worker for checksums cache (D:\DivanandaSavedInstance\.gradle\8.0\checksums)" [_thread_blocked, id=4832, stack(0x000000697ab00000,0x000000697ac00000)]
  0x000001a345faf780 JavaThread "Cache worker for cache directory md-rule (C:\Users\ASUS\.gradle\caches\8.0\md-rule)" [_thread_blocked, id=11484, stack(0x000000697ac00000,0x000000697ad00000)]
  0x000001a345fad5d0 JavaThread "Cache worker for file content cache (C:\Users\ASUS\.gradle\caches\8.0\fileContent)" [_thread_blocked, id=14868, stack(0x000000697ad00000,0x000000697ae00000)]
  0x000001a345faa5b0 JavaThread "Cache worker for file hash cache (D:\DivanandaSavedInstance\.gradle\8.0\fileHashes)" [_thread_blocked, id=16696, stack(0x000000697ae00000,0x000000697af00000)]
  0x000001a345fa9740 JavaThread "Cache worker for cache directory md-supplier (C:\Users\ASUS\.gradle\caches\8.0\md-supplier)" [_thread_blocked, id=12060, stack(0x000000697af00000,0x000000697b000000)]
  0x000001a345fa9c10 JavaThread "Cache worker for execution history cache (C:\Users\ASUS\.gradle\caches\8.0\executionHistory)" [_thread_blocked, id=11848, stack(0x000000697b000000,0x000000697b100000)]
  0x000001a345faf2b0 JavaThread "jar transforms" [_thread_blocked, id=12292, stack(0x000000697b100000,0x000000697b200000)]
  0x000001a345fae440 JavaThread "jar transforms Thread 2" [_thread_blocked, id=13980, stack(0x000000697b200000,0x000000697b300000)]
  0x000001a345fa9270 JavaThread "Cache worker for dependencies-accessors (D:\DivanandaSavedInstance\.gradle\8.0\dependencies-accessors)" [_thread_blocked, id=13272, stack(0x000000697b300000,0x000000697b400000)]
  0x000001a345faa0e0 JavaThread "Cache worker for Build Output Cleanup Cache (D:\DivanandaSavedInstance\.gradle\buildOutputCleanup)" [_thread_blocked, id=10796, stack(0x000000697b400000,0x000000697b500000)]
  0x000001a345fab420 JavaThread "Unconstrained build operations" [_thread_blocked, id=12920, stack(0x000000697b500000,0x000000697b600000)]
  0x000001a345fabdc0 JavaThread "Unconstrained build operations Thread 2" [_thread_blocked, id=14308, stack(0x000000697b600000,0x000000697b700000)]
  0x000001a345fab8f0 JavaThread "Unconstrained build operations Thread 3" [_thread_blocked, id=5388, stack(0x000000697b700000,0x000000697b800000)]
  0x000001a345faede0 JavaThread "Unconstrained build operations Thread 4" [_thread_blocked, id=12008, stack(0x000000697b800000,0x000000697b900000)]
  0x000001a345fac290 JavaThread "Unconstrained build operations Thread 5" [_thread_blocked, id=4328, stack(0x000000697b900000,0x000000697ba00000)]
  0x000001a345fadaa0 JavaThread "Unconstrained build operations Thread 6" [_thread_blocked, id=13292, stack(0x000000697ba00000,0x000000697bb00000)]
  0x000001a345fac760 JavaThread "Unconstrained build operations Thread 7" [_thread_blocked, id=9160, stack(0x000000697bb00000,0x000000697bc00000)]
  0x000001a345fadf70 JavaThread "Unconstrained build operations Thread 8" [_thread_blocked, id=16536, stack(0x000000697bc00000,0x000000697bd00000)]
  0x000001a345fae910 JavaThread "Unconstrained build operations Thread 9" [_thread_blocked, id=3276, stack(0x000000697bd00000,0x000000697be00000)]
  0x000001a343e87f30 JavaThread "Unconstrained build operations Thread 10" [_thread_blocked, id=2944, stack(0x000000697be00000,0x000000697bf00000)]
  0x000001a343e82d60 JavaThread "Unconstrained build operations Thread 11" [_thread_blocked, id=12704, stack(0x000000697bf00000,0x000000697c000000)]
  0x000001a343e88400 JavaThread "Unconstrained build operations Thread 12" [_thread_blocked, id=6496, stack(0x000000697c000000,0x000000697c100000)]
  0x000001a343e87590 JavaThread "Unconstrained build operations Thread 13" [_thread_blocked, id=12912, stack(0x000000697c100000,0x000000697c200000)]
  0x000001a343e870c0 JavaThread "Unconstrained build operations Thread 14" [_thread_blocked, id=12984, stack(0x000000697c200000,0x000000697c300000)]
  0x000001a343e888d0 JavaThread "Unconstrained build operations Thread 15" [_thread_blocked, id=12484, stack(0x000000697c300000,0x000000697c400000)]
  0x000001a343e85d80 JavaThread "Unconstrained build operations Thread 16" [_thread_blocked, id=3720, stack(0x000000697c400000,0x000000697c500000)]
  0x000001a343e858b0 JavaThread "Unconstrained build operations Thread 17" [_thread_blocked, id=13428, stack(0x000000697c500000,0x000000697c600000)]
  0x000001a343e86250 JavaThread "Unconstrained build operations Thread 18" [_thread_blocked, id=8336, stack(0x000000697c600000,0x000000697c700000)]
  0x000001a343e81080 JavaThread "Unconstrained build operations Thread 19" [_thread_blocked, id=7812, stack(0x000000697c700000,0x000000697c800000)]
  0x000001a343e83bd0 JavaThread "Unconstrained build operations Thread 20" [_thread_blocked, id=16764, stack(0x000000697c800000,0x000000697c900000)]
  0x000001a343e823c0 JavaThread "build event listener" [_thread_blocked, id=16344, stack(0x000000697ca00000,0x000000697cb00000)]
  0x000001a343e86720 JavaThread "Memory manager" [_thread_blocked, id=6168, stack(0x000000697cb00000,0x000000697cc00000)]
  0x000001a343e86bf0 JavaThread "included builds" [_thread_blocked, id=8276, stack(0x000000697ce00000,0x000000697cf00000)]
  0x000001a343e81a20 JavaThread "Execution worker" [_thread_blocked, id=14864, stack(0x000000697cf00000,0x000000697d000000)]
  0x000001a343e81ef0 JavaThread "Cache worker for execution history cache (D:\DivanandaSavedInstance\.gradle\8.0\executionHistory)" [_thread_blocked, id=3160, stack(0x000000697d000000,0x000000697d100000)]
  0x000001a34689b1c0 JavaThread "WorkerExecutor Queue" [_thread_blocked, id=8644, stack(0x000000697d100000,0x000000697d200000)]
  0x000001a34689c9d0 JavaThread "WorkerExecutor Queue Thread 2" [_thread_blocked, id=9108, stack(0x000000697d200000,0x000000697d300000)]
  0x000001a34689cea0 JavaThread "WorkerExecutor Queue Thread 3" [_thread_in_vm, id=4448, stack(0x000000697d300000,0x000000697d400000)]
  0x000001a346899e80 JavaThread "pool-3-thread-1" [_thread_blocked, id=7472, stack(0x000000697d400000,0x000000697d500000)]
  0x000001a34689b690 JavaThread "stderr" [_thread_in_native, id=8532, stack(0x000000697d500000,0x000000697d600000)]
  0x000001a34689d840 JavaThread "stdout" [_thread_in_native, id=3460, stack(0x000000697d600000,0x000000697d700000)]

Other Threads:
  0x000001a342e36700 VMThread "VM Thread" [stack: 0x0000006978e00000,0x0000006978f00000] [id=1764]
  0x000001a3439cf430 WatcherThread [stack: 0x0000006979a00000,0x0000006979b00000] [id=8708]
  0x000001a329d76000 GCTaskThread "GC Thread#0" [stack: 0x0000006978900000,0x0000006978a00000] [id=3192]
  0x000001a343b49aa0 GCTaskThread "GC Thread#1" [stack: 0x0000006979b00000,0x0000006979c00000] [id=12688]
  0x000001a329d87e60 ConcurrentGCThread "G1 Main Marker" [stack: 0x0000006978a00000,0x0000006978b00000] [id=16072]
=>0x000001a329d88780 ConcurrentGCThread "G1 Conc#0" [stack: 0x0000006978b00000,0x0000006978c00000] [id=9612]
  0x000001a342c820b0 ConcurrentGCThread "G1 Refine#0" [stack: 0x0000006978c00000,0x0000006978d00000] [id=14688]
  0x000001a348154220 ConcurrentGCThread "G1 Refine#1" [stack: 0x000000697c900000,0x000000697ca00000] [id=6780]
  0x000001a342c829e0 ConcurrentGCThread "G1 Service" [stack: 0x0000006978d00000,0x0000006978e00000] [id=15124]

Threads with active compile tasks:
C2 CompilerThread0    59160 11471 %     4       com.android.tools.r8.dex.B::l @ 63 (2085 bytes)

VM state: not at safepoint (normal execution)

VM Mutex/Monitor currently owned by a thread: None

Heap address: 0x0000000080000000, size: 2048 MB, Compressed Oops mode: 32-bit

CDS archive(s) not mapped
Compressed class space mapped at: 0x0000000100000000-0x0000000140000000, reserved size: 1073741824
Narrow klass base: 0x0000000000000000, Narrow klass shift: 3, Narrow klass range: 0x140000000

GC Precious Log:
 CPUs: 2 total, 2 available
 Memory: 11723M
 Large Page Support: Disabled
 NUMA Support: Disabled
 Compressed Oops: Enabled (32-bit)
 Heap Region Size: 1M
 Heap Min Capacity: 8M
 Heap Initial Capacity: 184M
 Heap Max Capacity: 2G
 Pre-touch: Disabled
 Parallel Workers: 2
 Concurrent Workers: 1
 Concurrent Refinement Workers: 2
 Periodic GC: Disabled

Heap:
 garbage-first heap   total 301056K, used 123843K [0x0000000080000000, 0x0000000100000000)
  region size 1024K, 7 young (7168K), 3 survivors (3072K)
 Metaspace       used 94755K, committed 95360K, reserved 1138688K
  class space    used 12825K, committed 13120K, reserved 1048576K

Heap Regions: E=young(eden), S=young(survivor), O=old, HS=humongous(starts), HC=humongous(continues), CS=collection set, F=free, OA=open archive, CA=closed archive, TAMS=top-at-mark-start (previous, next)
|   0|0x0000000080000000, 0x0000000080100000, 0x0000000080100000|100%|HS|  |TAMS 0x0000000080100000, 0x0000000080000000| Complete 
|   1|0x0000000080100000, 0x0000000080200000, 0x0000000080200000|100%|HC|  |TAMS 0x0000000080200000, 0x0000000080100000| Complete 
|   2|0x0000000080200000, 0x0000000080300000, 0x0000000080300000|100%|HC|  |TAMS 0x0000000080300000, 0x0000000080200000| Complete 
|   3|0x0000000080300000, 0x0000000080400000, 0x0000000080400000|100%|HC|  |TAMS 0x0000000080400000, 0x0000000080300000| Complete 
|   4|0x0000000080400000, 0x0000000080500000, 0x0000000080500000|100%| O|  |TAMS 0x0000000080500000, 0x0000000080400000| Untracked 
|   5|0x0000000080500000, 0x0000000080600000, 0x0000000080600000|100%| O|  |TAMS 0x0000000080600000, 0x0000000080500000| Updating 
|   6|0x0000000080600000, 0x0000000080700000, 0x0000000080700000|100%| O|  |TAMS 0x0000000080700000, 0x0000000080600000| Untracked 
|   7|0x0000000080700000, 0x0000000080800000, 0x0000000080800000|100%| O|  |TAMS 0x0000000080800000, 0x0000000080700000| Untracked 
|   8|0x0000000080800000, 0x0000000080900000, 0x0000000080900000|100%| O|  |TAMS 0x0000000080900000, 0x0000000080800000| Untracked 
|   9|0x0000000080900000, 0x0000000080a00000, 0x0000000080a00000|100%| O|  |TAMS 0x0000000080a00000, 0x0000000080900000| Untracked 
|  10|0x0000000080a00000, 0x0000000080b00000, 0x0000000080b00000|100%| O|  |TAMS 0x0000000080b00000, 0x0000000080a00000| Untracked 
|  11|0x0000000080b00000, 0x0000000080c00000, 0x0000000080c00000|100%| O|  |TAMS 0x0000000080c00000, 0x0000000080b00000| Untracked 
|  12|0x0000000080c00000, 0x0000000080d00000, 0x0000000080d00000|100%| O|  |TAMS 0x0000000080d00000, 0x0000000080c00000| Untracked 
|  13|0x0000000080d00000, 0x0000000080e00000, 0x0000000080e00000|100%| O|  |TAMS 0x0000000080e00000, 0x0000000080d00000| Updating 
|  14|0x0000000080e00000, 0x0000000080f00000, 0x0000000080f00000|100%| O|  |TAMS 0x0000000080f00000, 0x0000000080e00000| Untracked 
|  15|0x0000000080f00000, 0x0000000081000000, 0x0000000081000000|100%| O|  |TAMS 0x0000000081000000, 0x0000000080f00000| Untracked 
|  16|0x0000000081000000, 0x0000000081100000, 0x0000000081100000|100%| O|  |TAMS 0x0000000081100000, 0x0000000081000000| Untracked 
|  17|0x0000000081100000, 0x0000000081200000, 0x0000000081200000|100%| O|  |TAMS 0x0000000081200000, 0x0000000081100000| Untracked 
|  18|0x0000000081200000, 0x0000000081300000, 0x0000000081300000|100%| O|  |TAMS 0x0000000081300000, 0x0000000081200000| Untracked 
|  19|0x0000000081300000, 0x0000000081400000, 0x0000000081400000|100%| O|  |TAMS 0x0000000081400000, 0x0000000081300000| Untracked 
|  20|0x0000000081400000, 0x0000000081500000, 0x0000000081500000|100%| O|  |TAMS 0x0000000081500000, 0x0000000081400000| Updating 
|  21|0x0000000081500000, 0x0000000081600000, 0x0000000081600000|100%| O|  |TAMS 0x0000000081600000, 0x0000000081500000| Untracked 
|  22|0x0000000081600000, 0x0000000081700000, 0x0000000081700000|100%| O|  |TAMS 0x0000000081700000, 0x0000000081600000| Updating 
|  23|0x0000000081700000, 0x0000000081800000, 0x0000000081800000|100%| O|  |TAMS 0x0000000081800000, 0x0000000081700000| Updating 
|  24|0x0000000081800000, 0x0000000081900000, 0x0000000081900000|100%| O|  |TAMS 0x0000000081900000, 0x0000000081800000| Untracked 
|  25|0x0000000081900000, 0x0000000081a00000, 0x0000000081a00000|100%| O|  |TAMS 0x0000000081a00000, 0x0000000081900000| Updating 
|  26|0x0000000081a00000, 0x0000000081b00000, 0x0000000081b00000|100%|HS|  |TAMS 0x0000000081b00000, 0x0000000081a00000| Complete 
|  27|0x0000000081b00000, 0x0000000081c00000, 0x0000000081c00000|100%| O|  |TAMS 0x0000000081c00000, 0x0000000081b00000| Untracked 
|  28|0x0000000081c00000, 0x0000000081d00000, 0x0000000081d00000|100%| O|  |TAMS 0x0000000081d00000, 0x0000000081c00000| Untracked 
|  29|0x0000000081d00000, 0x0000000081e00000, 0x0000000081e00000|100%| O|  |TAMS 0x0000000081e00000, 0x0000000081d00000| Untracked 
|  30|0x0000000081e00000, 0x0000000081f00000, 0x0000000081f00000|100%|HS|  |TAMS 0x0000000081f00000, 0x0000000081e00000| Complete 
|  31|0x0000000081f00000, 0x0000000082000000, 0x0000000082000000|100%| O|  |TAMS 0x0000000082000000, 0x0000000081f00000| Untracked 
|  32|0x0000000082000000, 0x0000000082100000, 0x0000000082100000|100%| O|  |TAMS 0x0000000082100000, 0x0000000082000000| Untracked 
|  33|0x0000000082100000, 0x0000000082200000, 0x0000000082200000|100%| O|  |TAMS 0x0000000082200000, 0x0000000082100000| Untracked 
|  34|0x0000000082200000, 0x0000000082300000, 0x0000000082300000|100%| O|  |TAMS 0x0000000082300000, 0x0000000082200000| Untracked 
|  35|0x0000000082300000, 0x0000000082400000, 0x0000000082400000|100%| O|  |TAMS 0x0000000082400000, 0x0000000082300000| Untracked 
|  36|0x0000000082400000, 0x0000000082500000, 0x0000000082500000|100%| O|  |TAMS 0x0000000082500000, 0x0000000082400000| Untracked 
|  37|0x0000000082500000, 0x0000000082600000, 0x0000000082600000|100%| O|  |TAMS 0x0000000082600000, 0x0000000082500000| Untracked 
|  38|0x0000000082600000, 0x0000000082700000, 0x0000000082700000|100%| O|  |TAMS 0x0000000082700000, 0x0000000082600000| Untracked 
|  39|0x0000000082700000, 0x0000000082800000, 0x0000000082800000|100%| O|  |TAMS 0x0000000082800000, 0x0000000082700000| Untracked 
|  40|0x0000000082800000, 0x0000000082900000, 0x0000000082900000|100%| O|  |TAMS 0x0000000082900000, 0x0000000082800000| Untracked 
|  41|0x0000000082900000, 0x0000000082a00000, 0x0000000082a00000|100%| O|  |TAMS 0x0000000082a00000, 0x0000000082900000| Untracked 
|  42|0x0000000082a00000, 0x0000000082b00000, 0x0000000082b00000|100%| O|  |TAMS 0x0000000082b00000, 0x0000000082a00000| Updating 
|  43|0x0000000082b00000, 0x0000000082c00000, 0x0000000082c00000|100%| O|  |TAMS 0x0000000082c00000, 0x0000000082b00000| Untracked 
|  44|0x0000000082c00000, 0x0000000082d00000, 0x0000000082d00000|100%| O|  |TAMS 0x0000000082d00000, 0x0000000082c00000| Untracked 
|  45|0x0000000082d00000, 0x0000000082e00000, 0x0000000082e00000|100%| O|  |TAMS 0x0000000082e00000, 0x0000000082d00000| Untracked 
|  46|0x0000000082e00000, 0x0000000082f00000, 0x0000000082f00000|100%| O|  |TAMS 0x0000000082f00000, 0x0000000082e00000| Untracked 
|  47|0x0000000082f00000, 0x0000000083000000, 0x0000000083000000|100%| O|  |TAMS 0x0000000083000000, 0x0000000082f00000| Untracked 
|  48|0x0000000083000000, 0x0000000083100000, 0x0000000083100000|100%| O|  |TAMS 0x0000000083100000, 0x0000000083000000| Untracked 
|  49|0x0000000083100000, 0x0000000083200000, 0x0000000083200000|100%| O|  |TAMS 0x0000000083200000, 0x0000000083100000| Untracked 
|  50|0x0000000083200000, 0x0000000083300000, 0x0000000083300000|100%| O|  |TAMS 0x0000000083300000, 0x0000000083200000| Untracked 
|  51|0x0000000083300000, 0x0000000083400000, 0x0000000083400000|100%| O|  |TAMS 0x0000000083400000, 0x0000000083300000| Updating 
|  52|0x0000000083400000, 0x0000000083500000, 0x0000000083500000|100%| O|  |TAMS 0x0000000083500000, 0x0000000083400000| Untracked 
|  53|0x0000000083500000, 0x0000000083600000, 0x0000000083600000|100%| O|  |TAMS 0x0000000083600000, 0x0000000083500000| Untracked 
|  54|0x0000000083600000, 0x0000000083700000, 0x0000000083700000|100%| O|  |TAMS 0x0000000083700000, 0x0000000083600000| Untracked 
|  55|0x0000000083700000, 0x0000000083800000, 0x0000000083800000|100%| O|  |TAMS 0x0000000083800000, 0x0000000083700000| Untracked 
|  56|0x0000000083800000, 0x0000000083900000, 0x0000000083900000|100%| O|  |TAMS 0x0000000083900000, 0x0000000083800000| Untracked 
|  57|0x0000000083900000, 0x0000000083a00000, 0x0000000083a00000|100%| O|  |TAMS 0x0000000083a00000, 0x0000000083900000| Untracked 
|  58|0x0000000083a00000, 0x0000000083b00000, 0x0000000083b00000|100%| O|  |TAMS 0x0000000083b00000, 0x0000000083a00000| Untracked 
|  59|0x0000000083b00000, 0x0000000083c00000, 0x0000000083c00000|100%| O|  |TAMS 0x0000000083c00000, 0x0000000083b00000| Untracked 
|  60|0x0000000083c00000, 0x0000000083d00000, 0x0000000083d00000|100%| O|  |TAMS 0x0000000083d00000, 0x0000000083c00000| Untracked 
|  61|0x0000000083d00000, 0x0000000083e00000, 0x0000000083e00000|100%| O|  |TAMS 0x0000000083e00000, 0x0000000083d00000| Untracked 
|  62|0x0000000083e00000, 0x0000000083f00000, 0x0000000083f00000|100%| O|  |TAMS 0x0000000083f00000, 0x0000000083e00000| Untracked 
|  63|0x0000000083f00000, 0x0000000084000000, 0x0000000084000000|100%| O|  |TAMS 0x0000000084000000, 0x0000000083f00000| Untracked 
|  64|0x0000000084000000, 0x0000000084100000, 0x0000000084100000|100%| O|  |TAMS 0x0000000084100000, 0x0000000084000000| Untracked 
|  65|0x0000000084100000, 0x0000000084200000, 0x0000000084200000|100%| O|  |TAMS 0x0000000084200000, 0x0000000084100000| Untracked 
|  66|0x0000000084200000, 0x0000000084300000, 0x0000000084300000|100%| O|  |TAMS 0x0000000084300000, 0x0000000084200000| Untracked 
|  67|0x0000000084300000, 0x0000000084400000, 0x0000000084400000|100%| O|  |TAMS 0x0000000084400000, 0x0000000084300000| Untracked 
|  68|0x0000000084400000, 0x0000000084500000, 0x0000000084500000|100%| O|  |TAMS 0x0000000084500000, 0x0000000084400000| Untracked 
|  69|0x0000000084500000, 0x0000000084600000, 0x0000000084600000|100%| O|  |TAMS 0x0000000084600000, 0x0000000084500000| Untracked 
|  70|0x0000000084600000, 0x0000000084700000, 0x0000000084700000|100%| O|  |TAMS 0x0000000084700000, 0x0000000084600000| Untracked 
|  71|0x0000000084700000, 0x0000000084800000, 0x0000000084800000|100%| O|  |TAMS 0x0000000084800000, 0x0000000084700000| Untracked 
|  72|0x0000000084800000, 0x0000000084900000, 0x0000000084900000|100%| O|  |TAMS 0x0000000084900000, 0x0000000084800000| Untracked 
|  73|0x0000000084900000, 0x0000000084a00000, 0x0000000084a00000|100%| O|  |TAMS 0x0000000084a00000, 0x0000000084900000| Untracked 
|  74|0x0000000084a00000, 0x0000000084b00000, 0x0000000084b00000|100%| O|  |TAMS 0x0000000084b00000, 0x0000000084a00000| Untracked 
|  75|0x0000000084b00000, 0x0000000084c00000, 0x0000000084c00000|100%| O|  |TAMS 0x0000000084c00000, 0x0000000084b00000| Updating 
|  76|0x0000000084c00000, 0x0000000084d00000, 0x0000000084d00000|100%| O|  |TAMS 0x0000000084d00000, 0x0000000084c00000| Untracked 
|  77|0x0000000084d00000, 0x0000000084e00000, 0x0000000084e00000|100%| O|  |TAMS 0x0000000084e00000, 0x0000000084d00000| Untracked 
|  78|0x0000000084e00000, 0x0000000084f00000, 0x0000000084f00000|100%|HS|  |TAMS 0x0000000084f00000, 0x0000000084e00000| Complete 
|  79|0x0000000084f00000, 0x0000000085000000, 0x0000000085000000|100%|HC|  |TAMS 0x0000000085000000, 0x0000000084f00000| Complete 
|  80|0x0000000085000000, 0x0000000085100000, 0x0000000085100000|100%|HS|  |TAMS 0x0000000085100000, 0x0000000085000000| Complete 
|  81|0x0000000085100000, 0x0000000085200000, 0x0000000085200000|100%|HS|  |TAMS 0x0000000085200000, 0x0000000085100000| Complete 
|  82|0x0000000085200000, 0x0000000085300000, 0x0000000085300000|100%| O|  |TAMS 0x00000000852a6200, 0x0000000085200000| Updating 
|  83|0x0000000085300000, 0x0000000085400000, 0x0000000085400000|100%|HS|  |TAMS 0x0000000085400000, 0x0000000085300000| Complete 
|  84|0x0000000085400000, 0x0000000085500000, 0x0000000085500000|100%|HC|  |TAMS 0x0000000085500000, 0x0000000085400000| Complete 
|  85|0x0000000085500000, 0x0000000085600000, 0x0000000085600000|100%|HS|  |TAMS 0x0000000085600000, 0x0000000085500000| Complete 
|  86|0x0000000085600000, 0x0000000085700000, 0x0000000085700000|100%|HC|  |TAMS 0x0000000085700000, 0x0000000085600000| Complete 
|  87|0x0000000085700000, 0x0000000085800000, 0x0000000085800000|100%|HS|  |TAMS 0x0000000085800000, 0x0000000085700000| Complete 
|  88|0x0000000085800000, 0x0000000085900000, 0x0000000085900000|100%|HC|  |TAMS 0x0000000085900000, 0x0000000085800000| Complete 
|  89|0x0000000085900000, 0x0000000085a00000, 0x0000000085a00000|100%|HC|  |TAMS 0x0000000085a00000, 0x0000000085900000| Complete 
|  90|0x0000000085a00000, 0x0000000085a00000, 0x0000000085b00000|  0%| F|  |TAMS 0x0000000085a00000, 0x0000000085a00000| Untracked 
|  91|0x0000000085b00000, 0x0000000085c00000, 0x0000000085c00000|100%| O|  |TAMS 0x0000000085b00000, 0x0000000085b00000| Untracked 
|  92|0x0000000085c00000, 0x0000000085d00000, 0x0000000085d00000|100%| O|  |TAMS 0x0000000085c00000, 0x0000000085c00000| Untracked 
|  93|0x0000000085d00000, 0x0000000085e00000, 0x0000000085e00000|100%| O|  |TAMS 0x0000000085d00000, 0x0000000085d00000| Untracked 
|  94|0x0000000085e00000, 0x0000000085f00000, 0x0000000085f00000|100%| O|  |TAMS 0x0000000085e00000, 0x0000000085e00000| Untracked 
|  95|0x0000000085f00000, 0x0000000086000000, 0x0000000086000000|100%| O|  |TAMS 0x0000000085f00000, 0x0000000085f00000| Untracked 
|  96|0x0000000086000000, 0x0000000086100000, 0x0000000086100000|100%|HS|  |TAMS 0x0000000086000000, 0x0000000086000000| Complete 
|  97|0x0000000086100000, 0x0000000086200000, 0x0000000086200000|100%|HC|  |TAMS 0x0000000086100000, 0x0000000086100000| Complete 
|  98|0x0000000086200000, 0x0000000086300000, 0x0000000086300000|100%|HS|  |TAMS 0x0000000086200000, 0x0000000086200000| Complete 
|  99|0x0000000086300000, 0x0000000086400000, 0x0000000086400000|100%|HC|  |TAMS 0x0000000086300000, 0x0000000086300000| Complete 
| 100|0x0000000086400000, 0x0000000086400000, 0x0000000086500000|  0%| F|  |TAMS 0x0000000086400000, 0x0000000086400000| Untracked 
| 101|0x0000000086500000, 0x0000000086600000, 0x0000000086600000|100%|HS|  |TAMS 0x0000000086500000, 0x0000000086500000| Complete 
| 102|0x0000000086600000, 0x0000000086600000, 0x0000000086700000|  0%| F|  |TAMS 0x0000000086600000, 0x0000000086600000| Untracked 
| 103|0x0000000086700000, 0x0000000086800000, 0x0000000086800000|100%|HS|  |TAMS 0x0000000086700000, 0x0000000086700000| Complete 
| 104|0x0000000086800000, 0x0000000086900000, 0x0000000086900000|100%|HS|  |TAMS 0x0000000086800000, 0x0000000086800000| Complete 
| 105|0x0000000086900000, 0x0000000086a00000, 0x0000000086a00000|100%|HC|  |TAMS 0x0000000086900000, 0x0000000086900000| Complete 
| 106|0x0000000086a00000, 0x0000000086b00000, 0x0000000086b00000|100%|HC|  |TAMS 0x0000000086a00000, 0x0000000086a00000| Complete 
| 107|0x0000000086b00000, 0x0000000086c00000, 0x0000000086c00000|100%|HS|  |TAMS 0x0000000086b00000, 0x0000000086b00000| Complete 
| 108|0x0000000086c00000, 0x0000000086d00000, 0x0000000086d00000|100%|HC|  |TAMS 0x0000000086c00000, 0x0000000086c00000| Complete 
| 109|0x0000000086d00000, 0x0000000086e00000, 0x0000000086e00000|100%|HS|  |TAMS 0x0000000086d00000, 0x0000000086d00000| Complete 
| 110|0x0000000086e00000, 0x0000000086f00000, 0x0000000086f00000|100%|HC|  |TAMS 0x0000000086e00000, 0x0000000086e00000| Complete 
| 111|0x0000000086f00000, 0x0000000087000000, 0x0000000087000000|100%|HC|  |TAMS 0x0000000086f00000, 0x0000000086f00000| Complete 
| 112|0x0000000087000000, 0x0000000087100000, 0x0000000087100000|100%|HS|  |TAMS 0x0000000087000000, 0x0000000087000000| Complete 
| 113|0x0000000087100000, 0x0000000087200000, 0x0000000087200000|100%|HC|  |TAMS 0x0000000087100000, 0x0000000087100000| Complete 
| 114|0x0000000087200000, 0x0000000087300000, 0x0000000087300000|100%|HS|  |TAMS 0x0000000087200000, 0x0000000087200000| Complete 
| 115|0x0000000087300000, 0x0000000087400000, 0x0000000087400000|100%| O|  |TAMS 0x0000000087300000, 0x0000000087300000| Untracked 
| 116|0x0000000087400000, 0x0000000087500000, 0x0000000087500000|100%| O|  |TAMS 0x0000000087400000, 0x0000000087400000| Untracked 
| 117|0x0000000087500000, 0x0000000087500000, 0x0000000087600000|  0%| F|  |TAMS 0x0000000087500000, 0x0000000087500000| Untracked 
| 118|0x0000000087600000, 0x0000000087600000, 0x0000000087700000|  0%| F|  |TAMS 0x0000000087600000, 0x0000000087600000| Untracked 
| 119|0x0000000087700000, 0x0000000087700000, 0x0000000087800000|  0%| F|  |TAMS 0x0000000087700000, 0x0000000087700000| Untracked 
| 120|0x0000000087800000, 0x0000000087800000, 0x0000000087900000|  0%| F|  |TAMS 0x0000000087800000, 0x0000000087800000| Untracked 
| 121|0x0000000087900000, 0x0000000087900000, 0x0000000087a00000|  0%| F|  |TAMS 0x0000000087900000, 0x0000000087900000| Untracked 
| 122|0x0000000087a00000, 0x0000000087b00000, 0x0000000087b00000|100%| O|  |TAMS 0x0000000087a00000, 0x0000000087a00000| Untracked 
| 123|0x0000000087b00000, 0x0000000087bf0c00, 0x0000000087c00000| 94%| O|  |TAMS 0x0000000087b00000, 0x0000000087b00000| Untracked 
| 124|0x0000000087c00000, 0x0000000087c00000, 0x0000000087d00000|  0%| F|  |TAMS 0x0000000087c00000, 0x0000000087c00000| Untracked 
| 125|0x0000000087d00000, 0x0000000087e00000, 0x0000000087e00000|100%| S|CS|TAMS 0x0000000087d00000, 0x0000000087d00000| Complete 
| 126|0x0000000087e00000, 0x0000000087f00000, 0x0000000087f00000|100%| S|CS|TAMS 0x0000000087e00000, 0x0000000087e00000| Complete 
| 127|0x0000000087f00000, 0x0000000088000000, 0x0000000088000000|100%| S|CS|TAMS 0x0000000087f00000, 0x0000000087f00000| Complete 
| 128|0x0000000088000000, 0x0000000088000000, 0x0000000088100000|  0%| F|  |TAMS 0x0000000088000000, 0x0000000088000000| Untracked 
| 129|0x0000000088100000, 0x0000000088100000, 0x0000000088200000|  0%| F|  |TAMS 0x0000000088100000, 0x0000000088100000| Untracked 
| 130|0x0000000088200000, 0x0000000088200000, 0x0000000088300000|  0%| F|  |TAMS 0x0000000088200000, 0x0000000088200000| Untracked 
| 131|0x0000000088300000, 0x0000000088300000, 0x0000000088400000|  0%| F|  |TAMS 0x0000000088300000, 0x0000000088300000| Untracked 
| 132|0x0000000088400000, 0x0000000088400000, 0x0000000088500000|  0%| F|  |TAMS 0x0000000088400000, 0x0000000088400000| Untracked 
| 133|0x0000000088500000, 0x0000000088500000, 0x0000000088600000|  0%| F|  |TAMS 0x0000000088500000, 0x0000000088500000| Untracked 
| 134|0x0000000088600000, 0x0000000088600000, 0x0000000088700000|  0%| F|  |TAMS 0x0000000088600000, 0x0000000088600000| Untracked 
| 135|0x0000000088700000, 0x0000000088700000, 0x0000000088800000|  0%| F|  |TAMS 0x0000000088700000, 0x0000000088700000| Untracked 
| 136|0x0000000088800000, 0x0000000088800000, 0x0000000088900000|  0%| F|  |TAMS 0x0000000088800000, 0x0000000088800000| Untracked 
| 137|0x0000000088900000, 0x0000000088900000, 0x0000000088a00000|  0%| F|  |TAMS 0x0000000088900000, 0x0000000088900000| Untracked 
| 138|0x0000000088a00000, 0x0000000088a00000, 0x0000000088b00000|  0%| F|  |TAMS 0x0000000088a00000, 0x0000000088a00000| Untracked 
| 139|0x0000000088b00000, 0x0000000088b00000, 0x0000000088c00000|  0%| F|  |TAMS 0x0000000088b00000, 0x0000000088b00000| Untracked 
| 140|0x0000000088c00000, 0x0000000088c00000, 0x0000000088d00000|  0%| F|  |TAMS 0x0000000088c00000, 0x0000000088c00000| Untracked 
| 141|0x0000000088d00000, 0x0000000088d00000, 0x0000000088e00000|  0%| F|  |TAMS 0x0000000088d00000, 0x0000000088d00000| Untracked 
| 142|0x0000000088e00000, 0x0000000088e00000, 0x0000000088f00000|  0%| F|  |TAMS 0x0000000088e00000, 0x0000000088e00000| Untracked 
| 143|0x0000000088f00000, 0x0000000088f00000, 0x0000000089000000|  0%| F|  |TAMS 0x0000000088f00000, 0x0000000088f00000| Untracked 
| 144|0x0000000089000000, 0x0000000089000000, 0x0000000089100000|  0%| F|  |TAMS 0x0000000089000000, 0x0000000089000000| Untracked 
| 145|0x0000000089100000, 0x0000000089100000, 0x0000000089200000|  0%| F|  |TAMS 0x0000000089100000, 0x0000000089100000| Untracked 
| 146|0x0000000089200000, 0x0000000089200000, 0x0000000089300000|  0%| F|  |TAMS 0x0000000089200000, 0x0000000089200000| Untracked 
| 147|0x0000000089300000, 0x0000000089300000, 0x0000000089400000|  0%| F|  |TAMS 0x0000000089300000, 0x0000000089300000| Untracked 
| 148|0x0000000089400000, 0x0000000089400000, 0x0000000089500000|  0%| F|  |TAMS 0x0000000089400000, 0x0000000089400000| Untracked 
| 149|0x0000000089500000, 0x0000000089500000, 0x0000000089600000|  0%| F|  |TAMS 0x0000000089500000, 0x0000000089500000| Untracked 
| 150|0x0000000089600000, 0x0000000089600000, 0x0000000089700000|  0%| F|  |TAMS 0x0000000089600000, 0x0000000089600000| Untracked 
| 151|0x0000000089700000, 0x0000000089700000, 0x0000000089800000|  0%| F|  |TAMS 0x0000000089700000, 0x0000000089700000| Untracked 
| 152|0x0000000089800000, 0x0000000089800000, 0x0000000089900000|  0%| F|  |TAMS 0x0000000089800000, 0x0000000089800000| Untracked 
| 153|0x0000000089900000, 0x0000000089900000, 0x0000000089a00000|  0%| F|  |TAMS 0x0000000089900000, 0x0000000089900000| Untracked 
| 154|0x0000000089a00000, 0x0000000089a00000, 0x0000000089b00000|  0%| F|  |TAMS 0x0000000089a00000, 0x0000000089a00000| Untracked 
| 155|0x0000000089b00000, 0x0000000089b00000, 0x0000000089c00000|  0%| F|  |TAMS 0x0000000089b00000, 0x0000000089b00000| Untracked 
| 156|0x0000000089c00000, 0x0000000089c00000, 0x0000000089d00000|  0%| F|  |TAMS 0x0000000089c00000, 0x0000000089c00000| Untracked 
| 157|0x0000000089d00000, 0x0000000089d00000, 0x0000000089e00000|  0%| F|  |TAMS 0x0000000089d00000, 0x0000000089d00000| Untracked 
| 158|0x0000000089e00000, 0x0000000089e00000, 0x0000000089f00000|  0%| F|  |TAMS 0x0000000089e00000, 0x0000000089e00000| Untracked 
| 159|0x0000000089f00000, 0x0000000089f00000, 0x000000008a000000|  0%| F|  |TAMS 0x0000000089f00000, 0x0000000089f00000| Untracked 
| 160|0x000000008a000000, 0x000000008a000000, 0x000000008a100000|  0%| F|  |TAMS 0x000000008a000000, 0x000000008a000000| Untracked 
| 161|0x000000008a100000, 0x000000008a100000, 0x000000008a200000|  0%| F|  |TAMS 0x000000008a100000, 0x000000008a100000| Untracked 
| 162|0x000000008a200000, 0x000000008a200000, 0x000000008a300000|  0%| F|  |TAMS 0x000000008a200000, 0x000000008a200000| Untracked 
| 163|0x000000008a300000, 0x000000008a300000, 0x000000008a400000|  0%| F|  |TAMS 0x000000008a300000, 0x000000008a300000| Untracked 
| 164|0x000000008a400000, 0x000000008a400000, 0x000000008a500000|  0%| F|  |TAMS 0x000000008a400000, 0x000000008a400000| Untracked 
| 165|0x000000008a500000, 0x000000008a500000, 0x000000008a600000|  0%| F|  |TAMS 0x000000008a500000, 0x000000008a500000| Untracked 
| 166|0x000000008a600000, 0x000000008a600000, 0x000000008a700000|  0%| F|  |TAMS 0x000000008a600000, 0x000000008a600000| Untracked 
| 167|0x000000008a700000, 0x000000008a700000, 0x000000008a800000|  0%| F|  |TAMS 0x000000008a700000, 0x000000008a700000| Untracked 
| 168|0x000000008a800000, 0x000000008a800000, 0x000000008a900000|  0%| F|  |TAMS 0x000000008a800000, 0x000000008a800000| Untracked 
| 169|0x000000008a900000, 0x000000008a900000, 0x000000008aa00000|  0%| F|  |TAMS 0x000000008a900000, 0x000000008a900000| Untracked 
| 170|0x000000008aa00000, 0x000000008aa00000, 0x000000008ab00000|  0%| F|  |TAMS 0x000000008aa00000, 0x000000008aa00000| Untracked 
| 171|0x000000008ab00000, 0x000000008ab00000, 0x000000008ac00000|  0%| F|  |TAMS 0x000000008ab00000, 0x000000008ab00000| Untracked 
| 172|0x000000008ac00000, 0x000000008ac00000, 0x000000008ad00000|  0%| F|  |TAMS 0x000000008ac00000, 0x000000008ac00000| Untracked 
| 173|0x000000008ad00000, 0x000000008ad00000, 0x000000008ae00000|  0%| F|  |TAMS 0x000000008ad00000, 0x000000008ad00000| Untracked 
| 174|0x000000008ae00000, 0x000000008ae00000, 0x000000008af00000|  0%| F|  |TAMS 0x000000008ae00000, 0x000000008ae00000| Untracked 
| 175|0x000000008af00000, 0x000000008af00000, 0x000000008b000000|  0%| F|  |TAMS 0x000000008af00000, 0x000000008af00000| Untracked 
| 176|0x000000008b000000, 0x000000008b000000, 0x000000008b100000|  0%| F|  |TAMS 0x000000008b000000, 0x000000008b000000| Untracked 
| 177|0x000000008b100000, 0x000000008b100000, 0x000000008b200000|  0%| F|  |TAMS 0x000000008b100000, 0x000000008b100000| Untracked 
| 178|0x000000008b200000, 0x000000008b200000, 0x000000008b300000|  0%| F|  |TAMS 0x000000008b200000, 0x000000008b200000| Untracked 
| 179|0x000000008b300000, 0x000000008b300000, 0x000000008b400000|  0%| F|  |TAMS 0x000000008b300000, 0x000000008b300000| Untracked 
| 180|0x000000008b400000, 0x000000008b400000, 0x000000008b500000|  0%| F|  |TAMS 0x000000008b400000, 0x000000008b400000| Untracked 
| 181|0x000000008b500000, 0x000000008b500000, 0x000000008b600000|  0%| F|  |TAMS 0x000000008b500000, 0x000000008b500000| Untracked 
| 182|0x000000008b600000, 0x000000008b600000, 0x000000008b700000|  0%| F|  |TAMS 0x000000008b600000, 0x000000008b600000| Untracked 
| 183|0x000000008b700000, 0x000000008b700000, 0x000000008b800000|  0%| F|  |TAMS 0x000000008b700000, 0x000000008b700000| Untracked 
| 184|0x000000008b800000, 0x000000008b800000, 0x000000008b900000|  0%| F|  |TAMS 0x000000008b800000, 0x000000008b800000| Untracked 
| 185|0x000000008b900000, 0x000000008b900000, 0x000000008ba00000|  0%| F|  |TAMS 0x000000008b900000, 0x000000008b900000| Untracked 
| 186|0x000000008ba00000, 0x000000008ba00000, 0x000000008bb00000|  0%| F|  |TAMS 0x000000008ba00000, 0x000000008ba00000| Untracked 
| 187|0x000000008bb00000, 0x000000008bb00000, 0x000000008bc00000|  0%| F|  |TAMS 0x000000008bb00000, 0x000000008bb00000| Untracked 
| 188|0x000000008bc00000, 0x000000008bc00000, 0x000000008bd00000|  0%| F|  |TAMS 0x000000008bc00000, 0x000000008bc00000| Untracked 
| 189|0x000000008bd00000, 0x000000008bd00000, 0x000000008be00000|  0%| F|  |TAMS 0x000000008bd00000, 0x000000008bd00000| Untracked 
| 190|0x000000008be00000, 0x000000008be00000, 0x000000008bf00000|  0%| F|  |TAMS 0x000000008be00000, 0x000000008be00000| Untracked 
| 191|0x000000008bf00000, 0x000000008bf00000, 0x000000008c000000|  0%| F|  |TAMS 0x000000008bf00000, 0x000000008bf00000| Untracked 
| 192|0x000000008c000000, 0x000000008c000000, 0x000000008c100000|  0%| F|  |TAMS 0x000000008c000000, 0x000000008c000000| Untracked 
| 193|0x000000008c100000, 0x000000008c100000, 0x000000008c200000|  0%| F|  |TAMS 0x000000008c100000, 0x000000008c100000| Untracked 
| 194|0x000000008c200000, 0x000000008c200000, 0x000000008c300000|  0%| F|  |TAMS 0x000000008c200000, 0x000000008c200000| Untracked 
| 195|0x000000008c300000, 0x000000008c300000, 0x000000008c400000|  0%| F|  |TAMS 0x000000008c300000, 0x000000008c300000| Untracked 
| 196|0x000000008c400000, 0x000000008c400000, 0x000000008c500000|  0%| F|  |TAMS 0x000000008c400000, 0x000000008c400000| Untracked 
| 197|0x000000008c500000, 0x000000008c500000, 0x000000008c600000|  0%| F|  |TAMS 0x000000008c500000, 0x000000008c500000| Untracked 
| 198|0x000000008c600000, 0x000000008c600000, 0x000000008c700000|  0%| F|  |TAMS 0x000000008c600000, 0x000000008c600000| Untracked 
| 199|0x000000008c700000, 0x000000008c700000, 0x000000008c800000|  0%| F|  |TAMS 0x000000008c700000, 0x000000008c700000| Untracked 
| 200|0x000000008c800000, 0x000000008c800000, 0x000000008c900000|  0%| F|  |TAMS 0x000000008c800000, 0x000000008c800000| Untracked 
| 201|0x000000008c900000, 0x000000008c900000, 0x000000008ca00000|  0%| F|  |TAMS 0x000000008c900000, 0x000000008c900000| Untracked 
| 202|0x000000008ca00000, 0x000000008ca00000, 0x000000008cb00000|  0%| F|  |TAMS 0x000000008ca00000, 0x000000008ca00000| Untracked 
| 203|0x000000008cb00000, 0x000000008cb00000, 0x000000008cc00000|  0%| F|  |TAMS 0x000000008cb00000, 0x000000008cb00000| Untracked 
| 204|0x000000008cc00000, 0x000000008cc00000, 0x000000008cd00000|  0%| F|  |TAMS 0x000000008cc00000, 0x000000008cc00000| Untracked 
| 205|0x000000008cd00000, 0x000000008cd00000, 0x000000008ce00000|  0%| F|  |TAMS 0x000000008cd00000, 0x000000008cd00000| Untracked 
| 206|0x000000008ce00000, 0x000000008ce00000, 0x000000008cf00000|  0%| F|  |TAMS 0x000000008ce00000, 0x000000008ce00000| Untracked 
| 207|0x000000008cf00000, 0x000000008cf00000, 0x000000008d000000|  0%| F|  |TAMS 0x000000008cf00000, 0x000000008cf00000| Untracked 
| 208|0x000000008d000000, 0x000000008d000000, 0x000000008d100000|  0%| F|  |TAMS 0x000000008d000000, 0x000000008d000000| Untracked 
| 209|0x000000008d100000, 0x000000008d100000, 0x000000008d200000|  0%| F|  |TAMS 0x000000008d100000, 0x000000008d100000| Untracked 
| 210|0x000000008d200000, 0x000000008d200000, 0x000000008d300000|  0%| F|  |TAMS 0x000000008d200000, 0x000000008d200000| Untracked 
| 211|0x000000008d300000, 0x000000008d300000, 0x000000008d400000|  0%| F|  |TAMS 0x000000008d300000, 0x000000008d300000| Untracked 
| 212|0x000000008d400000, 0x000000008d400000, 0x000000008d500000|  0%| F|  |TAMS 0x000000008d400000, 0x000000008d400000| Untracked 
| 213|0x000000008d500000, 0x000000008d500000, 0x000000008d600000|  0%| F|  |TAMS 0x000000008d500000, 0x000000008d500000| Untracked 
| 214|0x000000008d600000, 0x000000008d600000, 0x000000008d700000|  0%| F|  |TAMS 0x000000008d600000, 0x000000008d600000| Untracked 
| 215|0x000000008d700000, 0x000000008d700000, 0x000000008d800000|  0%| F|  |TAMS 0x000000008d700000, 0x000000008d700000| Untracked 
| 216|0x000000008d800000, 0x000000008d800000, 0x000000008d900000|  0%| F|  |TAMS 0x000000008d800000, 0x000000008d800000| Untracked 
| 217|0x000000008d900000, 0x000000008d900000, 0x000000008da00000|  0%| F|  |TAMS 0x000000008d900000, 0x000000008d900000| Untracked 
| 218|0x000000008da00000, 0x000000008da00000, 0x000000008db00000|  0%| F|  |TAMS 0x000000008da00000, 0x000000008da00000| Untracked 
| 219|0x000000008db00000, 0x000000008db00000, 0x000000008dc00000|  0%| F|  |TAMS 0x000000008db00000, 0x000000008db00000| Untracked 
| 220|0x000000008dc00000, 0x000000008dc00000, 0x000000008dd00000|  0%| F|  |TAMS 0x000000008dc00000, 0x000000008dc00000| Untracked 
| 221|0x000000008dd00000, 0x000000008dd00000, 0x000000008de00000|  0%| F|  |TAMS 0x000000008dd00000, 0x000000008dd00000| Untracked 
| 222|0x000000008de00000, 0x000000008de00000, 0x000000008df00000|  0%| F|  |TAMS 0x000000008de00000, 0x000000008de00000| Untracked 
| 223|0x000000008df00000, 0x000000008df00000, 0x000000008e000000|  0%| F|  |TAMS 0x000000008df00000, 0x000000008df00000| Untracked 
| 224|0x000000008e000000, 0x000000008e000000, 0x000000008e100000|  0%| F|  |TAMS 0x000000008e000000, 0x000000008e000000| Untracked 
| 225|0x000000008e100000, 0x000000008e100000, 0x000000008e200000|  0%| F|  |TAMS 0x000000008e100000, 0x000000008e100000| Untracked 
| 226|0x000000008e200000, 0x000000008e200000, 0x000000008e300000|  0%| F|  |TAMS 0x000000008e200000, 0x000000008e200000| Untracked 
| 227|0x000000008e300000, 0x000000008e300000, 0x000000008e400000|  0%| F|  |TAMS 0x000000008e300000, 0x000000008e300000| Untracked 
| 228|0x000000008e400000, 0x000000008e400000, 0x000000008e500000|  0%| F|  |TAMS 0x000000008e400000, 0x000000008e400000| Untracked 
| 229|0x000000008e500000, 0x000000008e500000, 0x000000008e600000|  0%| F|  |TAMS 0x000000008e500000, 0x000000008e500000| Untracked 
| 230|0x000000008e600000, 0x000000008e600000, 0x000000008e700000|  0%| F|  |TAMS 0x000000008e600000, 0x000000008e600000| Untracked 
| 231|0x000000008e700000, 0x000000008e700000, 0x000000008e800000|  0%| F|  |TAMS 0x000000008e700000, 0x000000008e700000| Untracked 
| 232|0x000000008e800000, 0x000000008e800000, 0x000000008e900000|  0%| F|  |TAMS 0x000000008e800000, 0x000000008e800000| Untracked 
| 233|0x000000008e900000, 0x000000008e900000, 0x000000008ea00000|  0%| F|  |TAMS 0x000000008e900000, 0x000000008e900000| Untracked 
| 234|0x000000008ea00000, 0x000000008ea00000, 0x000000008eb00000|  0%| F|  |TAMS 0x000000008ea00000, 0x000000008ea00000| Untracked 
| 235|0x000000008eb00000, 0x000000008eb00000, 0x000000008ec00000|  0%| F|  |TAMS 0x000000008eb00000, 0x000000008eb00000| Untracked 
| 236|0x000000008ec00000, 0x000000008ec00000, 0x000000008ed00000|  0%| F|  |TAMS 0x000000008ec00000, 0x000000008ec00000| Untracked 
| 237|0x000000008ed00000, 0x000000008ed00000, 0x000000008ee00000|  0%| F|  |TAMS 0x000000008ed00000, 0x000000008ed00000| Untracked 
| 238|0x000000008ee00000, 0x000000008ee00000, 0x000000008ef00000|  0%| F|  |TAMS 0x000000008ee00000, 0x000000008ee00000| Untracked 
| 239|0x000000008ef00000, 0x000000008ef00000, 0x000000008f000000|  0%| F|  |TAMS 0x000000008ef00000, 0x000000008ef00000| Untracked 
| 240|0x000000008f000000, 0x000000008f000000, 0x000000008f100000|  0%| F|  |TAMS 0x000000008f000000, 0x000000008f000000| Untracked 
| 241|0x000000008f100000, 0x000000008f100000, 0x000000008f200000|  0%| F|  |TAMS 0x000000008f100000, 0x000000008f100000| Untracked 
| 242|0x000000008f200000, 0x000000008f200000, 0x000000008f300000|  0%| F|  |TAMS 0x000000008f200000, 0x000000008f200000| Untracked 
| 243|0x000000008f300000, 0x000000008f300000, 0x000000008f400000|  0%| F|  |TAMS 0x000000008f300000, 0x000000008f300000| Untracked 
| 244|0x000000008f400000, 0x000000008f400000, 0x000000008f500000|  0%| F|  |TAMS 0x000000008f400000, 0x000000008f400000| Untracked 
| 245|0x000000008f500000, 0x000000008f500000, 0x000000008f600000|  0%| F|  |TAMS 0x000000008f500000, 0x000000008f500000| Untracked 
| 246|0x000000008f600000, 0x000000008f600000, 0x000000008f700000|  0%| F|  |TAMS 0x000000008f600000, 0x000000008f600000| Untracked 
| 247|0x000000008f700000, 0x000000008f700000, 0x000000008f800000|  0%| F|  |TAMS 0x000000008f700000, 0x000000008f700000| Untracked 
| 248|0x000000008f800000, 0x000000008f800000, 0x000000008f900000|  0%| F|  |TAMS 0x000000008f800000, 0x000000008f800000| Untracked 
| 249|0x000000008f900000, 0x000000008f900000, 0x000000008fa00000|  0%| F|  |TAMS 0x000000008f900000, 0x000000008f900000| Untracked 
| 250|0x000000008fa00000, 0x000000008fa00000, 0x000000008fb00000|  0%| F|  |TAMS 0x000000008fa00000, 0x000000008fa00000| Untracked 
| 251|0x000000008fb00000, 0x000000008fb00000, 0x000000008fc00000|  0%| F|  |TAMS 0x000000008fb00000, 0x000000008fb00000| Untracked 
| 252|0x000000008fc00000, 0x000000008fc00000, 0x000000008fd00000|  0%| F|  |TAMS 0x000000008fc00000, 0x000000008fc00000| Untracked 
| 253|0x000000008fd00000, 0x000000008fd00000, 0x000000008fe00000|  0%| F|  |TAMS 0x000000008fd00000, 0x000000008fd00000| Untracked 
| 254|0x000000008fe00000, 0x000000008fe00000, 0x000000008ff00000|  0%| F|  |TAMS 0x000000008fe00000, 0x000000008fe00000| Untracked 
| 255|0x000000008ff00000, 0x000000008ff00000, 0x0000000090000000|  0%| F|  |TAMS 0x000000008ff00000, 0x000000008ff00000| Untracked 
| 256|0x0000000090000000, 0x0000000090000000, 0x0000000090100000|  0%| F|  |TAMS 0x0000000090000000, 0x0000000090000000| Untracked 
| 257|0x0000000090100000, 0x0000000090100000, 0x0000000090200000|  0%| F|  |TAMS 0x0000000090100000, 0x0000000090100000| Untracked 
| 258|0x0000000090200000, 0x0000000090200000, 0x0000000090300000|  0%| F|  |TAMS 0x0000000090200000, 0x0000000090200000| Untracked 
| 259|0x0000000090300000, 0x0000000090300000, 0x0000000090400000|  0%| F|  |TAMS 0x0000000090300000, 0x0000000090300000| Untracked 
| 260|0x0000000090400000, 0x0000000090400000, 0x0000000090500000|  0%| F|  |TAMS 0x0000000090400000, 0x0000000090400000| Untracked 
| 261|0x0000000090500000, 0x0000000090500000, 0x0000000090600000|  0%| F|  |TAMS 0x0000000090500000, 0x0000000090500000| Untracked 
| 262|0x0000000090600000, 0x0000000090600000, 0x0000000090700000|  0%| F|  |TAMS 0x0000000090600000, 0x0000000090600000| Untracked 
| 263|0x0000000090700000, 0x0000000090700000, 0x0000000090800000|  0%| F|  |TAMS 0x0000000090700000, 0x0000000090700000| Untracked 
| 264|0x0000000090800000, 0x0000000090800000, 0x0000000090900000|  0%| F|  |TAMS 0x0000000090800000, 0x0000000090800000| Untracked 
| 265|0x0000000090900000, 0x0000000090900000, 0x0000000090a00000|  0%| F|  |TAMS 0x0000000090900000, 0x0000000090900000| Untracked 
| 266|0x0000000090a00000, 0x0000000090a00000, 0x0000000090b00000|  0%| F|  |TAMS 0x0000000090a00000, 0x0000000090a00000| Untracked 
| 267|0x0000000090b00000, 0x0000000090b00000, 0x0000000090c00000|  0%| F|  |TAMS 0x0000000090b00000, 0x0000000090b00000| Untracked 
| 268|0x0000000090c00000, 0x0000000090c00000, 0x0000000090d00000|  0%| F|  |TAMS 0x0000000090c00000, 0x0000000090c00000| Untracked 
| 269|0x0000000090d00000, 0x0000000090d00000, 0x0000000090e00000|  0%| F|  |TAMS 0x0000000090d00000, 0x0000000090d00000| Untracked 
| 270|0x0000000090e00000, 0x0000000090e00000, 0x0000000090f00000|  0%| F|  |TAMS 0x0000000090e00000, 0x0000000090e00000| Untracked 
| 271|0x0000000090f00000, 0x0000000090f00000, 0x0000000091000000|  0%| F|  |TAMS 0x0000000090f00000, 0x0000000090f00000| Untracked 
| 272|0x0000000091000000, 0x0000000091000000, 0x0000000091100000|  0%| F|  |TAMS 0x0000000091000000, 0x0000000091000000| Untracked 
| 273|0x0000000091100000, 0x0000000091100000, 0x0000000091200000|  0%| F|  |TAMS 0x0000000091100000, 0x0000000091100000| Untracked 
| 274|0x0000000091200000, 0x0000000091200000, 0x0000000091300000|  0%| F|  |TAMS 0x0000000091200000, 0x0000000091200000| Untracked 
| 275|0x0000000091300000, 0x0000000091300000, 0x0000000091400000|  0%| F|  |TAMS 0x0000000091300000, 0x0000000091300000| Untracked 
| 276|0x0000000091400000, 0x0000000091400000, 0x0000000091500000|  0%| F|  |TAMS 0x0000000091400000, 0x0000000091400000| Untracked 
| 277|0x0000000091500000, 0x0000000091500000, 0x0000000091600000|  0%| F|  |TAMS 0x0000000091500000, 0x0000000091500000| Untracked 
| 278|0x0000000091600000, 0x0000000091600000, 0x0000000091700000|  0%| F|  |TAMS 0x0000000091600000, 0x0000000091600000| Untracked 
| 279|0x0000000091700000, 0x0000000091700000, 0x0000000091800000|  0%| F|  |TAMS 0x0000000091700000, 0x0000000091700000| Untracked 
| 280|0x0000000091800000, 0x0000000091800000, 0x0000000091900000|  0%| F|  |TAMS 0x0000000091800000, 0x0000000091800000| Untracked 
| 281|0x0000000091900000, 0x0000000091900000, 0x0000000091a00000|  0%| F|  |TAMS 0x0000000091900000, 0x0000000091900000| Untracked 
| 282|0x0000000091a00000, 0x0000000091a00000, 0x0000000091b00000|  0%| F|  |TAMS 0x0000000091a00000, 0x0000000091a00000| Untracked 
| 283|0x0000000091b00000, 0x0000000091b00000, 0x0000000091c00000|  0%| F|  |TAMS 0x0000000091b00000, 0x0000000091b00000| Untracked 
| 284|0x0000000091c00000, 0x0000000091c00000, 0x0000000091d00000|  0%| F|  |TAMS 0x0000000091c00000, 0x0000000091c00000| Untracked 
| 285|0x0000000091d00000, 0x0000000091d00000, 0x0000000091e00000|  0%| F|  |TAMS 0x0000000091d00000, 0x0000000091d00000| Untracked 
| 286|0x0000000091e00000, 0x0000000091e00000, 0x0000000091f00000|  0%| F|  |TAMS 0x0000000091e00000, 0x0000000091e00000| Untracked 
| 287|0x0000000091f00000, 0x0000000091f00000, 0x0000000092000000|  0%| F|  |TAMS 0x0000000091f00000, 0x0000000091f00000| Untracked 
| 288|0x0000000092000000, 0x0000000092000000, 0x0000000092100000|  0%| F|  |TAMS 0x0000000092000000, 0x0000000092000000| Untracked 
| 289|0x0000000092100000, 0x0000000092100000, 0x0000000092200000|  0%| F|  |TAMS 0x0000000092100000, 0x0000000092100000| Untracked 
| 290|0x0000000092200000, 0x0000000092300000, 0x0000000092300000|100%| E|  |TAMS 0x0000000092200000, 0x0000000092200000| Complete 
| 291|0x0000000092300000, 0x0000000092400000, 0x0000000092400000|100%| E|CS|TAMS 0x0000000092300000, 0x0000000092300000| Complete 
| 292|0x0000000092400000, 0x0000000092500000, 0x0000000092500000|100%| E|CS|TAMS 0x0000000092400000, 0x0000000092400000| Complete 
| 293|0x0000000092500000, 0x0000000092600000, 0x0000000092600000|100%| E|  |TAMS 0x0000000092500000, 0x0000000092500000| Complete 

Card table byte_map: [0x000001a33c1f0000,0x000001a33c5f0000] _byte_map_base: 0x000001a33bdf0000

Marking Bits (Prev, Next): (CMBitMap*) 0x000001a329d77530, (CMBitMap*) 0x000001a329d77570
 Prev Bits: [0x000001a33c9f0000, 0x000001a33e9f0000)
 Next Bits: [0x000001a33e9f0000, 0x000001a3409f0000)

Polling page: 0x000001a327b20000

Metaspace:

Usage:
  Non-class:     80.01 MB used.
      Class:     12.53 MB used.
       Both:     92.54 MB used.

Virtual space:
  Non-class space:       88.00 MB reserved,      80.31 MB ( 91%) committed,  11 nodes.
      Class space:        1.00 GB reserved,      12.81 MB (  1%) committed,  1 nodes.
             Both:        1.09 GB reserved,      93.12 MB (  8%) committed. 

Chunk freelists:
   Non-Class:  3.38 MB
       Class:  3.17 MB
        Both:  6.54 MB

MaxMetaspaceSize: unlimited
CompressedClassSpaceSize: 1.00 GB
Initial GC threshold: 21.00 MB
Current GC threshold: 155.25 MB
CDS: off
MetaspaceReclaimPolicy: balanced
 - commit_granule_bytes: 65536.
 - commit_granule_words: 8192.
 - virtual_space_node_default_size: 1048576.
 - enlarge_chunks_in_place: 1.
 - new_chunks_are_fully_committed: 0.
 - uncommit_free_chunks: 1.
 - use_allocation_guard: 0.
 - handle_deallocations: 1.


Internal statistics:

num_allocs_failed_limit: 9.
num_arena_births: 934.
num_arena_deaths: 0.
num_vsnodes_births: 12.
num_vsnodes_deaths: 0.
num_space_committed: 1490.
num_space_uncommitted: 0.
num_chunks_returned_to_freelist: 9.
num_chunks_taken_from_freelist: 4415.
num_chunk_merges: 6.
num_chunk_splits: 2905.
num_chunks_enlarged: 1956.
num_purges: 0.
num_inconsistent_stats: 0.

CodeHeap 'non-profiled nmethods': size=120064Kb used=4537Kb max_used=5445Kb free=115526Kb
 bounds [0x000001a334cb0000, 0x000001a335210000, 0x000001a33c1f0000]
CodeHeap 'profiled nmethods': size=120000Kb used=18999Kb max_used=21024Kb free=101000Kb
 bounds [0x000001a32d1f0000, 0x000001a32e6a0000, 0x000001a334720000]
CodeHeap 'non-nmethods': size=5696Kb used=2392Kb max_used=2439Kb free=3303Kb
 bounds [0x000001a334720000, 0x000001a334990000, 0x000001a334cb0000]
 total_blobs=10664 nmethods=9739 adapters=838
 compilation: enabled
              stopped_count=0, restarted_count=0
 full_count=0

Compilation events (20 events):
Event: 58.852 Thread 0x000001a343831690 11459       3       com.android.tools.r8.dex.U::a (28 bytes)
Event: 58.852 Thread 0x000001a343831690 nmethod 11459 0x000001a32d6a8490 code [0x000001a32d6a8620, 0x000001a32d6a8838]
Event: 58.852 Thread 0x000001a343831690 11460       3       com.android.tools.r8.graph.p5::a (34 bytes)
Event: 58.853 Thread 0x000001a343831690 nmethod 11460 0x000001a32d2b5f10 code [0x000001a32d2b60c0, 0x000001a32d2b6378]
Event: 58.853 Thread 0x000001a34382d0f0 11461       4       com.android.tools.r8.dex.s::f (8 bytes)
Event: 58.855 Thread 0x000001a34382d0f0 nmethod 11461 0x000001a334e81c10 code [0x000001a334e81da0, 0x000001a334e81eb8]
Event: 58.856 Thread 0x000001a34382d0f0 11462   !   4       java.util.concurrent.ConcurrentHashMap::putVal (432 bytes)
Event: 58.910 Thread 0x000001a34382d0f0 nmethod 11462 0x000001a334dc8290 code [0x000001a334dc84a0, 0x000001a334dc98d0]
Event: 58.911 Thread 0x000001a34382d0f0 11463       4       java.io.ByteArrayOutputStream::<init> (7 bytes)
Event: 58.914 Thread 0x000001a34382d0f0 nmethod 11463 0x000001a334ef6710 code [0x000001a334ef68a0, 0x000001a334ef6a38]
Event: 58.938 Thread 0x000001a34382d0f0 11464       4       com.android.tools.r8.graph.t::hashCode (40 bytes)
Event: 58.940 Thread 0x000001a34382d0f0 nmethod 11464 0x000001a334cd9390 code [0x000001a334cd9500, 0x000001a334cd95b8]
Event: 58.966 Thread 0x000001a343831690 11465       3       java.util.HashMap$ValueSpliterator::forEachRemaining (186 bytes)
Event: 58.967 Thread 0x000001a343831690 nmethod 11465 0x000001a32d4d6d10 code [0x000001a32d4d6f20, 0x000001a32d4d7768]
Event: 58.970 Thread 0x000001a343831690 11466 %     3       com.android.tools.r8.dex.B::l @ 63 (2085 bytes)
Event: 58.985 Thread 0x000001a343831690 nmethod 11466% 0x000001a32db05b10 code [0x000001a32db066e0, 0x000001a32db0e438]
Event: 58.986 Thread 0x000001a343831690 11467       3       com.android.tools.r8.dex.B::l (2085 bytes)
Event: 59.000 Thread 0x000001a343831690 nmethod 11467 0x000001a32e678010 code [0x000001a32e678bc0, 0x000001a32e680698]
Event: 59.004 Thread 0x000001a34382d0f0 11468 %     4       com.android.tools.r8.dex.B::l @ 63 (2085 bytes)
Event: 59.066 Thread 0x000001a34382d0f0 nmethod 11468% 0x000001a335076510 code [0x000001a335076720, 0x000001a335077f28]

GC Heap History (20 events):
Event: 43.174 GC heap before
{Heap before GC invocations=27 (full 0):
 garbage-first heap   total 117760K, used 96256K [0x0000000080000000, 0x0000000100000000)
  region size 1024K, 36 young (36864K), 5 survivors (5120K)
 Metaspace       used 82039K, committed 82624K, reserved 1122304K
  class space    used 11125K, committed 11392K, reserved 1048576K
}
Event: 43.216 GC heap after
{Heap after GC invocations=28 (full 0):
 garbage-first heap   total 117760K, used 69455K [0x0000000080000000, 0x0000000100000000)
  region size 1024K, 5 young (5120K), 5 survivors (5120K)
 Metaspace       used 82039K, committed 82624K, reserved 1122304K
  class space    used 11125K, committed 11392K, reserved 1048576K
}
Event: 43.256 GC heap before
{Heap before GC invocations=28 (full 0):
 garbage-first heap   total 117760K, used 70479K [0x0000000080000000, 0x0000000100000000)
  region size 1024K, 6 young (6144K), 5 survivors (5120K)
 Metaspace       used 82040K, committed 82624K, reserved 1122304K
  class space    used 11125K, committed 11392K, reserved 1048576K
}
Event: 43.286 GC heap after
{Heap after GC invocations=29 (full 0):
 garbage-first heap   total 141312K, used 69942K [0x0000000080000000, 0x0000000100000000)
  region size 1024K, 1 young (1024K), 1 survivors (1024K)
 Metaspace       used 82040K, committed 82624K, reserved 1122304K
  class space    used 11125K, committed 11392K, reserved 1048576K
}
Event: 46.527 GC heap before
{Heap before GC invocations=29 (full 0):
 garbage-first heap   total 141312K, used 111926K [0x0000000080000000, 0x0000000100000000)
  region size 1024K, 43 young (44032K), 1 survivors (1024K)
 Metaspace       used 84378K, committed 85056K, reserved 1130496K
  class space    used 11540K, committed 11840K, reserved 1048576K
}
Event: 46.550 GC heap after
{Heap after GC invocations=30 (full 0):
 garbage-first heap   total 141312K, used 73886K [0x0000000080000000, 0x0000000100000000)
  region size 1024K, 5 young (5120K), 5 survivors (5120K)
 Metaspace       used 84378K, committed 85056K, reserved 1130496K
  class space    used 11540K, committed 11840K, reserved 1048576K
}
Event: 49.795 GC heap before
{Heap before GC invocations=31 (full 0):
 garbage-first heap   total 141312K, used 112798K [0x0000000080000000, 0x0000000100000000)
  region size 1024K, 44 young (45056K), 5 survivors (5120K)
 Metaspace       used 84920K, committed 85504K, reserved 1130496K
  class space    used 11576K, committed 11840K, reserved 1048576K
}
Event: 49.824 GC heap after
{Heap after GC invocations=32 (full 0):
 garbage-first heap   total 141312K, used 77161K [0x0000000080000000, 0x0000000100000000)
  region size 1024K, 4 young (4096K), 4 survivors (4096K)
 Metaspace       used 84920K, committed 85504K, reserved 1130496K
  class space    used 11576K, committed 11840K, reserved 1048576K
}
Event: 49.923 GC heap before
{Heap before GC invocations=32 (full 0):
 garbage-first heap   total 141312K, used 79209K [0x0000000080000000, 0x0000000100000000)
  region size 1024K, 6 young (6144K), 4 survivors (4096K)
 Metaspace       used 84935K, committed 85504K, reserved 1130496K
  class space    used 11576K, committed 11840K, reserved 1048576K
}
Event: 49.938 GC heap after
{Heap after GC invocations=33 (full 0):
 garbage-first heap   total 141312K, used 77151K [0x0000000080000000, 0x0000000100000000)
  region size 1024K, 1 young (1024K), 1 survivors (1024K)
 Metaspace       used 84935K, committed 85504K, reserved 1130496K
  class space    used 11576K, committed 11840K, reserved 1048576K
}
Event: 52.363 GC heap before
{Heap before GC invocations=33 (full 0):
 garbage-first heap   total 141312K, used 114015K [0x0000000080000000, 0x0000000100000000)
  region size 1024K, 38 young (38912K), 1 survivors (1024K)
 Metaspace       used 86787K, committed 87424K, reserved 1130496K
  class space    used 11744K, committed 12032K, reserved 1048576K
}
Event: 52.384 GC heap after
{Heap after GC invocations=34 (full 0):
 garbage-first heap   total 141312K, used 79364K [0x0000000080000000, 0x0000000100000000)
  region size 1024K, 3 young (3072K), 3 survivors (3072K)
 Metaspace       used 86787K, committed 87424K, reserved 1130496K
  class space    used 11744K, committed 12032K, reserved 1048576K
}
Event: 54.483 GC heap before
{Heap before GC invocations=35 (full 0):
 garbage-first heap   total 141312K, used 115204K [0x0000000080000000, 0x0000000100000000)
  region size 1024K, 39 young (39936K), 3 survivors (3072K)
 Metaspace       used 89137K, committed 89792K, reserved 1130496K
  class space    used 12062K, committed 12352K, reserved 1048576K
}
Event: 54.506 GC heap after
{Heap after GC invocations=36 (full 0):
 garbage-first heap   total 141312K, used 81783K [0x0000000080000000, 0x0000000100000000)
  region size 1024K, 3 young (3072K), 3 survivors (3072K)
 Metaspace       used 89137K, committed 89792K, reserved 1130496K
  class space    used 12062K, committed 12352K, reserved 1048576K
}
Event: 57.244 GC heap before
{Heap before GC invocations=36 (full 0):
 garbage-first heap   total 141312K, used 119671K [0x0000000080000000, 0x0000000100000000)
  region size 1024K, 37 young (37888K), 3 survivors (3072K)
 Metaspace       used 91166K, committed 91840K, reserved 1130496K
  class space    used 12330K, committed 12608K, reserved 1048576K
}
Event: 57.268 GC heap after
{Heap after GC invocations=37 (full 0):
 garbage-first heap   total 141312K, used 89752K [0x0000000080000000, 0x0000000100000000)
  region size 1024K, 5 young (5120K), 5 survivors (5120K)
 Metaspace       used 91166K, committed 91840K, reserved 1130496K
  class space    used 12330K, committed 12608K, reserved 1048576K
}
Event: 58.542 GC heap before
{Heap before GC invocations=37 (full 0):
 garbage-first heap   total 141312K, used 112280K [0x0000000080000000, 0x0000000100000000)
  region size 1024K, 21 young (21504K), 5 survivors (5120K)
 Metaspace       used 94347K, committed 94976K, reserved 1138688K
  class space    used 12762K, committed 13056K, reserved 1048576K
}
Event: 58.568 GC heap after
{Heap after GC invocations=38 (full 0):
 garbage-first heap   total 141312K, used 103002K [0x0000000080000000, 0x0000000100000000)
  region size 1024K, 5 young (5120K), 5 survivors (5120K)
 Metaspace       used 94347K, committed 94976K, reserved 1138688K
  class space    used 12762K, committed 13056K, reserved 1048576K
}
Event: 58.808 GC heap before
{Heap before GC invocations=38 (full 0):
 garbage-first heap   total 141312K, used 130650K [0x0000000080000000, 0x0000000100000000)
  region size 1024K, 15 young (15360K), 5 survivors (5120K)
 Metaspace       used 94708K, committed 95360K, reserved 1138688K
  class space    used 12820K, committed 13120K, reserved 1048576K
}
Event: 58.820 GC heap after
{Heap after GC invocations=39 (full 0):
 garbage-first heap   total 301056K, used 113603K [0x0000000080000000, 0x0000000100000000)
  region size 1024K, 3 young (3072K), 3 survivors (3072K)
 Metaspace       used 94708K, committed 95360K, reserved 1138688K
  class space    used 12820K, committed 13120K, reserved 1048576K
}

Dll operation events (2 events):
Event: 0.020 Loaded shared library C:\Program Files\Android\Android Studio\jbr\bin\java.dll
Event: 1.496 Loaded shared library C:\Program Files\Android\Android Studio\jbr\bin\verify.dll

Deoptimization events (20 events):
Event: 58.102 Thread 0x000001a34689d840 Uncommon trap: trap_request=0xffffffc6 fr.pc=0x000001a334cf2888 relative=0x00000000000001c8
Event: 58.102 Thread 0x000001a34689d840 Uncommon trap: reason=bimorphic_or_optimized_type_check action=maybe_recompile pc=0x000001a334cf2888 method=java.io.BufferedInputStream.read1([BII)I @ 39 c2
Event: 58.102 Thread 0x000001a34689d840 DEOPT PACKING pc=0x000001a334cf2888 sp=0x000000697d6fed30
Event: 58.102 Thread 0x000001a34689d840 DEOPT UNPACKING pc=0x000001a3347769a3 sp=0x000000697d6fecb8 mode 2
Event: 58.149 Thread 0x000001a34689cea0 Uncommon trap: trap_request=0xffffff45 fr.pc=0x000001a335147c5c relative=0x00000000000003bc
Event: 58.149 Thread 0x000001a34689cea0 Uncommon trap: reason=unstable_if action=reinterpret pc=0x000001a335147c5c method=java.util.stream.StreamOpFlag.getMask(I)I @ 1 c2
Event: 58.149 Thread 0x000001a34689cea0 DEOPT PACKING pc=0x000001a335147c5c sp=0x000000697d3fd2a0
Event: 58.149 Thread 0x000001a34689cea0 DEOPT UNPACKING pc=0x000001a3347769a3 sp=0x000000697d3fd190 mode 2
Event: 58.288 Thread 0x000001a34689cea0 Uncommon trap: trap_request=0xffffff45 fr.pc=0x000001a3350b1ec0 relative=0x0000000000000200
Event: 58.288 Thread 0x000001a34689cea0 Uncommon trap: reason=unstable_if action=reinterpret pc=0x000001a3350b1ec0 method=com.google.common.collect.MapMakerInternalMap$Segment.getEntry(Ljava/lang/Object;I)Lcom/google/common/collect/MapMakerInternalMap$InternalEntry; @ 63 c2
Event: 58.288 Thread 0x000001a34689cea0 DEOPT PACKING pc=0x000001a3350b1ec0 sp=0x000000697d3fd080
Event: 58.288 Thread 0x000001a34689cea0 DEOPT UNPACKING pc=0x000001a3347769a3 sp=0x000000697d3fd038 mode 2
Event: 58.749 Thread 0x000001a34689cea0 Uncommon trap: trap_request=0xffffff45 fr.pc=0x000001a334e25760 relative=0x00000000000000e0
Event: 58.749 Thread 0x000001a34689cea0 Uncommon trap: reason=unstable_if action=reinterpret pc=0x000001a334e25760 method=jdk.internal.misc.Unsafe.convEndian(ZS)S @ 4 c2
Event: 58.749 Thread 0x000001a34689cea0 DEOPT PACKING pc=0x000001a334e25760 sp=0x000000697d3fd4d0
Event: 58.749 Thread 0x000001a34689cea0 DEOPT UNPACKING pc=0x000001a3347769a3 sp=0x000000697d3fd268 mode 2
Event: 58.749 Thread 0x000001a34689cea0 Uncommon trap: trap_request=0xffffff45 fr.pc=0x000001a334e172f8 relative=0x0000000000000078
Event: 58.749 Thread 0x000001a34689cea0 Uncommon trap: reason=unstable_if action=reinterpret pc=0x000001a334e172f8 method=jdk.internal.misc.Unsafe.convEndian(ZS)S @ 4 c2
Event: 58.749 Thread 0x000001a34689cea0 DEOPT PACKING pc=0x000001a334e172f8 sp=0x000000697d3fd340
Event: 58.749 Thread 0x000001a34689cea0 DEOPT UNPACKING pc=0x000001a3347769a3 sp=0x000000697d3fd270 mode 2

Classes unloaded (0 events):
No events

Classes redefined (0 events):
No events

Internal exceptions (20 events):
Event: 51.873 Thread 0x000001a343e86bf0 Exception <a 'sun/nio/fs/WindowsException'{0x0000000086bdef28}> (0x0000000086bdef28) 
thrown [s\src\hotspot\share\prims\jni.cpp, line 517]
Event: 51.874 Thread 0x000001a343e86bf0 Exception <a 'sun/nio/fs/WindowsException'{0x0000000086be1480}> (0x0000000086be1480) 
thrown [s\src\hotspot\share\prims\jni.cpp, line 517]
Event: 51.874 Thread 0x000001a343e86bf0 Exception <a 'sun/nio/fs/WindowsException'{0x0000000086be2588}> (0x0000000086be2588) 
thrown [s\src\hotspot\share\prims\jni.cpp, line 517]
Event: 51.874 Thread 0x000001a343e86bf0 Exception <a 'sun/nio/fs/WindowsException'{0x0000000086be25f8}> (0x0000000086be25f8) 
thrown [s\src\hotspot\share\prims\jni.cpp, line 517]
Event: 51.874 Thread 0x000001a343e86bf0 Exception <a 'sun/nio/fs/WindowsException'{0x0000000086be2918}> (0x0000000086be2918) 
thrown [s\src\hotspot\share\prims\jni.cpp, line 517]
Event: 51.874 Thread 0x000001a343e86bf0 Exception <a 'sun/nio/fs/WindowsException'{0x0000000086be4c00}> (0x0000000086be4c00) 
thrown [s\src\hotspot\share\prims\jni.cpp, line 517]
Event: 51.932 Thread 0x000001a343e86bf0 Exception <a 'java/lang/NoSuchMethodError'{0x0000000086954a30}: static Lcom/android/builder/internal/aapt/AaptOptions;.<clinit>()V> (0x0000000086954a30) 
thrown [s\src\hotspot\share\prims\jni.cpp, line 1108]
Event: 51.939 Thread 0x000001a343e86bf0 Exception <a 'java/lang/NoSuchMethodError'{0x000000008698e4d0}: static [Ljava/lang/Object;.<clinit>()V> (0x000000008698e4d0) 
thrown [s\src\hotspot\share\prims\jni.cpp, line 1108]
Event: 51.942 Thread 0x000001a343e86bf0 Exception <a 'java/lang/NoSuchMethodError'{0x00000000869a0a20}: static Ljava/lang/Object;.<clinit>()V> (0x00000000869a0a20) 
thrown [s\src\hotspot\share\prims\jni.cpp, line 1108]
Event: 51.946 Thread 0x000001a343e86bf0 Exception <a 'java/lang/NoSuchMethodError'{0x00000000869bfdc8}: static Lcom/android/build/api/variant/impl/VariantOutputImpl$SerializedForm;.<clinit>()V> (0x00000000869bfdc8) 
thrown [s\src\hotspot\share\prims\jni.cpp, line 1108]
Event: 51.949 Thread 0x000001a343e86bf0 Exception <a 'java/lang/NoSuchMethodError'{0x00000000869d3ba0}: static Lcom/android/build/api/variant/impl/VariantOutputConfigurationImpl;.<clinit>()V> (0x00000000869d3ba0) 
thrown [s\src\hotspot\share\prims\jni.cpp, line 1108]
Event: 52.129 Thread 0x000001a343e81a20 Exception <a 'sun/nio/fs/WindowsException'{0x000000008687c3a8}> (0x000000008687c3a8) 
thrown [s\src\hotspot\share\prims\jni.cpp, line 517]
Event: 52.166 Thread 0x000001a343e81a20 Exception <a 'java/lang/NoSuchMethodError'{0x00000000867f7b08}: 'int java.lang.invoke.DirectMethodHandle$Holder.invokeSpecial(java.lang.Object, java.lang.Object, java.lang.Object, java.lang.Object, java.lang.Object)'> (0x00000000867f7b08) 
thrown [s\src\hotspot\share\interpreter\linkResolver.cpp, line 771]
Event: 52.864 Thread 0x000001a343e81a20 Exception <a 'sun/nio/fs/WindowsException'{0x00000000884920c0}> (0x00000000884920c0) 
thrown [s\src\hotspot\share\prims\jni.cpp, line 517]
Event: 57.619 Thread 0x000001a34689cea0 Exception <a 'sun/nio/fs/WindowsException'{0x00000000883e3cb0}> (0x00000000883e3cb0) 
thrown [s\src\hotspot\share\prims\jni.cpp, line 517]
Event: 57.962 Thread 0x000001a34689b1c0 Exception <a 'java/lang/NoSuchMethodError'{0x000000008813cd88}: 'void java.lang.invoke.DirectMethodHandle$Holder.invokeStatic(java.lang.Object, long)'> (0x000000008813cd88) 
thrown [s\src\hotspot\share\interpreter\linkResolver.cpp, line 771]
Event: 57.979 Thread 0x000001a34689b1c0 Exception <a 'java/lang/NoSuchMethodError'{0x0000000087f78810}: 'java.lang.Object java.lang.invoke.DirectMethodHandle$Holder.newInvokeSpecial(java.lang.Object, long)'> (0x0000000087f78810) 
thrown [s\src\hotspot\share\interpreter\linkResolver.cpp, line 771]
Event: 57.982 Thread 0x000001a34689b1c0 Exception <a 'java/lang/NoSuchMethodError'{0x0000000087f7f4d0}: 'java.lang.Object java.lang.invoke.DirectMethodHandle$Holder.invokeStatic(java.lang.Object, java.lang.Object, long, java.lang.Object)'> (0x0000000087f7f4d0) 
thrown [s\src\hotspot\share\interpreter\linkResolver.cpp, line 771]
Event: 57.983 Thread 0x000001a34689b1c0 Exception <a 'java/lang/NoSuchMethodError'{0x0000000087f82f50}: 'java.lang.Object java.lang.invoke.DirectMethodHandle$Holder.invokeStaticInit(java.lang.Object, java.lang.Object, long, java.lang.Object)'> (0x0000000087f82f50) 
thrown [s\src\hotspot\share\interpreter\linkResolver.cpp, line 771]
Event: 58.729 Thread 0x000001a34689cea0 Exception <a 'java/lang/NoSuchMethodError'{0x000000008a0eb558}: 'java.lang.Object java.lang.invoke.DirectMethodHandle$Holder.invokeStaticInit(java.lang.Object, java.lang.Object, java.lang.Object, java.lang.Object, java.lang.Object, java.lang.Object, java.lang.Object, java.lang.Object, java.lang.Object, java.lang.Object, java.lang.Object, java.lang.Object, java.lang.Object, java.lang.Object, java.lang.Object, java.lang.Object, java.lang.Object, java.lang.Object, java.lang.Object, int, java.lang.Object, java

VM Operations (20 events):
Event: 57.656 Executing VM operation: HandshakeAllThreads
Event: 57.656 Executing VM operation: HandshakeAllThreads done
Event: 57.817 Executing VM operation: HandshakeAllThreads
Event: 57.817 Executing VM operation: HandshakeAllThreads done
Event: 57.850 Executing VM operation: HandshakeAllThreads
Event: 57.850 Executing VM operation: HandshakeAllThreads done
Event: 57.986 Executing VM operation: HandshakeAllThreads
Event: 57.986 Executing VM operation: HandshakeAllThreads done
Event: 58.019 Executing VM operation: HandshakeAllThreads
Event: 58.019 Executing VM operation: HandshakeAllThreads done
Event: 58.045 Executing VM operation: HandshakeAllThreads
Event: 58.116 Executing VM operation: HandshakeAllThreads done
Event: 58.148 Executing VM operation: ICBufferFull
Event: 58.148 Executing VM operation: ICBufferFull done
Event: 58.542 Executing VM operation: G1TryInitiateConcMark
Event: 58.568 Executing VM operation: G1TryInitiateConcMark done
Event: 58.807 Executing VM operation: G1CollectForAllocation
Event: 58.820 Executing VM operation: G1CollectForAllocation done
Event: 58.915 Executing VM operation: G1Concurrent
Event: 58.931 Executing VM operation: G1Concurrent done

Events (20 events):
Event: 58.139 Thread 0x000001a3438456a0 flushing nmethod 0x000001a32e425a90
Event: 58.139 Thread 0x000001a3438456a0 flushing nmethod 0x000001a32e431a90
Event: 58.139 Thread 0x000001a3438456a0 flushing nmethod 0x000001a32e482d90
Event: 58.140 Thread 0x000001a3438456a0 flushing nmethod 0x000001a32e48de90
Event: 58.140 Thread 0x000001a3438456a0 flushing nmethod 0x000001a32e4a5a10
Event: 58.140 Thread 0x000001a3438456a0 flushing nmethod 0x000001a32e4a7a90
Event: 58.140 Thread 0x000001a3438456a0 flushing nmethod 0x000001a32e4c7990
Event: 58.140 Thread 0x000001a3438456a0 flushing nmethod 0x000001a32e4dd110
Event: 58.140 Thread 0x000001a3438456a0 flushing nmethod 0x000001a32e504790
Event: 58.140 Thread 0x000001a3438456a0 flushing nmethod 0x000001a32e505210
Event: 58.140 Thread 0x000001a3438456a0 flushing nmethod 0x000001a32e506090
Event: 58.140 Thread 0x000001a3438456a0 flushing nmethod 0x000001a32e506490
Event: 58.140 Thread 0x000001a3438456a0 flushing nmethod 0x000001a32e506c10
Event: 58.140 Thread 0x000001a3438456a0 flushing nmethod 0x000001a32e507390
Event: 58.140 Thread 0x000001a3438456a0 flushing nmethod 0x000001a32e51aa10
Event: 58.140 Thread 0x000001a3438456a0 flushing nmethod 0x000001a32e51ad90
Event: 58.140 Thread 0x000001a3438456a0 flushing nmethod 0x000001a32e56de90
Event: 58.141 Thread 0x000001a3438456a0 flushing nmethod 0x000001a32e59de90
Event: 58.538 loading class java/nio/BufferUnderflowException
Event: 58.538 loading class java/nio/BufferUnderflowException done


Dynamic libraries:
0x00007ff797350000 - 0x00007ff79735a000 	C:\Program Files\Android\Android Studio\jbr\bin\java.exe
0x00007ffe8d1b0000 - 0x00007ffe8d3a8000 	C:\Windows\SYSTEM32\ntdll.dll
0x00007ffe8cb20000 - 0x00007ffe8cbdd000 	C:\Windows\System32\KERNEL32.DLL
0x00007ffe8a8e0000 - 0x00007ffe8abd6000 	C:\Windows\System32\KERNELBASE.dll
0x00007ffe8ad30000 - 0x00007ffe8ae30000 	C:\Windows\System32\ucrtbase.dll
0x00007ffe7d150000 - 0x00007ffe7d167000 	C:\Program Files\Android\Android Studio\jbr\bin\jli.dll
0x00007ffe8c980000 - 0x00007ffe8cb1e000 	C:\Windows\System32\USER32.dll
0x00007ffe8ad00000 - 0x00007ffe8ad22000 	C:\Windows\System32\win32u.dll
0x00007ffe8bff0000 - 0x00007ffe8c01c000 	C:\Windows\System32\GDI32.dll
0x00007ffe8abe0000 - 0x00007ffe8acfa000 	C:\Windows\System32\gdi32full.dll
0x00007ffe8b170000 - 0x00007ffe8b20d000 	C:\Windows\System32\msvcp_win.dll
0x00007ffe7d0c0000 - 0x00007ffe7d0db000 	C:\Program Files\Android\Android Studio\jbr\bin\VCRUNTIME140.dll
0x00007ffe7c340000 - 0x00007ffe7c5da000 	C:\Windows\WinSxS\amd64_microsoft.windows.common-controls_6595b64144ccf1df_6.0.19041.1110_none_60b5254171f9507e\COMCTL32.dll
0x00007ffe8c610000 - 0x00007ffe8c6ae000 	C:\Windows\System32\msvcrt.dll
0x00007ffe8b960000 - 0x00007ffe8b990000 	C:\Windows\System32\IMM32.DLL
0x00007ffe7d0b0000 - 0x00007ffe7d0bc000 	C:\Program Files\Android\Android Studio\jbr\bin\vcruntime140_1.dll
0x00007ffe640d0000 - 0x00007ffe6415d000 	C:\Program Files\Android\Android Studio\jbr\bin\msvcp140.dll
0x00007ffe5eed0000 - 0x00007ffe5fb3d000 	C:\Program Files\Android\Android Studio\jbr\bin\server\jvm.dll
0x00007ffe8d040000 - 0x00007ffe8d0ee000 	C:\Windows\System32\ADVAPI32.dll
0x00007ffe8c8e0000 - 0x00007ffe8c97c000 	C:\Windows\System32\sechost.dll
0x00007ffe8cbe0000 - 0x00007ffe8cd06000 	C:\Windows\System32\RPCRT4.dll
0x00007ffe82ff0000 - 0x00007ffe82ff9000 	C:\Windows\SYSTEM32\WSOCK32.dll
0x00007ffe82150000 - 0x00007ffe82177000 	C:\Windows\SYSTEM32\WINMM.dll
0x00007ffe8c870000 - 0x00007ffe8c8db000 	C:\Windows\System32\WS2_32.dll
0x00007ffe82140000 - 0x00007ffe8214a000 	C:\Windows\SYSTEM32\VERSION.dll
0x00007ffe890b0000 - 0x00007ffe890c2000 	C:\Windows\SYSTEM32\kernel.appcore.dll
0x00007ffe81db0000 - 0x00007ffe81dba000 	C:\Program Files\Android\Android Studio\jbr\bin\jimage.dll
0x00007ffe88c90000 - 0x00007ffe88e74000 	C:\Windows\SYSTEM32\DBGHELP.DLL
0x00007ffe7a150000 - 0x00007ffe7a184000 	C:\Windows\SYSTEM32\dbgcore.DLL
0x00007ffe8b040000 - 0x00007ffe8b0c2000 	C:\Windows\System32\bcryptPrimitives.dll
0x00007ffe77b20000 - 0x00007ffe77b45000 	C:\Program Files\Android\Android Studio\jbr\bin\java.dll
0x00007ffe7c100000 - 0x00007ffe7c118000 	C:\Program Files\Android\Android Studio\jbr\bin\zip.dll
0x00007ffe8b210000 - 0x00007ffe8b955000 	C:\Windows\System32\SHELL32.dll
0x00007ffe88430000 - 0x00007ffe88bcb000 	C:\Windows\SYSTEM32\windows.storage.dll
0x00007ffe8b990000 - 0x00007ffe8bce4000 	C:\Windows\System32\combase.dll
0x00007ffe8a260000 - 0x00007ffe8a28e000 	C:\Windows\SYSTEM32\Wldp.dll
0x00007ffe8cd40000 - 0x00007ffe8cded000 	C:\Windows\System32\SHCORE.dll
0x00007ffe8bcf0000 - 0x00007ffe8bd45000 	C:\Windows\System32\shlwapi.dll
0x00007ffe8a7c0000 - 0x00007ffe8a7e5000 	C:\Windows\SYSTEM32\profapi.dll
0x00007ffe7b1e0000 - 0x00007ffe7b1f9000 	C:\Program Files\Android\Android Studio\jbr\bin\net.dll
0x00007ffe7d3b0000 - 0x00007ffe7d4ba000 	C:\Windows\SYSTEM32\WINHTTP.dll
0x00007ffe89f60000 - 0x00007ffe89fca000 	C:\Windows\system32\mswsock.dll
0x00007ffe7a210000 - 0x00007ffe7a226000 	C:\Program Files\Android\Android Studio\jbr\bin\nio.dll
0x00007ffe87b00000 - 0x00007ffe87b10000 	C:\Program Files\Android\Android Studio\jbr\bin\verify.dll
0x00007ffe7e690000 - 0x00007ffe7e6b7000 	C:\Users\ASUS\.gradle\native\68d5fa5c4cc2d200863cafc0d521ce42e7d3e7ee720ec0a83991735586a16f82\windows-amd64\native-platform.dll
0x00007ffe26cc0000 - 0x00007ffe26e04000 	C:\Users\ASUS\.gradle\native\e376f236ea51e6404a007f0833ffe2c6e607c4080706a723a18a27aeea778392\windows-amd64\native-platform-file-events.dll
0x00007ffe81bf0000 - 0x00007ffe81bf9000 	C:\Program Files\Android\Android Studio\jbr\bin\management.dll
0x00007ffe813b0000 - 0x00007ffe813bb000 	C:\Program Files\Android\Android Studio\jbr\bin\management_ext.dll
0x00007ffe8c780000 - 0x00007ffe8c788000 	C:\Windows\System32\PSAPI.DLL
0x00007ffe8a1b0000 - 0x00007ffe8a1c8000 	C:\Windows\SYSTEM32\CRYPTSP.dll
0x00007ffe89870000 - 0x00007ffe898a4000 	C:\Windows\system32\rsaenh.dll
0x00007ffe8b0d0000 - 0x00007ffe8b0f7000 	C:\Windows\System32\bcrypt.dll
0x00007ffe8a740000 - 0x00007ffe8a76e000 	C:\Windows\SYSTEM32\USERENV.dll
0x00007ffe8a1d0000 - 0x00007ffe8a1dc000 	C:\Windows\SYSTEM32\CRYPTBASE.dll
0x00007ffe89c50000 - 0x00007ffe89c8b000 	C:\Windows\SYSTEM32\IPHLPAPI.DLL
0x00007ffe8cd30000 - 0x00007ffe8cd38000 	C:\Windows\System32\NSI.dll
0x00007ffe80830000 - 0x00007ffe80847000 	C:\Windows\SYSTEM32\dhcpcsvc6.DLL
0x00007ffe80920000 - 0x00007ffe8093d000 	C:\Windows\SYSTEM32\dhcpcsvc.DLL
0x00007ffe89ca0000 - 0x00007ffe89d6a000 	C:\Windows\SYSTEM32\DNSAPI.dll
0x00007ffe87af0000 - 0x00007ffe87af7000 	C:\Windows\system32\wshunix.dll

dbghelp: loaded successfully - version: 4.0.5 - missing functions: none
symbol engine: initialized successfully - sym options: 0x614 - pdb path: .;C:\Program Files\Android\Android Studio\jbr\bin;C:\Windows\SYSTEM32;C:\Windows\WinSxS\amd64_microsoft.windows.common-controls_6595b64144ccf1df_6.0.19041.1110_none_60b5254171f9507e;C:\Program Files\Android\Android Studio\jbr\bin\server;C:\Users\ASUS\.gradle\native\68d5fa5c4cc2d200863cafc0d521ce42e7d3e7ee720ec0a83991735586a16f82\windows-amd64;C:\Users\ASUS\.gradle\native\e376f236ea51e6404a007f0833ffe2c6e607c4080706a723a18a27aeea778392\windows-amd64

VM Arguments:
jvm_args: --add-opens=java.base/java.util=ALL-UNNAMED --add-opens=java.base/java.lang=ALL-UNNAMED --add-opens=java.base/java.lang.invoke=ALL-UNNAMED --add-opens=java.prefs/java.util.prefs=ALL-UNNAMED --add-opens=java.base/java.nio.charset=ALL-UNNAMED --add-opens=java.base/java.net=ALL-UNNAMED --add-opens=java.base/java.util.concurrent.atomic=ALL-UNNAMED -Xmx2048m -Dfile.encoding=UTF-8 -Duser.country=ID -Duser.language=en -Duser.variant 
java_command: org.gradle.launcher.daemon.bootstrap.GradleDaemon 8.0
java_class_path (initial): C:\Users\ASUS\.gradle\wrapper\dists\gradle-8.0-bin\ca5e32bp14vu59qr306oxotwh\gradle-8.0\lib\gradle-launcher-8.0.jar
Launcher Type: SUN_STANDARD

[Global flags]
     intx CICompilerCount                          = 2                                         {product} {ergonomic}
     uint ConcGCThreads                            = 1                                         {product} {ergonomic}
     uint G1ConcRefinementThreads                  = 2                                         {product} {ergonomic}
   size_t G1HeapRegionSize                         = 1048576                                   {product} {ergonomic}
    uintx GCDrainStackTargetSize                   = 64                                        {product} {ergonomic}
   size_t InitialHeapSize                          = 192937984                                 {product} {ergonomic}
   size_t MarkStackSize                            = 4194304                                   {product} {ergonomic}
   size_t MaxHeapSize                              = 2147483648                                {product} {command line}
   size_t MaxNewSize                               = 1287651328                                {product} {ergonomic}
   size_t MinHeapDeltaBytes                        = 1048576                                   {product} {ergonomic}
   size_t MinHeapSize                              = 8388608                                   {product} {ergonomic}
    uintx NonNMethodCodeHeapSize                   = 5826188                                {pd product} {ergonomic}
    uintx NonProfiledCodeHeapSize                  = 122916026                              {pd product} {ergonomic}
    uintx ProfiledCodeHeapSize                     = 122916026                              {pd product} {ergonomic}
    uintx ReservedCodeCacheSize                    = 251658240                              {pd product} {ergonomic}
     bool SegmentedCodeCache                       = true                                      {product} {ergonomic}
   size_t SoftMaxHeapSize                          = 2147483648                             {manageable} {ergonomic}
     bool UseCompressedClassPointers               = true                           {product lp64_product} {ergonomic}
     bool UseCompressedOops                        = true                           {product lp64_product} {ergonomic}
     bool UseG1GC                                  = true                                      {product} {ergonomic}
     bool UseLargePagesIndividualAllocation        = false                                  {pd product} {ergonomic}

Logging:
Log output configuration:
 #0: stdout all=warning uptime,level,tags
 #1: stderr all=off uptime,level,tags

Environment Variables:
JAVA_HOME=C:\Program Files\Java\jdk-11
PATH=C:\Program Files\Common Files\Oracle\Java\javapath;C:\Windows\system32;C:\Windows;C:\Windows\System32\Wbem;C:\Windows\System32\WindowsPowerShell\v1.0\;C:\Windows\System32\OpenSSH\;C:\ProgramData\ComposerSetup\bin;C:\Program Files\Git\cmd;C:\Program Files\nodejs\;C:\ProgramData\chocolatey\bin;C:\Users\ASUS\AppData\Local\Programs\Python\Python311\Scripts\;C:\Users\ASUS\AppData\Local\Programs\Python\Python311\;C:\Users\ASUS\AppData\Local\Microsoft\WindowsApps;C:\Users\ASUS\AppData\Local\Programs\Microsoft VS Code\bin;D:\xampp\php;C:\Users\ASUS\AppData\Roaming\Composer\vendor\bin;C:\Users\ASUS\AppData\Roaming\npm;C:\Users\ASUS\AppData\Local\Android\Sdk\platform-tools;C:\Program Files\Java\jdk-11;C:\Users\ASUS\AppData\Local\GitHubDesktop\bin
USERNAME=Udangoreng
OS=Windows_NT
PROCESSOR_IDENTIFIER=AMD64 Family 21 Model 112 Stepping 0, AuthenticAMD
TMP=C:\Users\ASUS\AppData\Local\Temp
TEMP=C:\Users\ASUS\AppData\Local\Temp



---------------  S Y S T E M  ---------------

OS:
 Windows 10 , 64 bit Build 19041 (10.0.19041.3393)
OS uptime: 2 days 1:43 hours

CPU: total 2 (initial active 2) (2 cores per cpu, 1 threads per core) family 21 model 112 stepping 0 microcode 0x0, cx8, cmov, fxsr, mmx, 3dnowpref, sse, sse2, sse3, ssse3, sse4a, sse4.1, sse4.2, popcnt, lzcnt, tsc, tscinvbit, avx, avx2, aes, clmul, bmi1, bmi2, fma, vzeroupper, clflush

Memory: 4k page, system-wide physical 11723M (3756M free)
TotalPageFile size 13515M (AvailPageFile size 3627M)
current process WorkingSet (physical memory assigned to process): 379M, peak: 379M
current process commit charge ("private bytes"): 558M, peak: 558M

vm_info: OpenJDK 64-Bit Server VM (17.0.6+0-b2043.56-9586694) for windows-amd64 JRE (17.0.6+0-b2043.56-9586694), built on Feb  9 2023 20:06:20 by "androidbuild" with MS VC++ 16.10 / 16.11 (VS2019)

END.
